SF:lib/src/core/slider_normalizer.dart
DA:23,2
DA:26,2
DA:28,4
DA:31,2
DA:53,5
DA:56,2
DA:58,4
DA:61,2
DA:66,2
DA:68,1
DA:72,0
DA:86,1
DA:89,1
DA:90,2
DA:93,1
DA:94,1
DA:96,0
DA:103,0
DA:116,1
DA:117,1
DA:119,1
DA:120,1
DA:121,1
DA:122,1
LF:24
LH:21
end_of_record
SF:lib/src/core/crash_filter.dart
DA:4,0
DA:6,1
DA:7,1
DA:8,2
DA:10,1
DA:11,0
DA:15,1
DA:16,1
DA:17,1
DA:18,1
LF:10
LH:8
end_of_record
SF:lib/src/core/motion.dart
DA:4,0
LF:1
LH:0
end_of_record
SF:lib/src/core/ble_service.dart
DA:21,0
DA:22,0
DA:23,0
DA:48,0
DA:51,0
DA:52,0
DA:56,0
DA:57,0
DA:58,0
DA:60,0
DA:61,0
DA:62,0
DA:64,0
DA:67,0
DA:68,0
DA:69,0
DA:70,0
DA:71,0
DA:72,0
DA:73,0
DA:74,0
DA:79,0
DA:80,0
DA:81,0
DA:82,0
DA:84,0
DA:89,0
DA:90,0
DA:91,0
DA:94,0
DA:95,0
DA:100,0
DA:103,0
DA:108,0
DA:109,0
DA:110,0
DA:114,0
DA:115,0
DA:116,0
DA:121,0
DA:122,0
DA:124,0
DA:127,0
DA:129,0
DA:130,0
DA:134,0
DA:136,0
DA:139,0
DA:143,0
DA:147,0
DA:148,0
DA:149,0
DA:153,0
DA:154,0
DA:155,0
DA:156,0
DA:160,0
DA:162,0
DA:163,0
DA:164,0
DA:167,0
DA:168,0
DA:172,0
DA:176,0
DA:177,0
DA:183,0
DA:184,0
DA:185,0
DA:187,0
DA:190,0
DA:191,0
DA:192,0
DA:193,0
DA:197,0
DA:199,0
DA:205,0
DA:207,0
DA:208,0
DA:209,0
DA:211,0
DA:215,0
DA:216,0
DA:217,0
DA:218,0
DA:220,0
DA:221,0
DA:222,0
DA:228,0
DA:229,0
DA:237,2
DA:242,1
DA:244,2
DA:245,2
DA:246,2
DA:248,2
DA:250,2
DA:251,2
DA:252,2
DA:254,1
DA:259,1
DA:262,1
DA:263,1
DA:264,1
DA:271,2
DA:272,2
DA:273,1
DA:284,2
DA:285,2
DA:286,2
DA:287,0
DA:289,1
DA:292,4
DA:293,3
DA:295,3
DA:297,1
LF:115
LH:25
end_of_record
SF:lib/src/core/android_integration_service.dart
DA:13,0
DA:14,0
DA:21,0
DA:22,0
DA:23,0
DA:24,0
DA:25,0
DA:26,0
DA:27,0
DA:32,0
DA:33,0
DA:35,0
DA:42,0
DA:43,0
DA:44,0
DA:49,0
DA:50,0
DA:51,0
DA:56,0
DA:57,0
DA:58,0
DA:63,0
DA:64,0
DA:65,0
DA:70,0
DA:71,0
DA:72,0
LF:27
LH:0
end_of_record
SF:lib/src/core/api_client.dart
DA:14,0
DA:15,0
DA:16,0
DA:30,0
DA:40,0
DA:43,0
DA:46,0
DA:48,0
DA:51,0
DA:52,0
DA:53,0
DA:55,0
DA:59,0
DA:60,0
DA:64,0
DA:65,0
DA:67,0
DA:68,0
DA:69,0
DA:71,0
DA:72,0
DA:74,0
DA:75,0
DA:79,0
DA:83,0
DA:96,0
DA:102,0
DA:113,3
DA:119,0
DA:120,0
DA:121,0
DA:122,0
DA:124,0
DA:125,0
DA:126,0
DA:127,0
DA:131,0
DA:133,0
DA:135,0
DA:137,0
DA:139,0
DA:141,0
DA:143,0
DA:145,0
DA:147,0
DA:154,1
DA:155,3
DA:161,0
DA:162,0
LF:49
LH:3
end_of_record
SF:lib/src/core/background_service.dart
DA:23,0
DA:24,0
DA:39,0
DA:40,0
DA:49,0
DA:67,0
DA:68,0
DA:69,0
DA:73,0
DA:79,0
DA:83,0
DA:85,0
DA:86,0
DA:95,0
DA:96,0
DA:97,0
DA:98,0
DA:99,0
DA:102,0
DA:103,0
DA:107,0
DA:109,0
DA:110,0
DA:111,0
DA:112,0
DA:120,0
DA:122,0
DA:124,0
DA:126,0
DA:127,0
DA:128,0
DA:129,0
DA:130,0
DA:131,0
DA:132,0
DA:133,0
DA:137,0
DA:141,0
DA:145,0
DA:146,0
DA:147,0
DA:148,0
DA:151,0
DA:154,0
DA:155,0
DA:157,0
DA:158,0
DA:160,0
DA:162,0
DA:165,0
DA:167,0
DA:168,0
DA:169,0
DA:174,0
DA:178,0
DA:179,0
DA:182,0
DA:183,0
DA:187,0
DA:188,0
DA:189,0
DA:191,0
DA:200,0
DA:202,0
DA:205,0
DA:206,0
DA:207,0
DA:211,0
DA:215,0
DA:216,0
DA:217,0
DA:220,0
DA:221,0
DA:224,0
DA:225,0
DA:227,0
DA:234,0
DA:248,0
DA:249,0
DA:251,0
DA:252,0
DA:253,0
DA:258,0
DA:259,0
DA:261,0
DA:268,0
DA:271,0
DA:294,0
DA:300,0
DA:303,0
DA:305,0
DA:306,0
DA:308,0
DA:323,0
DA:326,0
DA:351,0
DA:357,0
DA:358,0
DA:359,0
DA:362,0
DA:363,0
DA:364,0
DA:365,0
DA:367,0
DA:368,0
DA:369,0
DA:374,0
DA:376,0
DA:390,0
DA:391,0
DA:403,0
LF:111
LH:0
end_of_record
SF:lib/src/core/firebase_options_dev.dart
DA:18,0
DA:20,0
DA:25,0
DA:26,0
DA:28,0
DA:30,0
DA:31,0
DA:35,0
DA:36,0
DA:40,0
DA:41,0
DA:46,0
LF:12
LH:0
end_of_record
SF:lib/src/core/firebase_options_prod.dart
DA:18,0
DA:22,0
DA:23,0
DA:25,0
DA:27,0
DA:29,0
DA:31,0
DA:32,0
DA:37,0
LF:9
LH:0
end_of_record
SF:lib/src/core/geo_service.dart
DA:26,0
DA:27,0
DA:28,0
DA:65,0
DA:66,0
DA:67,0
DA:68,0
DA:69,0
DA:70,0
DA:73,0
DA:74,0
DA:78,0
DA:79,0
DA:80,0
DA:81,0
DA:82,0
DA:83,0
DA:84,0
DA:85,0
DA:87,0
DA:91,0
DA:94,0
DA:95,0
DA:102,0
DA:106,0
DA:108,0
DA:109,0
DA:110,0
DA:112,0
DA:116,0
DA:117,0
DA:118,0
DA:119,0
DA:120,0
DA:121,0
DA:134,0
DA:135,0
DA:136,0
DA:139,0
DA:140,0
DA:141,0
DA:149,0
DA:156,0
DA:157,0
DA:164,0
DA:169,0
DA:170,0
DA:171,0
DA:172,0
DA:182,0
DA:183,0
DA:184,0
DA:186,0
DA:187,0
DA:188,0
DA:194,0
DA:195,0
DA:196,0
DA:197,0
DA:199,0
DA:203,0
DA:205,0
DA:208,0
DA:215,0
DA:216,0
DA:223,0
DA:224,0
DA:225,0
DA:226,0
DA:227,0
DA:228,0
DA:229,0
DA:230,0
DA:231,0
DA:233,0
DA:235,0
DA:238,0
DA:239,0
DA:249,0
DA:250,0
DA:251,0
DA:257,0
DA:261,0
DA:262,0
DA:267,0
DA:272,0
DA:273,0
DA:275,0
LF:88
LH:0
end_of_record
SF:lib/src/core/native_motion_service.dart
DA:8,0
DA:9,0
DA:17,0
DA:18,0
DA:21,0
DA:23,0
DA:25,0
DA:30,0
DA:31,0
DA:35,0
DA:36,0
DA:40,0
DA:41,0
LF:13
LH:0
end_of_record
SF:lib/src/core/ble_restore_service.dart
DA:19,3
DA:20,2
DA:21,1
DA:32,1
DA:33,1
DA:34,1
DA:37,3
DA:38,1
DA:39,0
DA:40,0
DA:44,2
DA:47,0
DA:48,0
DA:49,0
DA:50,0
DA:53,0
DA:54,0
DA:56,0
DA:57,0
DA:61,0
DA:65,0
DA:66,0
DA:69,0
DA:70,0
DA:71,0
DA:76,0
DA:81,0
DA:82,0
DA:83,0
DA:84,0
DA:85,0
DA:86,0
DA:88,0
DA:92,0
DA:96,0
DA:97,0
DA:98,0
DA:102,0
DA:104,0
DA:105,0
LF:40
LH:9
end_of_record
SF:lib/src/core/consent_service.dart
DA:18,0
DA:20,0
DA:21,0
DA:24,0
DA:25,0
DA:26,0
DA:27,0
DA:31,0
DA:32,0
DA:33,0
DA:34,0
DA:38,2
DA:39,1
DA:52,0
DA:53,0
DA:71,0
DA:72,0
DA:77,0
DA:78,0
DA:88,0
DA:89,0
DA:91,0
DA:94,0
DA:95,0
DA:97,0
LF:25
LH:2
end_of_record
SF:lib/src/core/notification_service.dart
DA:20,0
DA:22,0
DA:23,0
DA:27,0
DA:28,0
DA:29,0
DA:30,0
DA:31,0
DA:33,0
DA:36,0
DA:39,0
DA:42,0
DA:44,0
DA:51,0
DA:52,0
DA:55,0
DA:56,0
DA:57,0
DA:58,0
DA:60,0
DA:63,0
DA:92,2
DA:93,1
DA:108,0
DA:109,0
DA:113,1
DA:140,1
DA:141,1
DA:143,1
DA:144,1
DA:148,1
DA:151,1
DA:157,1
DA:160,1
DA:162,1
DA:163,1
DA:167,1
DA:172,1
DA:174,1
DA:175,1
DA:177,1
DA:179,1
DA:182,1
DA:184,1
DA:185,1
DA:186,1
DA:192,1
DA:199,2
DA:200,1
DA:203,0
DA:204,0
DA:205,0
DA:206,0
DA:210,0
DA:213,0
DA:215,0
DA:216,0
DA:218,0
DA:221,0
DA:222,0
DA:234,0
DA:235,0
DA:236,0
DA:237,0
DA:240,0
DA:241,0
DA:242,0
DA:244,0
DA:246,0
DA:251,0
DA:253,0
DA:258,0
DA:259,0
DA:261,0
DA:262,0
DA:264,0
DA:265,0
DA:266,0
DA:267,0
DA:268,0
DA:273,0
DA:280,0
DA:285,0
DA:287,0
DA:289,0
DA:296,0
DA:298,0
DA:299,0
DA:302,0
DA:303,0
DA:304,0
DA:305,0
DA:306,0
DA:307,0
DA:309,0
DA:316,0
DA:317,0
DA:319,0
DA:321,0
DA:327,1
DA:331,1
DA:332,0
DA:334,1
DA:336,0
DA:337,0
DA:338,0
DA:339,0
DA:340,0
DA:343,3
DA:349,0
DA:350,0
DA:351,0
DA:356,0
DA:357,0
DA:358,0
DA:366,0
DA:371,0
DA:383,0
DA:389,0
DA:390,0
DA:392,0
DA:393,0
DA:407,0
DA:409,0
DA:410,0
DA:411,0
DA:412,0
DA:414,0
LF:128
LH:30
end_of_record
SF:lib/src/core/contact_service.dart
DA:13,0
DA:19,0
DA:20,0
DA:21,0
DA:22,0
DA:27,0
DA:28,0
DA:31,0
DA:32,0
DA:33,0
DA:34,0
DA:38,0
DA:41,0
DA:43,0
DA:49,0
DA:51,0
DA:56,0
DA:58,0
DA:59,0
DA:60,0
DA:61,0
DA:63,0
DA:69,0
DA:79,0
DA:83,0
DA:86,0
DA:88,0
DA:91,0
DA:92,0
DA:97,0
DA:99,0
DA:100,0
DA:102,0
DA:107,0
DA:109,0
DA:110,0
DA:111,0
DA:115,0
LF:38
LH:0
end_of_record
SF:lib/src/features/matches/data/match_repository.dart
DA:18,0
DA:24,0
DA:25,0
DA:26,0
DA:27,0
DA:28,0
DA:79,5
DA:118,0
DA:119,0
DA:120,0
DA:121,0
DA:122,0
DA:123,0
DA:125,0
DA:127,0
DA:129,0
DA:130,0
DA:131,0
DA:132,0
DA:133,0
DA:134,0
DA:135,0
DA:136,0
DA:137,0
DA:138,0
DA:139,0
DA:140,0
DA:141,0
DA:142,0
DA:143,0
DA:144,0
DA:145,0
DA:146,0
DA:147,0
DA:148,0
DA:149,0
DA:150,0
DA:151,0
DA:152,0
DA:153,0
DA:154,0
DA:155,0
DA:158,0
DA:159,0
DA:165,0
DA:167,0
DA:168,0
DA:180,0
DA:181,0
DA:182,0
DA:184,0
DA:185,0
DA:189,0
DA:194,0
DA:202,0
DA:207,0
DA:215,0
DA:216,0
DA:226,0
DA:227,0
DA:228,0
DA:229,0
DA:230,0
DA:231,0
DA:242,0
DA:246,0
DA:247,0
DA:250,0
DA:252,0
DA:256,0
DA:261,0
DA:267,0
DA:274,0
DA:277,0
DA:280,0
DA:300,0
DA:301,0
DA:303,0
DA:304,0
DA:305,0
DA:306,0
DA:307,0
DA:323,3
DA:333,0
DA:339,0
DA:340,0
DA:341,0
DA:347,0
DA:350,0
DA:351,0
DA:352,0
DA:353,0
DA:354,0
DA:355,0
DA:364,0
DA:366,0
DA:367,0
DA:371,0
DA:372,0
DA:373,0
DA:374,0
DA:379,0
DA:384,0
DA:392,0
DA:393,0
DA:397,0
DA:398,0
DA:399,0
DA:400,0
DA:401,0
DA:406,0
DA:407,0
DA:415,0
DA:416,0
DA:417,0
DA:418,0
DA:420,0
DA:421,0
LF:118
LH:2
end_of_record
SF:lib/src/core/event_geofence_service.dart
DA:18,0
DA:44,0
DA:45,0
DA:46,0
DA:50,0
DA:51,0
DA:52,0
DA:53,0
DA:54,0
DA:55,0
DA:58,0
DA:59,0
DA:60,0
DA:61,0
DA:62,0
DA:63,0
DA:73,0
DA:74,0
DA:75,0
DA:76,0
DA:77,0
DA:80,0
DA:83,0
DA:84,0
DA:86,0
DA:87,0
DA:88,0
DA:90,0
DA:102,0
DA:103,0
DA:104,0
DA:108,0
DA:109,0
DA:110,0
DA:113,0
DA:114,0
DA:115,0
DA:116,0
DA:117,0
DA:118,0
DA:119,0
DA:121,0
DA:122,0
DA:126,0
DA:129,0
DA:131,0
DA:132,0
DA:138,0
DA:139,0
DA:140,0
LF:50
LH:0
end_of_record
SF:lib/src/features/map/domain/safe_zone_repository.dart
DA:8,0
DA:9,0
DA:14,3
DA:16,0
DA:33,0
DA:34,0
DA:35,0
DA:36,0
DA:39,0
DA:40,0
DA:41,0
DA:44,0
DA:45,0
DA:48,0
DA:49,0
DA:50,0
DA:51,0
DA:54,0
DA:55,0
DA:56,0
DA:57,0
DA:60,0
DA:63,0
DA:64,0
DA:68,0
DA:69,0
DA:72,0
DA:74,0
DA:75,0
DA:79,0
DA:80,0
DA:81,0
LF:32
LH:1
end_of_record
SF:lib/src/core/hobby_data.dart
DA:618,0
DA:619,0
DA:620,0
DA:621,0
DA:622,0
DA:623,0
DA:625,0
LF:7
LH:0
end_of_record
SF:lib/src/core/hobby_utils.dart
DA:4,4
DA:5,4
DA:6,0
DA:8,0
DA:9,0
DA:10,0
DA:12,0
DA:14,0
DA:15,0
DA:16,0
DA:18,0
DA:23,0
DA:54,0
DA:55,0
DA:56,0
DA:57,0
DA:59,0
DA:63,0
DA:70,0
DA:72,0
DA:73,0
LF:21
LH:2
end_of_record
SF:lib/src/core/ios_integration_service.dart
DA:13,0
DA:14,0
DA:22,0
DA:23,0
DA:24,0
DA:25,0
DA:26,0
DA:27,0
DA:28,0
DA:33,0
DA:34,0
DA:36,0
DA:41,0
DA:42,0
DA:46,0
DA:47,0
DA:52,0
DA:53,0
DA:54,0
DA:58,0
DA:59,0
DA:60,0
DA:66,0
DA:67,0
LF:24
LH:0
end_of_record
SF:lib/src/core/map_provider.dart
DA:26,0
DA:40,0
DA:42,0
DA:43,0
DA:44,0
DA:46,0
DA:47,0
DA:49,0
DA:50,0
DA:52,0
LF:10
LH:0
end_of_record
SF:lib/src/core/places_service.dart
DA:17,1
DA:18,1
DA:19,0
DA:20,0
DA:22,1
DA:32,0
DA:39,0
DA:40,0
DA:41,0
DA:42,0
DA:43,0
DA:44,0
DA:45,0
DA:50,0
DA:51,0
DA:52,0
DA:62,0
DA:96,0
DA:107,0
DA:110,0
DA:111,0
DA:113,0
DA:117,0
DA:118,0
DA:119,0
DA:124,0
DA:125,0
DA:126,0
DA:128,0
DA:130,0
DA:133,0
DA:136,0
DA:137,0
DA:138,0
DA:139,0
DA:141,0
DA:143,0
DA:144,0
DA:145,0
DA:146,0
DA:147,0
DA:148,0
DA:149,0
DA:157,0
DA:159,0
DA:161,0
DA:162,0
DA:163,0
DA:166,0
DA:167,0
DA:168,0
DA:169,0
DA:170,0
DA:171,0
DA:172,0
DA:173,0
DA:175,0
DA:176,0
DA:185,0
DA:190,0
DA:191,0
DA:193,0
DA:195,0
DA:198,0
DA:201,0
DA:202,0
DA:203,0
DA:207,0
DA:208,0
DA:209,0
DA:216,0
DA:217,0
DA:218,0
DA:219,0
DA:221,0
DA:223,0
DA:224,0
DA:225,0
DA:230,0
DA:232,0
DA:234,0
DA:235,0
DA:236,0
DA:238,0
DA:241,0
DA:244,0
DA:245,0
DA:246,0
DA:247,0
DA:248,0
DA:249,0
DA:250,0
DA:251,0
DA:253,0
DA:254,0
DA:263,0
DA:264,0
DA:266,0
DA:269,0
DA:270,0
DA:273,0
DA:275,0
DA:276,0
DA:279,0
DA:281,0
DA:283,0
DA:284,0
DA:288,0
DA:289,0
DA:292,0
DA:293,0
DA:296,0
DA:297,0
DA:298,0
DA:302,0
DA:305,0
DA:306,0
DA:314,3
DA:315,0
DA:316,0
LF:120
LH:4
end_of_record
SF:lib/src/core/radar_integration_service.dart
DA:8,1
DA:10,3
DA:13,1
DA:14,1
DA:15,0
DA:16,1
DA:17,0
DA:23,0
DA:24,0
DA:25,0
DA:26,0
DA:27,0
DA:32,0
DA:33,0
DA:34,0
DA:35,0
DA:36,0
DA:41,0
DA:42,0
DA:43,0
DA:44,0
DA:45,0
DA:50,0
DA:51,0
DA:52,0
DA:53,0
DA:54,0
DA:61,0
DA:62,0
DA:63,0
DA:65,0
DA:70,0
DA:71,0
DA:72,0
DA:73,0
DA:74,0
LF:36
LH:5
end_of_record
SF:lib/src/core/router.dart
DA:41,0
DA:49,1
DA:65,2
DA:67,1
DA:68,1
DA:74,2
DA:80,2
DA:83,1
DA:85,3
DA:90,1
DA:91,2
DA:95,1
DA:99,1
DA:100,2
DA:104,2
DA:105,1
DA:110,2
DA:118,1
DA:121,2
DA:122,1
DA:129,2
DA:130,1
DA:141,3
DA:142,1
DA:147,1
DA:149,1
DA:152,2
DA:161,3
DA:163,0
DA:180,0
DA:184,0
DA:185,0
DA:188,0
DA:189,0
DA:190,0
DA:191,0
DA:192,0
DA:198,0
DA:199,0
DA:200,0
DA:203,0
DA:206,0
DA:209,0
DA:210,0
DA:212,0
DA:220,0
DA:221,0
DA:222,0
DA:224,0
DA:225,0
DA:226,0
DA:227,0
DA:229,0
DA:231,0
DA:234,0
DA:236,0
DA:237,0
DA:238,0
DA:240,0
DA:241,0
DA:243,0
DA:247,0
DA:276,0
DA:279,0
DA:280,0
DA:281,0
DA:282,0
DA:289,0
DA:291,0
DA:292,0
DA:293,0
DA:294,0
DA:295,0
DA:297,0
DA:298,0
DA:306,0
DA:308,0
DA:309,0
DA:310,0
DA:317,0
DA:318,0
DA:333,0
DA:334,0
DA:335,0
DA:337,0
DA:339,0
DA:340,0
DA:341,0
DA:346,0
DA:347,0
DA:348,0
DA:349,0
DA:350,0
DA:355,0
DA:357,0
DA:362,0
DA:364,0
DA:365,0
DA:366,0
DA:372,0
DA:373,0
DA:374,0
DA:376,0
DA:377,0
DA:380,0
DA:381,0
DA:383,0
DA:385,0
DA:387,0
DA:389,0
DA:391,0
DA:393,0
DA:395,0
DA:397,0
DA:404,0
DA:405,0
DA:406,0
DA:408,0
DA:409,0
DA:415,0
DA:417,0
DA:418,0
DA:420,0
DA:424,0
DA:427,0
DA:429,0
DA:431,0
DA:433,0
DA:435,0
DA:437,0
DA:440,0
DA:442,0
DA:445,0
DA:447,0
DA:449,0
DA:451,0
DA:453,0
DA:455,0
DA:457,0
DA:459,0
DA:461,0
DA:463,0
DA:465,0
DA:467,0
DA:470,0
DA:473,0
DA:474,0
DA:475,0
DA:476,0
DA:477,0
DA:478,0
DA:482,0
DA:485,0
DA:486,0
DA:490,0
DA:494,0
DA:495,0
DA:496,0
DA:497,0
DA:498,0
DA:499,0
DA:500,0
DA:501,0
DA:502,0
DA:505,0
DA:506,0
DA:507,0
DA:508,0
DA:509,0
DA:515,0
DA:516,0
DA:517,0
DA:519,0
DA:526,0
DA:527,0
DA:529,0
DA:530,0
DA:532,0
DA:539,0
DA:540,0
DA:541,0
DA:542,0
DA:545,0
DA:557,0
DA:559,0
DA:560,0
DA:567,0
DA:568,0
DA:577,3
DA:579,0
DA:581,0
DA:585,0
DA:587,0
DA:588,0
DA:589,0
DA:590,0
DA:591,0
DA:592,0
DA:594,0
DA:600,0
LF:200
LH:28
end_of_record
SF:lib/src/features/auth/presentation/login_screen.dart
DA:18,3
DA:41,3
DA:43,0
DA:45,0
DA:50,0
DA:52,0
DA:61,0
DA:63,0
DA:64,0
DA:65,0
DA:68,0
DA:69,0
DA:70,0
DA:71,0
DA:72,0
DA:74,0
DA:76,0
DA:78,0
DA:80,0
DA:82,0
DA:91,0
DA:92,0
DA:94,0
DA:96,0
DA:97,0
DA:98,0
DA:102,0
DA:106,0
DA:107,0
DA:108,0
DA:111,0
DA:113,0
DA:114,0
DA:115,0
DA:121,0
DA:123,0
DA:124,0
DA:125,0
DA:126,0
DA:127,0
DA:129,0
DA:130,0
DA:131,0
DA:133,0
DA:135,0
DA:136,0
DA:137,0
DA:138,0
DA:140,0
DA:141,0
DA:142,0
DA:146,0
DA:148,0
DA:150,0
DA:153,0
DA:156,0
DA:163,0
DA:164,0
DA:165,0
DA:167,0
DA:168,0
DA:169,0
DA:170,0
DA:177,0
DA:178,0
DA:179,0
DA:180,0
DA:181,0
DA:182,0
DA:183,0
DA:184,0
DA:185,0
DA:186,0
DA:187,0
DA:188,0
DA:189,0
DA:190,0
DA:191,0
DA:192,0
DA:193,0
DA:195,0
DA:197,0
DA:198,0
DA:199,0
DA:200,0
DA:203,0
DA:204,0
DA:205,0
DA:206,0
DA:212,0
DA:213,0
DA:214,0
DA:215,0
DA:216,0
DA:217,0
DA:218,0
DA:219,0
DA:220,0
DA:221,0
DA:222,0
DA:223,0
DA:224,0
DA:225,0
DA:226,0
DA:227,0
DA:228,0
DA:229,0
DA:230,0
DA:231,0
DA:234,0
DA:235,0
DA:236,0
DA:237,0
DA:240,0
DA:241,0
DA:243,0
DA:245,0
DA:247,0
DA:248,0
DA:249,0
DA:250,0
DA:253,0
DA:254,0
DA:255,0
DA:256,0
DA:262,0
DA:264,0
DA:265,0
DA:266,0
DA:267,0
DA:268,0
DA:269,0
DA:270,0
DA:271,0
DA:272,0
DA:273,0
DA:274,0
DA:275,0
DA:277,0
DA:278,0
DA:279,0
DA:280,0
DA:287,0
DA:288,0
DA:289,0
DA:291,0
DA:292,0
DA:293,0
DA:294,0
DA:295,0
DA:296,0
DA:301,0
DA:303,0
DA:304,0
DA:305,0
DA:307,0
DA:308,0
DA:310,0
DA:320,0
DA:321,0
DA:322,0
DA:323,0
DA:329,0
DA:330,0
DA:332,0
DA:338,0
DA:339,0
DA:340,0
DA:341,0
DA:351,0
DA:352,0
DA:353,0
DA:354,0
DA:356,0
DA:358,0
DA:361,0
DA:365,0
DA:366,0
DA:368,0
DA:372,0
DA:373,0
DA:374,0
DA:375,0
DA:376,0
DA:377,0
DA:378,0
DA:380,0
DA:387,0
DA:394,0
DA:397,0
DA:398,0
DA:399,0
DA:402,0
DA:404,0
DA:405,0
DA:406,0
DA:407,0
DA:409,0
DA:410,0
DA:413,0
DA:415,0
DA:416,0
DA:419,0
DA:421,0
DA:422,0
DA:423,0
DA:424,0
DA:443,0
DA:451,0
DA:453,0
DA:455,0
DA:456,0
DA:457,0
DA:458,0
DA:459,0
DA:467,0
DA:470,0
DA:471,0
DA:472,0
DA:475,0
DA:477,0
DA:482,0
DA:484,0
DA:491,0
DA:492,0
DA:493,0
DA:494,0
DA:495,0
DA:500,0
DA:502,0
DA:503,0
DA:504,0
DA:505,0
DA:508,0
DA:512,0
DA:513,0
DA:514,0
DA:517,0
DA:518,0
DA:519,0
DA:520,0
DA:530,0
DA:550,3
DA:561,0
DA:563,0
DA:572,3
DA:582,0
DA:584,0
DA:588,0
DA:598,0
DA:614,0
DA:616,0
DA:618,0
DA:619,0
DA:620,0
DA:621,0
DA:624,0
DA:625,0
DA:626,0
DA:627,0
DA:629,0
DA:631,0
DA:632,0
DA:634,0
DA:635,0
DA:637,0
DA:638,0
DA:640,0
DA:641,0
LF:269
LH:4
end_of_record
SF:lib/src/features/auth/presentation/registration_flow.dart
DA:66,1
DA:73,2
DA:77,1
DA:79,6
DA:80,1
DA:81,1
DA:82,1
DA:83,1
DA:90,2
DA:93,0
DA:94,0
DA:95,0
DA:96,0
DA:100,1
DA:101,1
DA:102,1
DA:103,2
DA:110,1
DA:111,1
DA:112,0
DA:115,1
DA:118,4
DA:123,0
DA:128,0
DA:135,0
DA:181,3
DA:183,1
DA:184,1
DA:199,1
DA:201,1
DA:202,3
DA:203,2
DA:205,4
DA:207,2
DA:210,3
DA:211,2
DA:212,2
DA:213,1
DA:215,0
DA:217,0
DA:218,0
DA:220,0
DA:223,0
DA:226,3
DA:313,1
DA:314,3
DA:315,1
DA:317,1
DA:321,1
DA:322,3
DA:325,1
DA:326,2
DA:327,0
DA:329,3
DA:330,1
DA:331,0
DA:332,0
DA:333,0
DA:334,0
DA:336,2
DA:337,2
DA:338,2
DA:339,2
DA:340,3
DA:341,2
DA:342,2
DA:344,2
DA:345,3
DA:346,1
DA:347,0
DA:349,2
DA:350,1
DA:351,0
DA:352,0
DA:353,0
DA:355,1
DA:356,0
DA:357,0
DA:358,0
DA:359,0
DA:362,2
DA:363,2
DA:364,2
DA:365,2
DA:366,2
DA:367,2
DA:368,0
DA:369,2
DA:370,0
DA:371,2
DA:374,1
DA:376,2
DA:377,0
DA:381,1
DA:382,3
DA:383,2
DA:387,4
DA:388,2
DA:391,1
DA:392,4
DA:396,1
DA:397,1
DA:398,3
DA:399,3
DA:400,1
DA:401,0
DA:403,1
DA:404,1
DA:405,4
DA:406,0
DA:408,1
DA:409,3
DA:410,0
DA:412,1
DA:413,2
DA:414,1
DA:415,3
DA:416,1
DA:418,7
DA:419,1
DA:420,4
DA:421,4
DA:422,1
DA:423,1
DA:424,1
DA:425,1
DA:426,1
DA:427,1
DA:428,1
DA:431,1
DA:433,1
DA:434,2
DA:435,2
DA:437,0
DA:441,0
DA:442,0
DA:446,0
DA:447,0
DA:455,0
DA:458,0
DA:462,0
DA:467,0
DA:472,0
DA:487,0
DA:488,0
DA:489,0
DA:492,0
DA:496,0
DA:497,0
DA:501,0
DA:505,0
DA:506,0
DA:509,0
DA:513,0
DA:514,0
DA:515,0
DA:520,0
DA:521,0
DA:524,0
DA:525,0
DA:526,0
DA:527,0
DA:528,0
DA:531,0
DA:534,0
DA:535,0
DA:540,0
DA:541,0
DA:542,0
DA:545,0
DA:546,0
DA:548,0
DA:552,0
DA:553,0
DA:554,0
DA:555,0
DA:556,0
DA:562,0
DA:564,0
DA:566,0
DA:568,0
DA:572,0
DA:574,0
DA:576,0
DA:577,0
DA:578,0
DA:579,0
DA:581,0
DA:582,0
DA:583,0
DA:584,0
DA:585,0
DA:591,0
DA:592,0
DA:593,0
DA:594,0
DA:599,0
DA:610,1
DA:612,1
DA:613,3
DA:614,4
DA:615,1
DA:616,1
DA:619,2
DA:622,1
DA:624,5
DA:630,0
DA:632,0
DA:633,0
DA:635,0
DA:640,0
DA:642,0
DA:644,0
DA:645,0
DA:646,0
DA:647,0
DA:649,0
DA:653,0
DA:654,0
DA:655,0
DA:656,0
DA:658,0
DA:663,0
DA:664,0
DA:670,0
DA:672,0
DA:673,0
DA:680,0
DA:681,0
DA:682,0
DA:683,0
DA:684,0
DA:686,0
DA:691,1
DA:694,3
DA:695,2
DA:698,4
DA:706,1
DA:707,0
DA:711,0
DA:718,1
DA:720,0
DA:722,0
DA:723,0
DA:726,1
DA:728,1
DA:729,1
DA:730,1
DA:732,1
DA:733,1
DA:734,1
DA:739,1
DA:740,1
DA:744,1
DA:745,1
DA:747,1
DA:748,1
DA:750,1
DA:751,0
DA:752,1
DA:753,1
DA:755,1
DA:757,1
DA:758,0
DA:759,1
DA:761,1
DA:763,1
DA:764,0
DA:765,1
DA:767,1
DA:769,1
DA:770,0
DA:771,1
DA:775,1
DA:776,1
DA:777,1
DA:778,1
DA:779,0
DA:780,0
DA:781,0
DA:782,0
DA:783,0
DA:784,0
DA:786,0
DA:787,1
DA:789,1
DA:790,1
DA:791,1
DA:792,1
DA:793,1
DA:794,0
DA:795,1
DA:796,1
DA:798,1
DA:799,1
DA:800,0
DA:801,1
DA:802,1
DA:803,1
DA:804,2
DA:805,1
DA:806,1
DA:808,0
DA:809,0
DA:810,0
DA:811,0
DA:812,0
DA:814,0
DA:817,1
DA:818,1
DA:819,0
DA:820,1
DA:821,1
DA:822,1
DA:824,1
DA:825,1
DA:826,0
DA:827,0
DA:828,1
DA:829,0
DA:830,0
DA:831,4
DA:832,0
DA:833,0
DA:834,0
DA:835,0
DA:836,1
DA:837,1
DA:838,1
DA:840,1
DA:841,1
DA:842,1
DA:843,0
DA:844,0
DA:845,0
DA:846,0
DA:847,0
DA:851,0
DA:852,0
DA:854,0
DA:856,0
DA:857,0
DA:861,1
DA:863,1
DA:864,1
DA:865,0
DA:866,1
DA:867,0
DA:868,1
DA:869,1
DA:871,1
DA:872,1
DA:873,0
DA:874,0
DA:875,1
DA:876,0
DA:877,0
DA:878,1
DA:880,1
DA:881,1
DA:882,0
DA:883,0
DA:884,1
DA:885,0
DA:886,0
DA:887,1
DA:889,1
DA:890,1
DA:891,0
DA:892,0
DA:893,0
DA:895,0
DA:898,0
DA:899,1
DA:900,0
DA:901,0
DA:902,1
DA:904,1
DA:905,1
DA:906,0
DA:907,0
DA:908,1
DA:909,0
DA:910,0
DA:911,1
DA:913,1
DA:914,1
DA:915,0
DA:916,0
DA:917,0
DA:918,0
DA:922,0
DA:923,0
DA:925,1
DA:927,1
DA:928,1
DA:929,0
DA:930,0
DA:931,1
DA:932,0
DA:933,0
DA:934,1
DA:936,1
DA:937,1
DA:938,0
DA:939,0
DA:940,0
DA:941,0
DA:944,0
DA:945,0
DA:946,0
DA:947,0
DA:948,0
DA:949,0
DA:952,0
DA:953,0
DA:956,1
DA:958,1
DA:959,1
DA:960,0
DA:961,0
DA:962,1
DA:963,0
DA:964,0
DA:965,1
DA:967,1
DA:968,1
DA:969,0
DA:970,0
DA:971,1
DA:972,0
DA:973,0
DA:974,1
DA:976,1
DA:977,1
DA:978,0
DA:979,0
DA:980,1
DA:981,0
DA:982,0
DA:983,1
DA:985,1
DA:986,1
DA:987,1
DA:988,1
DA:989,0
DA:990,0
DA:991,0
DA:993,0
DA:996,0
DA:997,0
DA:998,0
DA:999,1
DA:1000,1
DA:1002,1
DA:1003,1
DA:1004,1
DA:1005,0
DA:1006,0
DA:1007,0
DA:1008,0
DA:1009,0
DA:1010,1
DA:1011,1
DA:1013,1
DA:1014,1
DA:1015,0
DA:1016,0
DA:1017,0
DA:1019,0
DA:1022,0
DA:1023,1
DA:1024,1
DA:1026,1
DA:1027,1
DA:1028,0
DA:1029,0
DA:1030,0
DA:1031,0
DA:1032,0
DA:1033,1
DA:1034,1
DA:1035,1
DA:1036,1
DA:1038,1
DA:1039,1
DA:1040,1
DA:1041,0
DA:1042,0
DA:1043,1
DA:1044,1
DA:1047,1
DA:1048,1
DA:1049,0
DA:1050,0
DA:1052,0
DA:1053,0
DA:1054,0
DA:1057,0
DA:1058,0
DA:1059,0
DA:1061,1
DA:1062,0
DA:1063,1
DA:1068,1
DA:1069,0
DA:1070,0
DA:1071,0
DA:1073,1
DA:1074,0
DA:1075,2
DA:1080,1
DA:1081,1
DA:1083,1
DA:1084,1
DA:1085,3
DA:1086,1
DA:1093,1
DA:1094,2
DA:1096,1
DA:1097,3
DA:1100,1
DA:1102,1
DA:1103,1
DA:1104,1
DA:1106,1
DA:1107,1
DA:1108,1
DA:1119,0
DA:1120,0
DA:1121,0
DA:1122,0
DA:1123,0
DA:1125,0
DA:1126,0
DA:1127,0
DA:1128,0
DA:1130,0
DA:1132,0
DA:1133,0
DA:1134,0
DA:1135,0
DA:1137,0
DA:1138,0
DA:1140,0
DA:1141,0
DA:1142,0
DA:1143,0
DA:1149,0
DA:1151,0
DA:1159,0
DA:1160,0
DA:1162,0
DA:1163,0
DA:1164,0
DA:1165,0
DA:1166,0
DA:1167,0
DA:1169,0
DA:1170,0
DA:1176,0
DA:1179,0
DA:1181,0
DA:1182,0
DA:1183,0
DA:1184,0
DA:1196,0
DA:1197,0
DA:1198,0
DA:1199,0
DA:1201,0
DA:1203,0
DA:1204,0
DA:1205,0
DA:1206,0
DA:1208,0
DA:1209,0
DA:1210,0
DA:1212,0
DA:1213,0
DA:1218,0
DA:1223,0
DA:1224,0
DA:1225,0
DA:1228,0
DA:1229,0
DA:1230,0
DA:1231,0
DA:1232,0
DA:1233,0
DA:1245,1
DA:1246,1
DA:1247,3
DA:1248,2
DA:1250,3
DA:1253,0
DA:1261,0
DA:1263,0
DA:1264,0
DA:1267,0
DA:1268,0
DA:1270,0
DA:1271,0
DA:1272,0
DA:1273,0
DA:1274,0
DA:1275,0
DA:1277,0
DA:1280,0
DA:1281,0
DA:1284,0
DA:1287,0
DA:1288,0
DA:1289,0
DA:1292,0
DA:1294,0
DA:1297,0
DA:1298,0
DA:1299,0
DA:1307,0
DA:1308,0
DA:1309,0
DA:1311,0
DA:1312,0
DA:1313,0
DA:1316,0
DA:1317,0
DA:1318,0
DA:1320,0
DA:1321,0
DA:1322,0
DA:1323,0
DA:1324,0
DA:1325,0
DA:1326,0
DA:1334,0
DA:1335,0
DA:1337,0
DA:1338,0
DA:1339,0
DA:1349,0
DA:1350,0
DA:1351,0
DA:1353,0
DA:1364,0
DA:1365,0
DA:1370,0
DA:1371,0
DA:1372,0
DA:1373,0
DA:1374,0
DA:1375,0
DA:1376,0
DA:1377,0
DA:1378,0
DA:1379,0
DA:1383,0
DA:1384,0
DA:1399,0
DA:1400,0
DA:1401,0
DA:1402,0
DA:1403,0
DA:1406,0
DA:1414,0
DA:1415,0
DA:1418,0
DA:1419,0
DA:1422,0
DA:1423,0
DA:1425,0
DA:1426,0
DA:1427,0
DA:1428,0
DA:1429,0
DA:1430,0
DA:1432,0
DA:1435,0
DA:1436,0
DA:1439,0
DA:1442,0
DA:1443,0
DA:1444,0
DA:1447,0
DA:1449,0
DA:1452,0
DA:1453,0
DA:1454,0
DA:1462,0
DA:1463,0
DA:1465,0
DA:1466,0
DA:1467,0
DA:1471,0
DA:1472,0
DA:1478,0
DA:1482,0
DA:1483,0
DA:1484,0
DA:1485,0
DA:1486,0
DA:1487,0
DA:1488,0
DA:1489,0
DA:1491,0
DA:1494,0
DA:1496,0
DA:1497,0
DA:1498,0
DA:1500,0
DA:1501,0
DA:1502,0
DA:1503,0
DA:1511,0
DA:1512,0
DA:1513,0
DA:1515,0
DA:1516,0
DA:1517,0
DA:1518,0
DA:1519,0
DA:1520,0
DA:1521,0
DA:1529,0
DA:1530,0
DA:1531,0
DA:1532,0
DA:1542,0
DA:1543,0
DA:1544,0
DA:1546,0
DA:1550,0
DA:1551,0
DA:1553,0
DA:1554,0
DA:1556,0
DA:1558,0
DA:1560,0
DA:1562,0
DA:1563,0
DA:1577,0
DA:1579,0
DA:1580,0
DA:1581,0
DA:1582,0
DA:1585,0
DA:1586,0
DA:1587,0
DA:1590,0
DA:1591,0
DA:1592,0
DA:1593,0
DA:1594,0
DA:1595,0
DA:1596,0
DA:1598,0
DA:1600,0
DA:1603,0
DA:1604,0
DA:1607,0
DA:1610,0
DA:1611,0
DA:1612,0
DA:1615,0
DA:1618,0
DA:1621,0
DA:1623,0
DA:1631,0
DA:1632,0
DA:1635,0
DA:1636,0
DA:1637,0
DA:1638,0
DA:1639,0
DA:1640,0
DA:1642,0
DA:1644,0
DA:1647,0
DA:1648,0
DA:1652,0
DA:1653,0
DA:1654,0
DA:1655,0
DA:1656,0
DA:1657,0
DA:1665,0
DA:1666,0
DA:1668,0
DA:1669,0
DA:1670,0
DA:1680,0
DA:1681,0
DA:1682,0
DA:1683,0
DA:1684,0
DA:1685,0
DA:1686,0
DA:1708,1
DA:1709,3
DA:1710,1
DA:1713,1
DA:1718,4
DA:1720,1
DA:1725,2
DA:1726,1
DA:1727,1
DA:1728,1
DA:1729,1
DA:1730,1
DA:1734,1
DA:1735,0
DA:1739,1
DA:1740,3
DA:1745,2
DA:1746,2
DA:1750,2
DA:1751,2
DA:1753,1
DA:1754,1
DA:1755,2
DA:1756,3
DA:1757,3
DA:1758,1
DA:1759,4
DA:1763,1
DA:1764,3
DA:1766,4
DA:1767,1
DA:1768,2
DA:1773,1
DA:1774,1
DA:1775,2
DA:1776,1
DA:1777,1
DA:1783,3
DA:1786,1
DA:1794,1
DA:1796,2
DA:1797,2
DA:1800,1
DA:1801,1
DA:1802,1
DA:1803,4
DA:1804,0
DA:1806,1
DA:1807,3
DA:1808,0
DA:1810,1
DA:1811,2
DA:1812,1
DA:1813,3
DA:1814,1
DA:1816,7
DA:1817,1
DA:1818,4
DA:1819,4
DA:1820,1
DA:1821,1
DA:1822,1
DA:1823,1
DA:1824,3
DA:1825,3
DA:1829,1
DA:1830,1
DA:1831,1
DA:1832,1
DA:1833,1
DA:1834,1
DA:1835,1
DA:1836,1
DA:1837,1
DA:1838,1
DA:1839,1
DA:1841,1
DA:1842,1
DA:1843,0
DA:1844,1
DA:1845,1
DA:1846,1
DA:1847,1
DA:1848,0
DA:1850,1
DA:1854,3
DA:1855,3
DA:1856,1
DA:1857,1
DA:1858,1
DA:1859,1
DA:1868,4
DA:1869,4
DA:1874,1
DA:1875,1
DA:1879,2
DA:1880,0
DA:1881,0
DA:1885,1
DA:1886,1
DA:1888,1
DA:1889,3
DA:1890,1
DA:1891,1
DA:1892,3
DA:1893,1
DA:1894,1
DA:1899,3
DA:1902,0
DA:1903,0
DA:1904,0
DA:1906,0
DA:1907,0
DA:1908,0
DA:1909,0
DA:1910,0
DA:1911,0
DA:1912,0
DA:1913,0
DA:1914,0
DA:1918,0
DA:1919,0
DA:1920,0
DA:1921,0
DA:1922,0
DA:1923,0
DA:1929,2
DA:1930,5
DA:1931,2
DA:1932,1
DA:1933,1
DA:1934,1
DA:1935,2
DA:1937,1
DA:1938,3
DA:1939,1
DA:1940,1
DA:1942,1
DA:1943,1
DA:1952,0
DA:1953,0
DA:1954,0
DA:1955,0
DA:1956,0
DA:1959,0
DA:1960,0
DA:1961,0
DA:1962,0
DA:1963,0
DA:1964,0
DA:1965,0
DA:1967,0
DA:1968,0
DA:1975,1
DA:1979,1
DA:1980,1
DA:1981,1
DA:1982,1
DA:1983,1
DA:1985,1
DA:1987,1
DA:1988,1
DA:1990,1
DA:1991,1
DA:1994,1
DA:1995,1
DA:1999,1
DA:2001,1
DA:2007,1
DA:2009,0
DA:2011,0
DA:2024,1
DA:2025,1
DA:2026,1
DA:2027,1
DA:2028,1
DA:2030,1
DA:2031,1
DA:2032,1
DA:2035,1
DA:2036,1
DA:2043,1
DA:2045,1
DA:2052,1
DA:2053,1
DA:2056,1
DA:2057,1
DA:2058,1
DA:2062,1
DA:2064,1
DA:2065,4
DA:2079,1
DA:2081,1
DA:2082,1
DA:2083,2
DA:2084,2
DA:2085,2
DA:2086,1
DA:2089,1
LF:996
LH:433
end_of_record
SF:lib/src/features/auth/presentation/forgot_password_screen.dart
DA:15,3
DA:17,0
DA:19,0
DA:29,0
DA:31,0
DA:32,0
DA:35,0
DA:36,0
DA:37,0
DA:38,0
DA:40,0
DA:42,0
DA:51,0
DA:52,0
DA:53,0
DA:54,0
DA:59,0
DA:61,0
DA:62,0
DA:63,0
DA:66,0
DA:67,0
DA:68,0
DA:72,0
DA:73,0
DA:78,0
DA:80,0
DA:81,0
DA:82,0
DA:83,0
DA:84,0
DA:86,0
DA:88,0
DA:97,0
DA:98,0
DA:99,0
DA:100,0
DA:101,0
DA:102,0
DA:104,0
DA:108,0
DA:109,0
DA:116,0
DA:117,0
DA:119,0
DA:122,0
DA:123,0
DA:125,0
DA:126,0
DA:129,0
DA:132,0
DA:136,0
DA:137,0
DA:138,0
DA:140,0
DA:142,0
DA:143,0
DA:144,0
DA:145,0
DA:146,0
DA:148,0
DA:149,0
DA:150,0
DA:158,0
DA:160,0
DA:161,0
DA:165,0
DA:166,0
DA:167,0
DA:173,0
DA:174,0
DA:179,0
DA:180,0
DA:182,0
DA:183,0
DA:185,0
DA:188,0
DA:189,0
DA:190,0
DA:193,0
DA:194,0
DA:202,0
DA:203,0
DA:206,0
DA:208,0
DA:210,0
DA:212,0
DA:214,0
DA:215,0
DA:217,0
DA:218,0
DA:222,0
DA:223,0
DA:224,0
DA:231,0
DA:232,0
DA:233,0
DA:234,0
LF:98
LH:1
end_of_record
SF:lib/src/features/auth/presentation/permission_gate_screen.dart
DA:15,3
DA:17,0
DA:19,0
DA:28,0
DA:30,0
DA:31,0
DA:34,0
DA:36,0
DA:37,0
DA:40,0
DA:42,0
DA:43,0
DA:47,0
DA:48,0
DA:49,0
DA:50,0
DA:51,0
DA:52,0
DA:57,0
DA:58,0
DA:59,0
DA:61,0
DA:62,0
DA:63,0
DA:65,0
DA:67,0
DA:69,0
DA:72,0
DA:73,0
DA:74,0
DA:83,0
DA:84,0
DA:86,0
DA:90,0
DA:92,0
DA:93,0
DA:94,0
DA:101,0
DA:105,0
DA:106,0
DA:109,0
DA:110,0
DA:113,0
DA:115,0
DA:116,0
DA:118,0
DA:120,0
DA:121,0
DA:122,0
DA:125,0
DA:126,0
DA:127,0
DA:128,0
DA:129,0
DA:135,0
DA:136,0
DA:138,0
DA:139,0
DA:140,0
DA:144,0
DA:145,0
DA:146,0
DA:150,0
DA:151,0
DA:152,0
DA:153,0
DA:173,0
DA:181,0
DA:183,0
DA:185,0
DA:186,0
DA:188,0
DA:192,0
DA:194,0
DA:195,0
DA:199,0
DA:200,0
DA:204,0
DA:206,0
DA:207,0
DA:208,0
DA:209,0
DA:210,0
DA:213,0
DA:218,0
DA:220,0
DA:222,0
DA:223,0
DA:225,0
DA:226,0
DA:227,0
DA:228,0
DA:229,0
DA:230,0
DA:231,0
DA:233,0
DA:235,0
DA:236,0
DA:237,0
DA:244,0
DA:245,0
DA:247,0
DA:248,0
DA:250,0
DA:251,0
DA:252,0
DA:253,0
DA:254,0
DA:259,0
DA:261,0
DA:262,0
DA:263,0
DA:264,0
DA:265,0
DA:274,0
DA:275,0
DA:280,0
DA:282,0
DA:284,0
DA:285,0
DA:287,0
DA:288,0
DA:289,0
DA:290,0
DA:291,0
DA:292,0
DA:293,0
DA:302,0
DA:303,0
DA:305,0
DA:306,0
DA:308,0
DA:309,0
DA:310,0
DA:311,0
DA:312,0
DA:317,0
DA:319,0
DA:320,0
DA:321,0
DA:322,0
DA:323,0
DA:332,0
DA:333,0
DA:338,0
DA:340,0
DA:342,0
DA:343,0
DA:345,0
DA:346,0
DA:347,0
DA:348,0
DA:349,0
DA:350,0
DA:351,0
DA:360,0
DA:361,0
DA:363,0
DA:364,0
DA:366,0
DA:367,0
DA:368,0
DA:369,0
DA:370,0
DA:375,0
DA:377,0
DA:378,0
DA:379,0
DA:380,0
DA:381,0
DA:390,0
DA:391,0
DA:396,0
DA:398,0
DA:400,0
DA:401,0
DA:403,0
DA:404,0
DA:405,0
DA:406,0
DA:407,0
DA:408,0
DA:409,0
DA:418,0
DA:419,0
DA:421,0
DA:422,0
DA:424,0
DA:425,0
DA:426,0
DA:427,0
DA:428,0
DA:433,0
DA:435,0
DA:436,0
DA:437,0
DA:438,0
DA:439,0
DA:448,0
DA:449,0
DA:454,0
DA:456,0
DA:457,0
DA:458,0
DA:459,0
DA:460,0
DA:463,0
DA:468,0
DA:469,0
DA:470,0
DA:471,0
DA:472,0
DA:476,0
DA:479,0
DA:480,0
DA:496,0
DA:502,0
DA:504,0
DA:505,0
DA:507,0
DA:509,0
DA:511,0
DA:513,0
DA:515,0
DA:518,0
DA:520,0
DA:521,0
DA:525,0
DA:527,0
DA:529,0
DA:531,0
DA:532,0
DA:533,0
DA:534,0
DA:535,0
DA:539,0
DA:541,0
DA:543,0
DA:544,0
DA:546,0
DA:549,0
DA:550,0
DA:552,0
DA:571,0
DA:577,0
DA:579,0
DA:580,0
DA:582,0
DA:584,0
DA:586,0
DA:588,0
DA:590,0
DA:593,0
DA:595,0
DA:596,0
DA:600,0
DA:602,0
DA:604,0
DA:606,0
DA:607,0
DA:608,0
DA:609,0
DA:610,0
DA:614,0
DA:616,0
DA:618,0
DA:619,0
LF:267
LH:1
end_of_record
SF:lib/src/features/auth/data/auth_repository.dart
DA:27,1
DA:29,0
DA:40,1
DA:41,3
DA:42,3
DA:43,1
DA:137,0
DA:142,0
DA:143,0
DA:145,4
DA:147,4
DA:149,1
DA:150,3
DA:152,6
DA:228,4
DA:230,16
DA:232,4
DA:233,6
DA:234,8
DA:235,6
DA:236,4
DA:237,8
DA:238,7
DA:239,8
DA:240,8
DA:241,8
DA:242,8
DA:243,8
DA:244,4
DA:245,8
DA:246,8
DA:247,8
DA:248,8
DA:249,6
DA:250,6
DA:251,8
DA:252,8
DA:253,8
DA:254,8
DA:255,8
DA:256,8
DA:257,8
DA:258,8
DA:259,8
DA:260,4
DA:261,4
DA:262,4
DA:263,2
DA:264,8
DA:265,8
DA:266,8
DA:267,8
DA:268,8
DA:269,4
DA:270,0
DA:271,4
DA:272,0
DA:273,8
DA:274,8
DA:275,4
DA:276,8
DA:277,8
DA:278,8
DA:279,8
DA:280,4
DA:281,0
DA:282,8
DA:283,8
DA:284,8
DA:285,8
DA:286,8
DA:287,8
DA:288,8
DA:289,8
DA:290,8
DA:291,8
DA:292,8
DA:293,4
DA:294,0
DA:295,4
DA:296,8
DA:300,8
DA:309,4
DA:310,4
DA:311,0
DA:312,0
DA:313,0
DA:314,0
DA:317,0
DA:318,0
DA:319,0
DA:320,0
DA:322,0
DA:328,4
DA:330,1
DA:331,2
DA:335,4
DA:342,4
DA:344,4
DA:345,4
DA:346,4
DA:347,4
DA:348,8
DA:349,12
DA:350,4
DA:351,8
DA:352,4
DA:353,4
DA:354,4
DA:355,4
DA:356,4
DA:357,4
DA:358,3
DA:359,1
DA:360,3
DA:361,0
DA:362,4
DA:363,4
DA:364,4
DA:365,4
DA:366,4
DA:367,8
DA:368,4
DA:369,4
DA:370,4
DA:371,4
DA:372,4
DA:373,4
DA:374,4
DA:375,4
DA:376,4
DA:377,4
DA:378,4
DA:379,4
DA:380,4
DA:381,4
DA:383,8
DA:384,4
DA:385,4
DA:386,4
DA:387,4
DA:388,4
DA:389,4
DA:390,4
DA:391,12
DA:392,12
DA:393,8
DA:394,12
DA:395,4
DA:396,4
DA:397,4
DA:399,4
DA:400,4
DA:401,4
DA:402,4
DA:403,4
DA:404,4
DA:405,4
DA:406,4
DA:407,4
DA:408,4
DA:409,4
DA:410,4
DA:411,4
DA:412,4
DA:413,4
DA:414,8
DA:415,4
DA:416,4
DA:417,4
DA:418,8
DA:419,4
DA:420,4
DA:421,4
DA:426,3
DA:498,3
DA:499,3
DA:500,2
DA:501,3
DA:502,3
DA:503,3
DA:504,3
DA:505,3
DA:506,3
DA:507,3
DA:508,3
DA:509,3
DA:510,3
DA:512,3
DA:514,3
DA:515,3
DA:517,3
DA:519,2
DA:520,3
DA:521,3
DA:523,3
DA:526,3
DA:529,3
DA:532,3
DA:534,3
DA:535,3
DA:537,3
DA:539,3
DA:541,3
DA:543,3
DA:544,3
DA:546,3
DA:548,3
DA:549,3
DA:551,3
DA:554,3
DA:557,3
DA:560,3
DA:563,3
DA:566,3
DA:568,3
DA:569,3
DA:570,3
DA:571,3
DA:572,2
DA:573,3
DA:574,3
DA:575,3
DA:576,3
DA:578,3
DA:580,3
DA:581,3
DA:582,3
DA:583,3
DA:585,3
DA:586,3
DA:587,3
DA:588,3
DA:589,3
DA:590,3
DA:591,3
DA:592,3
DA:594,3
DA:595,3
DA:597,3
DA:600,3
DA:602,3
DA:604,3
DA:605,3
DA:606,3
DA:607,3
DA:616,4
DA:617,2
DA:618,4
DA:619,2
DA:621,6
DA:622,0
DA:623,0
DA:624,0
DA:629,12
DA:630,0
DA:634,0
DA:635,0
DA:647,3
DA:654,1
DA:659,1
DA:660,1
DA:661,1
DA:662,1
DA:663,1
DA:668,0
DA:670,0
DA:671,0
DA:673,0
DA:674,0
DA:678,3
DA:680,1
DA:681,1
DA:683,0
DA:684,0
DA:689,1
DA:691,1
DA:693,4
DA:695,0
DA:696,0
DA:711,3
DA:712,0
DA:715,0
DA:718,0
DA:719,0
DA:720,0
DA:721,0
DA:722,0
DA:723,0
DA:724,0
DA:725,0
DA:726,0
DA:727,0
DA:728,0
DA:737,0
DA:738,0
DA:739,0
DA:750,0
DA:757,0
DA:758,0
DA:759,0
DA:760,0
DA:762,0
DA:764,0
DA:780,0
DA:785,0
DA:786,0
DA:794,0
DA:797,0
DA:799,0
DA:802,0
DA:807,0
DA:808,0
DA:809,0
DA:812,0
DA:816,0
DA:818,0
DA:819,0
DA:823,0
DA:825,0
DA:826,0
DA:827,0
DA:831,0
DA:832,0
DA:834,0
DA:840,0
DA:842,0
DA:843,0
DA:844,0
DA:845,0
DA:852,0
DA:854,0
DA:860,0
DA:863,0
DA:866,0
DA:867,0
DA:868,0
DA:869,0
DA:870,0
DA:871,0
DA:872,0
DA:873,0
DA:874,0
DA:876,0
DA:877,0
DA:880,0
DA:882,0
DA:887,0
DA:890,0
DA:891,0
DA:893,0
DA:894,0
DA:898,0
DA:899,0
DA:900,0
DA:903,0
DA:908,0
DA:909,0
DA:910,0
DA:916,0
DA:920,0
DA:932,0
DA:935,0
DA:936,0
DA:939,0
DA:941,0
DA:948,0
DA:949,0
DA:950,0
DA:951,0
DA:952,0
DA:953,0
DA:954,0
DA:961,0
DA:962,0
DA:964,0
DA:971,0
DA:972,0
DA:973,0
DA:975,0
DA:981,0
DA:983,0
DA:984,0
DA:985,0
DA:986,0
DA:989,0
DA:995,0
DA:996,0
DA:997,0
DA:998,0
DA:1006,0
DA:1007,0
DA:1008,0
DA:1009,0
DA:1010,0
DA:1011,0
DA:1013,0
DA:1018,0
DA:1019,0
DA:1023,0
DA:1024,0
DA:1025,0
DA:1030,0
DA:1031,0
DA:1032,0
DA:1033,0
DA:1034,0
DA:1035,0
DA:1039,0
DA:1040,0
DA:1044,0
DA:1045,0
DA:1046,0
DA:1048,0
DA:1049,0
DA:1052,0
DA:1053,0
DA:1057,0
DA:1058,0
DA:1064,0
DA:1065,0
DA:1068,0
DA:1069,0
DA:1070,0
DA:1071,0
DA:1072,0
DA:1074,0
DA:1081,0
DA:1082,0
DA:1084,0
DA:1085,0
DA:1097,3
DA:1098,0
DA:1099,0
DA:1100,0
DA:1102,0
DA:1103,0
DA:1113,8
DA:1118,12
DA:1119,0
DA:1121,0
DA:1122,0
DA:1124,0
DA:1126,0
DA:1127,0
DA:1132,0
DA:1133,0
DA:1136,0
DA:1137,0
DA:1140,0
DA:1141,0
DA:1144,0
DA:1145,0
DA:1149,1
DA:1150,1
DA:1153,0
DA:1156,0
DA:1158,0
DA:1161,0
DA:1162,0
DA:1167,1
DA:1169,2
DA:1170,0
DA:1173,0
DA:1175,0
DA:1176,0
DA:1177,0
DA:1184,0
DA:1185,0
DA:1186,0
DA:1192,2
DA:1195,0
DA:1196,0
DA:1197,0
DA:1200,0
DA:1201,0
DA:1204,0
DA:1205,0
DA:1208,0
DA:1209,0
DA:1212,0
DA:1213,0
DA:1216,0
DA:1217,0
DA:1218,0
DA:1219,0
LF:486
LH:256
end_of_record
SF:lib/src/features/dashboard/presentation/home_screen.dart
DA:58,2
DA:59,2
DA:62,4
DA:63,4
DA:66,4
DA:70,4
DA:71,4
DA:74,3
DA:76,3
DA:78,1
DA:79,1
DA:98,1
DA:100,1
DA:101,2
DA:103,1
DA:106,1
DA:107,3
DA:108,0
DA:109,0
DA:110,0
DA:111,0
DA:113,0
DA:114,0
DA:118,0
DA:119,0
DA:121,0
DA:124,0
DA:125,0
DA:126,0
DA:128,0
DA:134,1
DA:135,3
DA:136,0
DA:137,0
DA:138,0
DA:139,0
DA:140,0
DA:147,1
DA:148,3
DA:149,0
DA:150,0
DA:151,0
DA:153,0
DA:154,0
DA:155,0
DA:156,0
DA:160,3
DA:161,1
DA:163,3
DA:165,2
DA:166,2
DA:167,1
DA:168,0
DA:175,0
DA:176,0
DA:177,0
DA:178,0
DA:185,0
DA:186,0
DA:187,0
DA:188,0
DA:191,0
DA:197,5
DA:201,1
DA:203,2
DA:204,2
DA:205,2
DA:206,2
DA:207,1
DA:210,0
DA:216,0
DA:217,0
DA:218,0
DA:219,0
DA:220,0
DA:224,0
DA:225,0
DA:226,0
DA:227,0
DA:229,0
DA:233,0
DA:234,0
DA:235,0
DA:236,0
DA:237,0
DA:239,0
DA:240,0
DA:244,0
DA:245,0
DA:247,0
DA:248,0
DA:252,0
DA:254,0
DA:258,0
DA:259,0
DA:262,0
DA:263,0
DA:264,0
DA:265,0
DA:272,0
DA:273,0
DA:274,0
DA:275,0
DA:281,0
DA:282,0
DA:283,0
DA:284,0
DA:285,0
DA:286,0
DA:287,0
DA:289,0
DA:293,0
DA:294,0
DA:295,0
DA:299,0
DA:300,0
DA:303,0
DA:304,0
DA:305,0
DA:306,0
DA:307,0
DA:309,0
DA:320,0
DA:321,0
DA:325,0
DA:326,0
DA:327,0
DA:335,0
DA:336,0
DA:339,0
DA:340,0
DA:343,0
DA:344,0
DA:348,0
DA:349,0
DA:350,0
DA:351,0
DA:353,0
DA:356,0
DA:359,0
DA:360,0
DA:361,0
DA:362,0
DA:363,0
DA:364,0
DA:366,0
DA:368,0
DA:369,0
DA:371,0
DA:374,0
DA:375,0
DA:376,0
DA:377,0
DA:384,0
DA:385,0
DA:386,0
DA:387,0
DA:393,0
DA:395,0
DA:396,0
DA:400,0
DA:401,0
DA:403,0
DA:414,0
DA:417,0
DA:418,0
DA:420,0
DA:423,1
DA:428,3
DA:429,0
DA:430,0
DA:432,0
DA:435,0
DA:436,0
DA:437,0
DA:442,0
DA:443,0
DA:445,0
DA:446,0
DA:447,0
DA:448,0
DA:472,3
DA:473,0
DA:474,0
DA:475,0
DA:476,0
DA:478,0
DA:479,0
DA:483,3
DA:484,3
DA:488,2
DA:489,1
DA:490,0
DA:491,0
DA:492,0
DA:496,3
DA:497,0
DA:498,0
DA:499,0
DA:500,0
DA:501,0
DA:505,3
DA:511,1
DA:514,1
DA:516,1
DA:522,1
DA:523,2
DA:524,2
DA:525,2
DA:526,2
DA:531,3
DA:533,3
DA:534,3
DA:538,1
DA:539,1
DA:540,1
DA:544,1
DA:546,3
DA:548,1
DA:550,1
DA:552,0
DA:556,0
DA:560,0
DA:561,0
DA:565,1
DA:566,1
DA:568,1
DA:570,1
DA:571,1
DA:576,1
DA:578,0
DA:579,0
DA:580,0
DA:582,0
DA:583,0
DA:584,0
DA:585,0
DA:587,0
DA:589,0
DA:590,0
DA:591,0
DA:592,0
DA:596,1
DA:597,0
DA:600,0
DA:601,0
DA:606,0
DA:607,0
DA:608,0
DA:609,0
DA:611,0
DA:613,0
DA:620,1
DA:623,1
DA:624,1
DA:629,1
DA:630,1
DA:635,1
DA:636,1
DA:640,1
DA:643,0
DA:651,1
DA:653,1
DA:656,1
DA:667,1
DA:672,0
DA:679,0
DA:680,0
DA:682,0
DA:684,0
DA:685,0
DA:686,0
DA:688,0
DA:689,0
DA:690,0
DA:691,0
DA:692,0
DA:693,0
DA:695,0
DA:696,0
DA:697,0
DA:698,0
DA:699,0
DA:702,0
DA:703,0
DA:704,0
DA:711,0
DA:713,0
DA:715,0
DA:716,0
DA:719,0
DA:721,0
DA:722,0
DA:723,0
DA:731,0
DA:732,0
DA:734,0
DA:735,0
DA:743,0
DA:744,0
DA:746,0
DA:748,0
DA:752,0
DA:757,0
DA:758,0
DA:759,0
DA:760,0
DA:761,0
DA:762,0
DA:765,0
DA:767,0
DA:768,0
DA:769,0
DA:770,0
DA:772,0
DA:773,0
DA:776,0
DA:777,0
DA:779,0
DA:791,0
DA:792,0
DA:793,0
DA:794,0
DA:795,0
DA:797,0
DA:800,0
DA:802,0
DA:803,0
DA:804,0
DA:806,0
DA:812,0
DA:813,0
DA:815,0
DA:838,1
DA:859,1
DA:860,1
DA:861,2
DA:862,1
DA:863,1
DA:864,1
DA:868,2
DA:869,1
DA:871,1
DA:872,1
DA:875,1
DA:877,1
DA:878,1
DA:879,1
DA:884,1
DA:887,2
DA:892,0
DA:893,0
DA:895,0
DA:896,0
DA:897,0
DA:898,0
DA:900,0
DA:901,0
DA:902,0
DA:910,1
DA:914,1
DA:916,1
DA:918,0
DA:919,0
DA:920,0
DA:921,0
DA:922,0
DA:923,0
DA:924,0
DA:925,0
DA:926,0
DA:927,0
DA:928,0
DA:929,0
DA:932,1
DA:933,1
DA:935,2
DA:936,1
DA:937,1
DA:938,1
DA:939,1
DA:940,1
DA:942,1
DA:943,1
DA:945,0
DA:946,0
DA:947,0
DA:948,0
DA:951,1
DA:952,3
DA:953,2
DA:956,1
DA:957,1
DA:958,1
DA:959,1
DA:962,0
DA:963,0
DA:968,2
DA:970,1
DA:972,1
DA:973,1
DA:975,1
DA:978,0
DA:979,0
DA:981,0
DA:983,0
DA:985,0
DA:987,0
DA:989,0
DA:990,0
DA:991,0
DA:994,0
DA:998,0
DA:1000,0
DA:1001,0
DA:1002,0
DA:1006,0
DA:1011,0
DA:1014,0
DA:1016,0
DA:1017,0
DA:1020,0
DA:1021,0
DA:1026,0
DA:1027,0
DA:1028,0
DA:1031,0
DA:1035,0
DA:1037,0
DA:1038,0
DA:1039,0
DA:1043,0
DA:1050,0
DA:1056,0
DA:1062,0
DA:1064,0
DA:1065,0
DA:1066,0
DA:1079,0
DA:1080,0
DA:1082,0
DA:1083,0
DA:1085,0
DA:1087,0
DA:1094,0
DA:1095,0
DA:1100,0
DA:1103,0
DA:1114,0
DA:1117,0
DA:1118,0
DA:1119,0
DA:1123,0
DA:1124,0
DA:1125,0
DA:1126,0
DA:1127,0
DA:1128,0
DA:1130,0
DA:1131,0
DA:1136,0
DA:1137,0
DA:1138,0
DA:1142,0
DA:1144,0
DA:1145,0
DA:1150,1
DA:1151,2
DA:1154,0
DA:1155,0
DA:1159,0
DA:1160,0
DA:1162,0
DA:1163,0
DA:1165,0
DA:1166,0
DA:1167,0
DA:1169,0
DA:1170,0
DA:1171,0
DA:1172,0
DA:1173,0
DA:1175,0
DA:1177,0
DA:1178,0
DA:1179,0
DA:1183,0
DA:1188,0
DA:1189,0
DA:1191,0
DA:1192,0
DA:1194,0
DA:1195,0
DA:1196,0
DA:1203,0
DA:1204,0
DA:1206,0
DA:1210,0
DA:1211,0
DA:1212,0
DA:1213,0
DA:1218,0
DA:1219,0
DA:1220,0
DA:1221,0
DA:1222,0
DA:1223,0
DA:1224,0
DA:1227,0
DA:1228,0
DA:1230,0
DA:1233,0
DA:1243,1
DA:1244,4
DA:1247,1
DA:1249,1
DA:1251,1
DA:1253,1
DA:1255,1
DA:1256,1
DA:1257,2
DA:1260,1
DA:1261,0
DA:1262,0
DA:1265,1
DA:1266,0
DA:1267,0
DA:1270,1
DA:1271,0
DA:1272,0
DA:1275,1
DA:1277,1
DA:1278,2
DA:1279,1
DA:1280,1
DA:1281,1
DA:1287,1
DA:1291,1
DA:1295,1
DA:1299,1
DA:1301,2
DA:1305,1
DA:1307,1
DA:1312,0
DA:1313,0
DA:1314,0
DA:1316,0
DA:1317,0
DA:1326,1
DA:1328,1
DA:1331,3
DA:1353,0
DA:1354,0
DA:1355,0
DA:1356,0
DA:1358,0
DA:1359,0
DA:1361,0
DA:1363,0
DA:1364,0
DA:1366,0
DA:1367,0
DA:1368,0
DA:1369,0
DA:1371,0
DA:1372,0
DA:1382,0
DA:1383,0
DA:1385,0
DA:1386,0
DA:1387,0
DA:1388,0
DA:1390,0
DA:1396,0
DA:1397,0
DA:1398,0
DA:1410,0
DA:1411,0
DA:1412,0
DA:1413,0
DA:1414,0
DA:1415,0
DA:1416,0
DA:1418,0
DA:1420,0
DA:1421,0
DA:1422,0
DA:1424,0
DA:1425,0
DA:1427,0
DA:1431,0
DA:1432,0
DA:1433,0
DA:1446,0
DA:1447,0
DA:1448,0
DA:1451,0
DA:1452,0
DA:1453,0
DA:1455,0
DA:1457,0
DA:1458,0
DA:1473,0
DA:1474,0
DA:1475,0
DA:1478,0
DA:1482,0
DA:1488,0
DA:1494,0
DA:1500,0
DA:1505,0
DA:1508,0
DA:1509,0
DA:1510,0
DA:1512,0
DA:1514,0
DA:1515,0
DA:1516,0
DA:1517,0
DA:1519,0
DA:1520,0
DA:1523,0
DA:1525,0
DA:1526,0
DA:1530,0
DA:1531,0
DA:1532,0
DA:1533,0
DA:1535,0
DA:1537,0
DA:1541,0
DA:1543,0
DA:1544,0
DA:1545,0
DA:1550,0
DA:1551,0
DA:1552,0
DA:1561,0
DA:1562,0
DA:1564,0
DA:1566,0
DA:1567,0
DA:1569,0
DA:1571,0
DA:1573,0
DA:1574,0
DA:1575,0
DA:1577,0
DA:1579,0
DA:1581,0
DA:1583,0
DA:1585,0
DA:1587,0
DA:1588,0
DA:1589,0
DA:1591,0
DA:1593,0
DA:1594,0
DA:1595,0
DA:1597,0
DA:1599,0
DA:1600,0
DA:1601,0
DA:1604,0
DA:1607,0
DA:1608,0
DA:1609,0
DA:1610,0
DA:1611,0
DA:1612,0
DA:1614,0
DA:1615,0
DA:1617,0
DA:1618,0
DA:1621,0
DA:1622,0
DA:1623,0
DA:1625,0
DA:1627,0
DA:1631,0
DA:1633,0
DA:1636,0
DA:1638,0
DA:1639,0
DA:1640,0
DA:1642,0
DA:1645,0
DA:1647,0
DA:1651,0
DA:1652,0
DA:1654,0
DA:1659,0
DA:1661,0
DA:1662,0
DA:1663,0
DA:1665,0
DA:1667,0
DA:1670,0
DA:1672,0
DA:1675,0
DA:1686,0
DA:1687,0
DA:1689,0
DA:1705,0
DA:1715,0
DA:1729,0
DA:1730,0
DA:1731,0
DA:1738,0
DA:1743,0
DA:1744,0
DA:1745,0
DA:1747,0
DA:1748,0
DA:1749,0
DA:1750,0
DA:1751,0
DA:1759,0
DA:1762,0
DA:1764,0
DA:1765,0
DA:1766,0
DA:1774,0
DA:1776,0
DA:1777,0
DA:1779,0
DA:1780,0
DA:1781,0
DA:1782,0
DA:1783,0
DA:1784,0
DA:1786,0
DA:1787,0
DA:1788,0
DA:1789,0
DA:1790,0
DA:1791,0
DA:1793,0
DA:1794,0
DA:1795,0
DA:1796,0
DA:1797,0
DA:1800,0
DA:1801,0
DA:1802,0
DA:1809,0
DA:1811,0
DA:1813,0
DA:1814,0
DA:1817,0
DA:1819,0
DA:1820,0
DA:1821,0
DA:1825,0
DA:1832,0
DA:1833,0
DA:1834,0
DA:1843,0
DA:1845,0
DA:1847,0
DA:1848,0
DA:1850,0
DA:1852,0
DA:1854,0
DA:1856,0
DA:1861,0
DA:1865,0
DA:1867,0
DA:1872,0
DA:1874,0
DA:1875,0
DA:1879,0
DA:1880,0
DA:1884,0
DA:1885,0
DA:1886,0
DA:1887,0
DA:1909,0
DA:1912,0
DA:1914,0
DA:1919,0
DA:1920,0
DA:1921,0
DA:1922,0
DA:1923,0
DA:1924,0
DA:1925,0
DA:1926,0
DA:1929,0
DA:1930,0
DA:1931,0
DA:1932,0
DA:1936,0
DA:1937,0
DA:1938,0
DA:1941,0
DA:1948,0
DA:1949,0
DA:1952,0
DA:1953,0
DA:1954,0
DA:1955,0
DA:1957,0
DA:1958,0
DA:1959,0
DA:1960,0
DA:1962,0
DA:1963,0
DA:1966,0
DA:1968,0
DA:1969,0
DA:1973,0
DA:1974,0
DA:1975,0
DA:1976,0
DA:1978,0
DA:1979,0
DA:1983,0
DA:1985,0
DA:1986,0
DA:1987,0
DA:1990,0
DA:1991,0
DA:1992,0
DA:1999,0
DA:2001,0
DA:2004,0
DA:2006,0
DA:2008,0
DA:2009,0
DA:2014,0
DA:2015,0
DA:2016,0
DA:2017,0
DA:2018,0
DA:2019,0
DA:2020,0
DA:2023,0
DA:2025,0
DA:2026,0
DA:2027,0
DA:2031,0
DA:2036,0
DA:2037,0
DA:2038,0
DA:2039,0
DA:2050,0
DA:2051,0
DA:2052,0
DA:2053,0
DA:2054,0
DA:2055,0
DA:2058,0
DA:2059,0
DA:2060,0
DA:2063,0
DA:2066,0
DA:2067,0
DA:2068,0
DA:2074,0
DA:2077,0
DA:2079,0
DA:2080,0
DA:2081,0
DA:2082,0
DA:2084,0
DA:2085,0
DA:2089,0
DA:2090,0
DA:2091,0
DA:2093,0
DA:2095,0
DA:2098,0
DA:2107,0
DA:2108,0
DA:2110,0
DA:2111,0
DA:2112,0
DA:2113,0
DA:2122,0
DA:2123,0
DA:2125,0
DA:2135,0
DA:2137,0
DA:2150,0
DA:2151,0
DA:2152,0
DA:2164,0
DA:2189,7
DA:2193,2
DA:2194,2
DA:2218,1
DA:2228,1
DA:2230,2
DA:2231,2
DA:2232,2
DA:2233,2
DA:2234,2
DA:2235,2
DA:2236,2
DA:2237,2
DA:2238,2
DA:2239,0
DA:2242,2
DA:2243,2
DA:2244,1
DA:2245,4
DA:2247,1
DA:2248,4
DA:2250,1
DA:2251,4
DA:2254,4
DA:2256,1
DA:2257,0
DA:2258,1
DA:2263,0
DA:2264,0
DA:2265,0
DA:2267,1
DA:2268,0
DA:2269,1
DA:2272,2
DA:2278,1
DA:2287,1
DA:2296,1
DA:2310,1
DA:2316,0
DA:2317,0
DA:2318,0
DA:2322,1
DA:2324,2
DA:2325,1
DA:2326,2
DA:2327,1
DA:2328,1
DA:2329,1
DA:2333,2
DA:2334,3
DA:2335,1
DA:2340,0
DA:2341,0
DA:2342,0
DA:2343,0
DA:2344,0
DA:2345,0
DA:2346,0
DA:2348,0
DA:2349,0
DA:2350,0
DA:2351,0
DA:2352,0
DA:2357,0
DA:2358,0
DA:2359,0
DA:2362,1
DA:2365,4
DA:2366,1
DA:2370,1
DA:2372,1
DA:2375,1
DA:2376,0
DA:2378,0
DA:2382,1
DA:2384,1
DA:2387,1
DA:2391,1
DA:2392,1
DA:2393,1
DA:2397,1
DA:2409,1
DA:2413,1
DA:2415,1
DA:2417,1
DA:2418,2
DA:2427,1
DA:2431,1
DA:2433,2
DA:2436,4
DA:2437,1
DA:2438,0
DA:2439,1
DA:2441,2
DA:2442,1
DA:2443,4
DA:2448,0
DA:2449,0
DA:2450,0
DA:2453,1
DA:2455,1
DA:2457,0
DA:2458,0
DA:2461,0
DA:2463,0
DA:2464,0
DA:2465,0
DA:2466,0
DA:2467,0
DA:2468,0
DA:2469,0
DA:2470,0
DA:2472,0
DA:2477,0
DA:2478,0
DA:2483,0
DA:2484,0
DA:2485,0
DA:2486,0
DA:2487,0
DA:2488,0
DA:2489,0
DA:2490,0
DA:2492,0
DA:2493,0
DA:2495,0
DA:2497,0
DA:2498,0
DA:2500,0
DA:2501,0
DA:2505,0
DA:2506,0
DA:2514,0
DA:2515,0
DA:2518,0
DA:2520,0
DA:2521,0
DA:2522,0
DA:2537,3
DA:2539,1
DA:2542,2
DA:2548,3
DA:2550,1
DA:2552,1
DA:2559,0
DA:2561,0
DA:2563,0
DA:2571,1
DA:2574,3
DA:2575,0
DA:2576,0
DA:2577,0
DA:2578,0
DA:2579,0
DA:2583,2
DA:2584,2
DA:2585,1
DA:2586,1
DA:2587,1
DA:2592,1
DA:2593,1
DA:2594,1
DA:2599,0
DA:2600,0
DA:2603,0
DA:2605,0
DA:2606,0
DA:2607,0
DA:2608,0
DA:2609,0
DA:2610,0
DA:2611,0
DA:2612,0
DA:2613,0
DA:2615,0
DA:2616,0
DA:2620,0
DA:2621,0
DA:2628,0
DA:2629,0
DA:2630,0
DA:2631,0
DA:2632,0
DA:2633,0
DA:2634,0
DA:2637,0
DA:2640,0
DA:2641,0
DA:2642,0
DA:2644,0
DA:2646,0
DA:2647,0
DA:2650,0
DA:2651,0
DA:2652,0
DA:2659,0
DA:2662,0
DA:2663,0
DA:2664,0
DA:2665,0
DA:2666,0
DA:2667,0
DA:2668,0
DA:2669,0
DA:2672,0
DA:2675,0
DA:2676,0
DA:2677,0
DA:2679,0
DA:2681,0
DA:2689,0
DA:2690,0
DA:2692,0
DA:2695,0
DA:2697,0
DA:2699,0
DA:2700,0
DA:2701,0
DA:2709,4
DA:2717,1
DA:2718,1
DA:2724,1
DA:2726,2
DA:2727,4
DA:2730,0
DA:2732,2
DA:2735,0
DA:2736,0
DA:2737,0
DA:2738,0
DA:2740,0
DA:2741,0
DA:2743,0
DA:2744,0
DA:2749,0
DA:2750,0
DA:2751,0
DA:2753,0
DA:2754,0
DA:2755,0
DA:2757,0
DA:2763,1
DA:2771,1
DA:2772,1
DA:2780,1
DA:2782,1
DA:2783,2
DA:2787,3
DA:2788,2
DA:2790,2
DA:2793,0
DA:2795,0
DA:2796,0
DA:2797,0
DA:2798,0
DA:2800,0
DA:2801,0
DA:2805,1
DA:2807,2
DA:2808,1
DA:2811,1
DA:2813,1
DA:2814,1
DA:2815,1
DA:2816,1
DA:2817,2
DA:2818,1
DA:2819,1
DA:2821,2
DA:2822,0
DA:2823,0
DA:2824,0
DA:2835,2
DA:2841,3
DA:2843,1
DA:2845,3
DA:2846,1
DA:2847,2
DA:2848,1
DA:2849,1
DA:2850,1
DA:2855,0
DA:2857,1
DA:2859,1
DA:2862,1
DA:2865,0
DA:2866,1
DA:2867,1
DA:2869,0
DA:2871,0
DA:2872,1
DA:2876,1
DA:2880,1
DA:2881,0
DA:2882,0
DA:2884,0
DA:2909,1
DA:2917,1
DA:2918,1
DA:2926,1
DA:2928,1
DA:2929,2
DA:2933,3
DA:2934,2
DA:2937,4
DA:2940,1
DA:2942,1
DA:2943,4
DA:2944,2
DA:2945,1
DA:2947,0
DA:2949,0
DA:2950,0
DA:2955,1
DA:2957,2
DA:2958,1
DA:2961,1
DA:2963,3
DA:2966,0
DA:2967,1
DA:2969,0
DA:2970,1
DA:2972,1
DA:2974,2
DA:2975,1
DA:2976,1
DA:2977,1
DA:2978,1
DA:2981,1
DA:2983,4
DA:2984,0
DA:2986,1
DA:2987,4
DA:2988,0
DA:2992,4
DA:2993,0
DA:2994,0
DA:2995,0
DA:2996,0
DA:2997,0
DA:3000,1
DA:3002,1
DA:3004,4
DA:3005,1
DA:3006,1
DA:3007,2
DA:3009,4
DA:3010,0
DA:3028,0
DA:3038,0
DA:3043,0
DA:3048,0
DA:3053,0
DA:3056,0
DA:3058,0
DA:3059,0
DA:3063,0
DA:3065,0
DA:3066,0
DA:3067,0
DA:3069,0
DA:3070,0
DA:3071,0
DA:3072,0
DA:3073,0
DA:3074,0
DA:3076,0
DA:3077,0
DA:3078,0
DA:3079,0
DA:3080,0
DA:3083,0
DA:3084,0
DA:3085,0
DA:3092,0
DA:3094,0
DA:3096,0
DA:3098,0
DA:3101,0
DA:3103,0
DA:3104,0
DA:3105,0
DA:3109,0
DA:3114,0
DA:3115,0
DA:3116,0
DA:3126,0
DA:3127,0
DA:3129,0
DA:3133,0
DA:3140,0
DA:3142,0
DA:3143,0
DA:3144,0
DA:3146,0
DA:3147,0
DA:3151,0
DA:3153,0
DA:3155,0
DA:3156,0
DA:3159,0
DA:3169,0
DA:3170,0
DA:3171,0
DA:3183,0
DA:3184,0
DA:3186,0
DA:3187,0
DA:3188,0
DA:3189,0
DA:3191,0
DA:3193,0
DA:3194,0
DA:3195,0
DA:3196,0
DA:3198,0
DA:3199,0
DA:3202,0
DA:3203,0
DA:3205,0
DA:3217,0
DA:3218,0
DA:3219,0
DA:3220,0
DA:3222,0
DA:3224,0
DA:3227,0
DA:3229,0
DA:3231,0
DA:3233,0
DA:3234,0
DA:3235,0
DA:3238,0
DA:3244,0
DA:3246,0
DA:3247,0
DA:3248,0
DA:3249,0
DA:3251,0
DA:3275,1
DA:3286,1
DA:3288,2
DA:3293,2
DA:3295,1
DA:3297,1
DA:3299,1
DA:3303,1
DA:3304,1
DA:3306,1
DA:3307,1
DA:3310,1
DA:3312,1
DA:3314,1
DA:3323,1
DA:3326,1
DA:3334,1
DA:3353,0
DA:3355,0
DA:3356,0
DA:3364,0
DA:3366,0
DA:3367,0
DA:3370,0
DA:3371,0
DA:3372,0
DA:3376,0
DA:3378,0
DA:3379,0
DA:3382,0
DA:3384,0
DA:3385,0
DA:3386,0
DA:3388,0
DA:3389,0
DA:3390,0
DA:3391,0
DA:3392,0
DA:3393,0
DA:3399,0
DA:3401,0
DA:3405,0
DA:3406,0
DA:3407,0
DA:3410,0
DA:3427,1
DA:3433,1
DA:3435,1
DA:3442,1
DA:3444,1
DA:3445,2
DA:3449,4
DA:3452,0
DA:3454,0
DA:3455,0
DA:3456,0
DA:3457,0
DA:3459,0
DA:3461,0
DA:3462,0
DA:3467,1
DA:3469,2
DA:3470,1
DA:3473,1
DA:3475,3
DA:3480,1
DA:3482,1
DA:3483,0
DA:3484,0
DA:3489,1
DA:3491,2
DA:3494,1
DA:3495,4
DA:3502,1
DA:3503,2
DA:3505,1
DA:3508,1
DA:3510,1
DA:3512,4
DA:3513,0
DA:3514,0
DA:3515,0
DA:3516,0
DA:3518,0
DA:3519,0
DA:3520,0
DA:3521,0
DA:3522,0
DA:3524,0
DA:3525,0
DA:3527,0
DA:3528,0
DA:3537,1
DA:3540,1
DA:3544,1
LF:1422
LH:367
end_of_record
SF:lib/src/features/dashboard/presentation/run_recap_screen.dart
DA:24,1
DA:26,1
DA:27,1
DA:28,1
DA:29,1
DA:30,1
DA:31,1
DA:32,1
DA:35,1
DA:36,1
DA:40,1
DA:42,1
DA:43,1
DA:44,2
DA:47,1
DA:49,3
DA:50,1
DA:51,1
DA:53,1
DA:60,0
DA:64,0
DA:65,0
DA:67,0
DA:73,3
DA:75,0
DA:76,0
DA:83,0
DA:85,0
DA:86,0
DA:87,0
DA:89,0
DA:90,0
DA:93,0
DA:95,0
DA:96,0
DA:97,0
DA:98,0
DA:101,0
DA:102,0
DA:103,0
DA:106,0
DA:107,0
DA:109,0
DA:110,0
DA:111,0
DA:112,0
DA:113,0
DA:117,0
DA:118,0
DA:119,0
DA:125,0
DA:127,0
DA:129,0
DA:130,0
DA:131,0
DA:134,0
DA:135,0
DA:138,0
DA:141,0
DA:143,0
DA:144,0
DA:145,0
DA:147,0
DA:148,0
DA:150,0
DA:151,0
DA:153,0
DA:154,0
DA:155,0
DA:156,0
DA:157,0
DA:160,0
DA:161,0
DA:162,0
DA:163,0
DA:167,0
DA:168,0
DA:169,0
DA:179,0
DA:181,0
DA:183,0
DA:184,0
DA:185,0
DA:186,0
DA:188,0
DA:189,0
DA:190,0
DA:191,0
DA:196,0
DA:197,0
DA:198,0
DA:200,0
DA:212,0
DA:213,0
DA:214,0
DA:215,0
DA:217,0
DA:218,0
DA:219,0
DA:225,0
DA:227,0
DA:228,0
DA:229,0
DA:230,0
DA:231,0
DA:232,0
DA:233,0
DA:234,0
DA:235,0
DA:237,0
DA:240,0
DA:241,0
DA:243,0
DA:245,0
DA:250,0
DA:251,0
DA:252,0
DA:253,0
DA:258,0
DA:262,0
DA:267,0
DA:268,0
DA:270,0
DA:272,0
DA:273,0
DA:274,0
DA:275,0
DA:277,0
DA:278,0
DA:279,0
DA:280,0
DA:286,0
DA:287,0
DA:288,0
DA:290,0
DA:291,0
DA:292,0
DA:293,0
DA:302,0
DA:303,0
DA:305,0
DA:306,0
DA:307,0
DA:309,0
DA:310,0
DA:313,0
DA:314,0
DA:315,0
DA:316,0
DA:317,0
DA:318,0
DA:319,0
DA:320,0
DA:322,0
DA:323,0
DA:324,0
DA:326,0
DA:327,0
DA:333,0
DA:335,0
DA:336,0
DA:337,0
DA:338,0
DA:339,0
DA:340,0
DA:341,0
DA:342,0
DA:343,0
DA:344,0
DA:346,0
DA:348,0
DA:358,0
DA:363,0
DA:364,0
DA:365,0
DA:367,0
DA:368,0
DA:395,0
DA:404,0
DA:405,0
DA:414,0
DA:416,0
DA:417,0
DA:420,0
DA:422,0
DA:423,0
DA:424,0
DA:425,0
DA:426,0
DA:427,0
DA:428,0
DA:432,0
DA:433,0
DA:434,0
DA:435,0
DA:436,0
DA:440,0
DA:441,0
DA:444,0
DA:445,0
DA:446,0
DA:449,0
DA:450,0
DA:451,0
DA:455,0
DA:456,0
DA:457,0
DA:458,0
DA:460,0
DA:461,0
DA:462,0
DA:464,0
DA:465,0
DA:466,0
DA:467,0
DA:468,0
DA:469,0
DA:474,0
DA:476,0
DA:477,0
DA:479,0
DA:481,0
DA:484,0
DA:485,0
DA:486,0
DA:487,0
DA:488,0
DA:489,0
DA:490,0
DA:497,0
DA:498,0
DA:499,0
DA:503,0
DA:505,0
DA:506,0
DA:509,0
DA:511,0
DA:513,0
DA:516,0
DA:517,0
DA:518,0
DA:519,0
DA:520,0
DA:521,0
DA:523,0
DA:524,0
DA:527,0
DA:528,0
DA:530,0
DA:535,0
DA:536,0
DA:537,0
DA:538,0
DA:541,0
DA:542,0
DA:543,0
DA:544,0
DA:549,0
DA:551,0
DA:552,0
DA:553,0
DA:555,0
DA:563,0
DA:564,0
DA:565,0
DA:566,0
DA:568,0
DA:569,0
DA:570,0
DA:571,0
DA:577,0
DA:578,0
DA:579,0
DA:581,0
DA:587,0
DA:588,0
DA:590,0
DA:591,0
DA:594,0
DA:596,0
DA:597,0
DA:599,0
DA:601,0
DA:605,0
DA:606,0
DA:607,0
DA:618,0
DA:622,0
DA:625,0
DA:627,0
DA:629,0
DA:631,0
DA:632,0
DA:634,0
DA:645,0
DA:647,0
DA:658,0
DA:659,0
DA:661,0
DA:671,3
DA:673,0
DA:675,0
DA:677,0
LF:303
LH:21
end_of_record
SF:lib/src/features/map/presentation/event_recap_screen.dart
DA:30,0
DA:37,0
DA:38,0
DA:48,0
DA:50,0
DA:51,0
DA:52,0
DA:54,0
DA:55,0
DA:57,0
DA:58,0
DA:59,0
DA:60,0
DA:61,0
DA:62,0
DA:64,0
DA:69,0
DA:71,0
DA:72,0
DA:73,0
DA:74,0
DA:75,0
DA:78,0
DA:79,0
DA:80,0
DA:82,0
DA:83,0
DA:84,0
DA:85,0
DA:86,0
DA:87,0
DA:90,0
DA:91,0
DA:92,0
DA:98,0
DA:100,0
DA:102,0
DA:103,0
DA:104,0
DA:105,0
DA:106,0
DA:111,0
DA:113,0
DA:114,0
DA:116,0
DA:118,0
DA:120,0
DA:121,0
DA:122,0
DA:123,0
DA:124,0
DA:127,0
DA:131,0
DA:132,0
DA:133,0
DA:143,0
DA:145,0
DA:147,0
DA:148,0
DA:149,0
DA:150,0
DA:157,0
DA:158,0
DA:159,0
DA:162,0
DA:172,0
DA:173,0
DA:181,0
DA:183,0
DA:186,0
DA:187,0
DA:188,0
DA:189,0
DA:190,0
DA:209,0
DA:215,0
DA:216,0
DA:217,0
DA:218,0
DA:221,0
DA:223,0
DA:226,0
DA:232,0
DA:234,0
DA:235,0
DA:238,0
DA:239,0
DA:240,0
DA:241,0
DA:242,0
DA:259,0
DA:261,0
DA:263,0
DA:266,0
DA:267,0
DA:268,0
DA:269,0
DA:270,0
DA:273,0
DA:274,0
DA:275,0
DA:277,0
DA:278,0
DA:279,0
DA:280,0
LF:105
LH:0
end_of_record
SF:lib/src/features/settings/presentation/settings_screen.dart
DA:29,4
DA:33,4
DA:37,4
DA:40,3
DA:42,0
DA:43,0
DA:63,0
DA:65,0
DA:66,0
DA:69,0
DA:70,0
DA:71,0
DA:72,0
DA:74,0
DA:77,0
DA:80,0
DA:81,0
DA:82,0
DA:83,0
DA:84,0
DA:85,0
DA:97,0
DA:100,0
DA:102,0
DA:103,0
DA:104,0
DA:105,0
DA:108,0
DA:109,0
DA:110,0
DA:111,0
DA:112,0
DA:116,0
DA:117,0
DA:118,0
DA:121,0
DA:125,0
DA:126,0
DA:129,0
DA:131,0
DA:132,0
DA:135,0
DA:136,0
DA:137,0
DA:141,0
DA:142,0
DA:143,0
DA:144,0
DA:145,0
DA:147,0
DA:148,0
DA:150,0
DA:152,0
DA:153,0
DA:156,0
DA:159,0
DA:160,0
DA:163,0
DA:166,0
DA:167,0
DA:170,0
DA:173,0
DA:174,0
DA:177,0
DA:183,0
DA:184,0
DA:185,0
DA:186,0
DA:187,0
DA:198,0
DA:199,0
DA:200,0
DA:201,0
DA:206,0
DA:207,0
DA:208,0
DA:209,0
DA:210,0
DA:211,0
DA:215,0
DA:218,0
DA:219,0
DA:221,0
DA:223,0
DA:224,0
DA:225,0
DA:226,0
DA:233,0
DA:236,0
DA:237,0
DA:238,0
DA:239,0
DA:240,0
DA:241,0
DA:246,0
DA:247,0
DA:249,0
DA:250,0
DA:251,0
DA:252,0
DA:254,0
DA:258,0
DA:261,0
DA:262,0
DA:263,0
DA:264,0
DA:265,0
DA:266,0
DA:271,0
DA:272,0
DA:274,0
DA:275,0
DA:276,0
DA:277,0
DA:279,0
DA:283,0
DA:286,0
DA:287,0
DA:288,0
DA:289,0
DA:290,0
DA:291,0
DA:296,0
DA:297,0
DA:299,0
DA:300,0
DA:301,0
DA:302,0
DA:304,0
DA:308,0
DA:310,0
DA:311,0
DA:312,0
DA:313,0
DA:314,0
DA:317,0
DA:318,0
DA:320,0
DA:321,0
DA:322,0
DA:324,0
DA:325,0
DA:326,0
DA:327,0
DA:333,0
DA:334,0
DA:342,0
DA:343,0
DA:344,0
DA:345,0
DA:346,0
DA:347,0
DA:348,0
DA:349,0
DA:350,0
DA:354,0
DA:374,0
DA:378,0
DA:379,0
DA:380,0
DA:381,0
DA:382,0
DA:383,0
DA:389,0
DA:391,0
DA:392,0
DA:393,0
DA:397,0
DA:398,0
DA:401,0
DA:404,0
DA:405,0
DA:412,0
DA:415,0
DA:416,0
DA:417,0
DA:418,0
DA:422,0
DA:425,0
DA:426,0
DA:434,0
DA:435,0
DA:437,0
DA:444,0
DA:445,0
DA:446,0
DA:447,0
DA:449,0
DA:450,0
DA:453,0
DA:455,0
DA:457,0
DA:459,0
DA:460,0
DA:461,0
DA:462,0
DA:463,0
DA:465,0
DA:466,0
DA:467,0
DA:471,0
DA:472,0
DA:473,0
DA:503,0
DA:504,0
DA:506,0
DA:507,0
DA:508,0
DA:512,0
DA:514,0
DA:515,0
DA:519,0
DA:522,0
DA:523,0
DA:525,0
DA:526,0
DA:527,0
DA:530,0
DA:532,0
DA:534,0
DA:535,0
DA:537,0
DA:538,0
DA:539,0
DA:540,0
DA:541,0
DA:542,0
DA:545,0
DA:546,0
DA:547,0
DA:549,0
DA:550,0
DA:554,0
DA:556,0
DA:557,0
DA:558,0
DA:559,0
DA:564,0
DA:569,0
DA:570,0
DA:571,0
DA:572,0
DA:573,0
DA:576,0
DA:579,0
DA:581,0
DA:590,0
DA:594,0
DA:596,0
DA:597,0
DA:598,0
DA:599,0
DA:606,0
DA:607,0
DA:609,0
DA:610,0
DA:611,0
DA:614,0
DA:615,0
DA:618,0
DA:624,0
DA:625,0
DA:630,0
DA:631,0
DA:635,0
DA:637,0
DA:638,0
DA:641,0
DA:643,0
DA:644,0
DA:645,0
DA:647,0
DA:659,0
DA:660,0
DA:662,0
DA:663,0
DA:664,0
DA:666,0
DA:667,0
DA:668,0
DA:669,0
DA:670,0
DA:672,0
DA:673,0
DA:675,0
DA:676,0
DA:681,0
DA:690,0
DA:693,0
DA:694,0
DA:698,0
DA:699,0
DA:701,0
DA:702,0
DA:704,0
DA:706,0
DA:707,0
DA:713,0
DA:714,0
DA:715,0
DA:717,0
DA:718,0
DA:720,0
DA:724,0
DA:726,0
DA:727,0
DA:729,0
DA:731,0
DA:732,0
DA:740,0
DA:741,0
DA:743,0
DA:745,0
DA:746,0
DA:748,0
DA:749,0
DA:750,0
DA:751,0
DA:753,0
DA:761,0
DA:764,0
DA:772,0
DA:778,0
DA:779,0
DA:781,0
DA:785,0
DA:787,0
DA:788,0
DA:792,0
DA:793,0
DA:797,0
DA:800,0
DA:801,0
DA:802,0
DA:803,0
DA:804,0
DA:806,0
DA:807,0
DA:808,0
DA:810,0
DA:812,0
DA:819,0
DA:822,0
DA:825,0
DA:832,0
DA:833,0
DA:837,0
DA:838,0
DA:839,0
DA:841,0
DA:845,0
DA:860,0
DA:861,0
DA:862,0
DA:866,0
DA:868,0
DA:869,0
DA:871,0
DA:875,0
DA:876,0
DA:879,0
DA:880,0
DA:881,0
DA:883,0
DA:884,0
DA:886,0
DA:887,0
DA:889,0
DA:891,0
DA:893,0
DA:895,0
DA:896,0
DA:897,0
DA:898,0
DA:899,0
DA:902,0
DA:903,0
DA:904,0
DA:906,0
DA:908,0
DA:909,0
DA:910,0
DA:911,0
DA:912,0
DA:915,0
DA:916,0
DA:917,0
DA:919,0
DA:921,0
DA:922,0
DA:923,0
DA:924,0
DA:925,0
DA:926,0
DA:929,0
DA:930,0
DA:931,0
DA:933,0
DA:935,0
DA:936,0
DA:937,0
DA:938,0
DA:939,0
DA:942,0
DA:943,0
DA:944,0
DA:946,0
DA:948,0
DA:949,0
DA:950,0
DA:951,0
DA:953,0
DA:955,0
DA:956,0
DA:959,0
DA:965,0
DA:966,0
DA:967,0
DA:969,0
DA:970,0
DA:971,0
DA:973,0
DA:975,0
DA:977,0
DA:978,0
DA:979,0
DA:982,0
DA:984,0
DA:985,0
DA:986,0
DA:988,0
DA:989,0
DA:990,0
DA:992,0
DA:993,0
DA:994,0
DA:996,0
DA:1002,0
DA:1003,0
DA:1005,0
DA:1006,0
DA:1008,0
DA:1011,0
DA:1013,0
DA:1014,0
DA:1018,0
DA:1019,0
DA:1020,0
DA:1021,0
DA:1022,0
DA:1026,0
DA:1027,0
DA:1028,0
DA:1034,0
DA:1036,0
DA:1038,0
DA:1042,0
DA:1043,0
DA:1045,0
DA:1046,0
DA:1047,0
DA:1051,0
DA:1052,0
DA:1053,0
DA:1057,0
DA:1063,0
DA:1065,0
DA:1069,0
DA:1071,0
DA:1072,0
DA:1073,0
DA:1074,0
DA:1075,0
DA:1076,0
DA:1077,0
DA:1078,0
DA:1079,0
DA:1082,0
DA:1083,0
DA:1086,0
DA:1088,0
DA:1093,0
DA:1094,0
DA:1095,0
DA:1097,0
DA:1099,0
DA:1100,0
DA:1101,0
DA:1103,0
DA:1105,0
DA:1106,0
DA:1108,0
DA:1110,0
DA:1111,0
DA:1113,0
DA:1115,0
DA:1116,0
DA:1118,0
DA:1120,0
DA:1121,0
DA:1123,0
DA:1125,0
DA:1126,0
DA:1128,0
DA:1130,0
DA:1131,0
DA:1133,0
DA:1136,0
DA:1137,0
DA:1138,0
DA:1142,0
DA:1143,0
DA:1144,0
DA:1146,0
DA:1148,0
DA:1149,0
DA:1150,0
DA:1151,0
DA:1152,0
DA:1154,0
DA:1155,0
DA:1159,0
DA:1160,0
DA:1161,0
DA:1163,0
DA:1165,0
DA:1166,0
DA:1167,0
DA:1170,0
DA:1172,0
DA:1173,0
DA:1176,0
DA:1178,0
DA:1179,0
DA:1182,0
DA:1184,0
DA:1185,0
DA:1188,0
DA:1190,0
DA:1191,0
DA:1194,0
DA:1196,0
DA:1197,0
DA:1200,0
DA:1202,0
DA:1203,0
DA:1206,0
DA:1209,0
DA:1210,0
DA:1211,0
DA:1219,0
DA:1221,0
DA:1222,0
DA:1223,0
DA:1224,0
DA:1225,0
DA:1226,0
DA:1227,0
DA:1228,0
DA:1235,0
DA:1246,0
DA:1247,0
DA:1248,0
DA:1249,0
DA:1252,0
DA:1253,0
DA:1254,0
DA:1258,0
DA:1261,0
DA:1265,0
DA:1274,0
DA:1279,0
DA:1284,0
DA:1285,0
DA:1286,0
DA:1287,0
DA:1291,0
DA:1292,0
DA:1297,0
DA:1298,0
DA:1299,0
DA:1303,0
DA:1304,0
DA:1308,0
DA:1309,0
DA:1313,0
DA:1314,0
DA:1318,0
DA:1319,0
DA:1324,0
DA:1325,0
DA:1326,0
DA:1327,0
DA:1328,0
DA:1330,0
DA:1332,0
DA:1333,0
DA:1334,0
DA:1336,0
DA:1339,0
DA:1340,0
DA:1341,0
DA:1344,0
DA:1347,0
DA:1350,0
DA:1356,0
DA:1357,0
DA:1360,0
DA:1361,0
DA:1372,0
DA:1373,0
DA:1374,0
DA:1375,0
DA:1376,0
DA:1377,0
DA:1378,0
DA:1380,0
DA:1382,0
DA:1383,0
DA:1385,0
DA:1387,0
DA:1388,0
DA:1390,0
DA:1392,0
DA:1393,0
DA:1395,0
DA:1397,0
DA:1398,0
DA:1400,0
DA:1403,0
DA:1404,0
DA:1410,0
DA:1411,0
DA:1412,0
DA:1413,0
DA:1414,0
DA:1415,0
DA:1416,0
DA:1420,0
DA:1421,0
DA:1425,0
DA:1426,0
DA:1431,0
DA:1432,0
DA:1437,0
DA:1438,0
DA:1439,0
DA:1442,0
DA:1444,0
DA:1446,0
DA:1447,0
DA:1449,0
DA:1450,0
DA:1453,0
DA:1455,0
DA:1460,0
DA:1464,0
DA:1465,0
DA:1467,0
DA:1468,0
DA:1471,0
DA:1473,0
DA:1474,0
DA:1475,0
DA:1476,0
DA:1477,0
DA:1479,0
DA:1480,0
DA:1481,0
DA:1482,0
DA:1483,0
DA:1484,0
DA:1487,0
DA:1491,0
DA:1492,0
DA:1494,0
DA:1496,0
DA:1497,0
DA:1498,0
DA:1500,0
DA:1501,0
DA:1504,0
DA:1506,0
DA:1507,0
DA:1508,0
DA:1509,0
DA:1510,0
DA:1511,0
DA:1512,0
DA:1513,0
DA:1514,0
DA:1518,0
DA:1520,0
DA:1522,0
DA:1524,0
DA:1526,0
DA:1527,0
DA:1532,0
DA:1535,0
DA:1536,0
DA:1539,0
DA:1540,0
DA:1542,0
DA:1547,0
DA:1548,0
DA:1550,0
DA:1552,0
DA:1553,0
DA:1555,0
DA:1556,0
DA:1559,0
DA:1560,0
DA:1562,0
DA:1564,0
DA:1565,0
DA:1567,0
DA:1569,0
DA:1570,0
DA:1572,0
DA:1574,0
DA:1575,0
DA:1577,0
DA:1579,0
DA:1580,0
DA:1581,0
DA:1586,0
DA:1588,0
DA:1591,0
DA:1592,0
DA:1594,0
DA:1595,0
DA:1596,0
DA:1597,0
DA:1604,0
DA:1608,0
DA:1611,0
DA:1612,0
DA:1614,0
DA:1616,0
DA:1617,0
DA:1619,0
DA:1622,0
DA:1623,0
DA:1625,0
DA:1627,0
DA:1628,0
DA:1630,0
DA:1631,0
DA:1635,0
DA:1638,0
DA:1643,0
DA:1644,0
DA:1645,0
DA:1647,0
DA:1648,0
DA:1649,0
DA:1650,0
DA:1652,0
DA:1653,0
DA:1654,0
DA:1655,0
DA:1659,0
DA:1660,0
DA:1664,0
DA:1665,0
DA:1670,0
DA:1671,0
DA:1674,0
DA:1675,0
DA:1676,0
DA:1678,0
DA:1679,0
DA:1680,0
DA:1681,0
DA:1685,0
DA:1686,0
DA:1690,0
DA:1691,0
DA:1696,0
DA:1697,0
DA:1700,0
DA:1702,0
DA:1703,0
DA:1704,0
DA:1706,0
DA:1707,0
DA:1708,0
DA:1709,0
DA:1713,0
DA:1714,0
DA:1718,0
DA:1719,0
DA:1723,0
DA:1724,0
DA:1728,0
DA:1729,0
DA:1734,0
DA:1735,0
DA:1738,0
DA:1739,0
DA:1740,0
DA:1742,0
DA:1743,0
DA:1744,0
DA:1745,0
DA:1749,0
DA:1750,0
DA:1755,0
DA:1756,0
DA:1759,0
DA:1760,0
DA:1761,0
DA:1763,0
DA:1764,0
DA:1765,0
DA:1766,0
DA:1770,0
DA:1771,0
DA:1775,0
DA:1776,0
DA:1781,0
DA:1782,0
LF:822
LH:4
end_of_record
SF:lib/src/features/settings/presentation/premium_screen.dart
DA:17,3
DA:158,3
DA:160,0
DA:162,0
DA:219,0
DA:225,0
DA:226,0
DA:227,0
DA:394,0
DA:395,0
DA:396,0
DA:397,0
DA:401,0
DA:403,0
DA:404,0
DA:407,0
DA:408,0
DA:409,0
DA:410,0
DA:411,0
DA:412,0
DA:413,0
DA:414,0
DA:418,0
DA:420,0
DA:421,0
DA:422,0
DA:425,0
DA:426,0
DA:429,0
DA:431,0
DA:432,0
DA:433,0
DA:435,0
DA:438,0
DA:439,0
DA:440,0
DA:441,0
DA:442,0
DA:444,0
DA:445,0
DA:446,0
DA:447,0
DA:450,0
DA:451,0
DA:452,0
DA:453,0
DA:454,0
DA:455,0
DA:458,0
DA:459,0
DA:461,0
DA:465,0
DA:466,0
DA:468,0
DA:469,0
DA:470,0
DA:472,0
DA:474,0
DA:475,0
DA:477,0
DA:478,0
DA:479,0
DA:482,0
DA:483,0
DA:485,0
DA:489,0
DA:490,0
DA:492,0
DA:493,0
DA:494,0
DA:495,0
DA:496,0
DA:498,0
DA:499,0
DA:501,0
DA:505,0
DA:506,0
DA:507,0
DA:508,0
DA:514,0
DA:519,0
DA:520,0
DA:523,0
DA:524,0
DA:526,0
DA:528,0
DA:529,0
DA:539,0
DA:542,0
DA:549,0
DA:552,0
DA:558,0
DA:560,0
DA:561,0
DA:562,0
DA:563,0
DA:565,0
DA:569,0
DA:570,0
DA:572,0
DA:573,0
DA:583,0
DA:585,0
DA:588,0
DA:589,0
DA:595,0
DA:602,0
DA:604,0
DA:605,0
DA:606,0
DA:609,0
DA:610,0
DA:611,0
DA:615,0
DA:620,0
DA:627,0
DA:628,0
DA:629,0
DA:633,0
DA:634,0
DA:635,0
DA:641,0
DA:643,0
DA:644,0
DA:646,0
DA:649,0
DA:652,0
DA:654,0
DA:655,0
DA:656,0
DA:664,0
DA:667,0
DA:670,0
DA:672,0
DA:673,0
DA:674,0
DA:683,0
DA:684,0
DA:686,0
DA:688,0
DA:691,0
DA:692,0
DA:693,0
DA:695,0
DA:696,0
DA:706,0
DA:709,0
DA:710,0
DA:719,0
DA:720,0
DA:722,0
DA:723,0
DA:727,0
DA:728,0
DA:729,0
DA:737,0
DA:740,0
DA:742,0
DA:743,0
DA:744,0
DA:745,0
DA:750,0
DA:751,0
DA:753,0
DA:754,0
DA:755,0
DA:756,0
DA:770,0
DA:771,0
DA:772,0
DA:773,0
DA:774,0
DA:775,0
DA:776,0
DA:777,0
DA:779,0
DA:780,0
DA:782,0
DA:785,0
DA:786,0
DA:787,0
DA:806,0
DA:807,0
DA:808,0
DA:810,0
DA:811,0
DA:812,0
DA:813,0
DA:814,0
DA:821,0
DA:822,0
DA:823,0
DA:824,0
DA:825,0
DA:828,0
DA:831,0
DA:833,0
DA:834,0
DA:840,0
DA:843,0
DA:846,0
DA:848,0
DA:849,0
DA:855,0
DA:857,0
DA:859,0
DA:860,0
DA:862,0
DA:863,0
DA:866,0
DA:867,0
DA:868,0
DA:870,0
DA:871,0
DA:872,0
DA:875,0
DA:879,0
DA:880,0
DA:881,0
DA:884,0
DA:887,0
DA:888,0
DA:889,0
DA:890,0
DA:892,0
DA:894,0
DA:895,0
DA:896,0
DA:901,0
DA:903,0
DA:904,0
DA:905,0
DA:908,0
DA:910,0
DA:911,0
DA:912,0
DA:913,0
DA:919,0
DA:921,0
DA:926,0
DA:927,0
DA:928,0
DA:930,0
DA:931,0
DA:932,0
DA:936,0
DA:937,0
DA:938,0
DA:939,0
DA:940,0
DA:941,0
DA:943,0
DA:944,0
DA:946,0
DA:949,0
DA:950,0
DA:951,0
DA:952,0
DA:954,0
DA:955,0
DA:957,0
DA:961,0
DA:962,0
DA:963,0
DA:964,0
DA:981,0
DA:983,0
DA:985,0
DA:987,0
DA:988,0
DA:989,0
DA:992,0
DA:993,0
DA:996,0
DA:998,0
DA:1002,0
DA:1003,0
DA:1004,0
DA:1015,0
DA:1017,0
DA:1019,0
DA:1020,0
DA:1022,0
DA:1023,0
DA:1025,0
DA:1026,0
DA:1027,0
DA:1038,0
DA:1039,0
DA:1040,0
DA:1045,0
DA:1046,0
DA:1047,0
DA:1048,0
DA:1049,0
DA:1053,0
DA:1055,0
DA:1057,0
DA:1058,0
DA:1059,0
DA:1063,0
DA:1064,0
DA:1067,0
DA:1069,0
DA:1071,0
DA:1083,0
DA:1099,0
DA:1103,0
DA:1104,0
DA:1105,0
DA:1106,0
DA:1108,0
DA:1109,0
DA:1110,0
DA:1111,0
DA:1112,0
DA:1113,0
DA:1118,0
DA:1119,0
DA:1120,0
DA:1121,0
DA:1122,0
DA:1123,0
DA:1124,0
DA:1127,0
DA:1128,0
DA:1129,0
DA:1130,0
DA:1132,0
DA:1133,0
DA:1134,0
DA:1138,0
DA:1139,0
DA:1141,0
DA:1142,0
DA:1144,0
DA:1145,0
DA:1146,0
DA:1147,0
DA:1148,0
DA:1150,0
DA:1154,0
DA:1155,0
DA:1164,0
DA:1166,0
DA:1167,0
DA:1179,0
DA:1199,0
DA:1201,0
DA:1202,0
DA:1210,0
DA:1211,0
DA:1212,0
DA:1213,0
DA:1215,0
DA:1216,0
DA:1217,0
DA:1218,0
DA:1219,0
DA:1222,0
DA:1225,0
DA:1226,0
DA:1228,0
DA:1229,0
DA:1230,0
DA:1231,0
DA:1234,0
DA:1236,0
DA:1246,0
DA:1256,0
DA:1258,0
DA:1259,0
DA:1260,0
DA:1261,0
DA:1264,0
DA:1265,0
DA:1267,0
DA:1269,0
DA:1270,0
DA:1271,0
DA:1272,0
DA:1273,0
DA:1275,0
DA:1277,0
DA:1278,0
DA:1279,0
LF:387
LH:2
end_of_record
SF:lib/src/features/profile/presentation/profile_detail_screen.dart
DA:30,0
DA:36,0
DA:38,0
DA:54,0
DA:56,0
DA:57,0
DA:58,0
DA:60,0
DA:61,0
DA:64,0
DA:66,0
DA:67,0
DA:68,0
DA:69,0
DA:70,0
DA:73,0
DA:74,0
DA:75,0
DA:76,0
DA:78,0
DA:79,0
DA:80,0
DA:82,0
DA:83,0
DA:85,0
DA:88,0
DA:92,0
DA:96,0
DA:99,0
DA:100,0
DA:101,0
DA:102,0
DA:103,0
DA:104,0
DA:105,0
DA:109,0
DA:111,0
DA:112,0
DA:113,0
DA:114,0
DA:115,0
DA:119,0
DA:120,0
DA:121,0
DA:123,0
DA:124,0
DA:128,0
DA:129,0
DA:133,0
DA:134,0
DA:136,0
DA:137,0
DA:139,0
DA:140,0
DA:141,0
DA:143,0
DA:149,0
DA:150,0
DA:151,0
DA:153,0
DA:155,0
DA:156,0
DA:157,0
DA:158,0
DA:159,0
DA:160,0
DA:161,0
DA:162,0
DA:163,0
DA:164,0
DA:165,0
DA:166,0
DA:168,0
DA:172,0
DA:173,0
DA:174,0
DA:177,0
DA:179,0
DA:181,0
DA:182,0
DA:184,0
DA:185,0
DA:186,0
DA:187,0
DA:188,0
DA:191,0
DA:192,0
DA:197,0
DA:198,0
DA:200,0
DA:201,0
DA:204,0
DA:205,0
DA:209,0
DA:212,0
DA:213,0
DA:219,0
DA:221,0
DA:223,0
DA:224,0
DA:227,0
DA:234,0
DA:238,0
DA:251,0
DA:254,0
DA:255,0
DA:256,0
DA:260,0
DA:261,0
DA:263,0
DA:264,0
DA:265,0
DA:266,0
DA:268,0
DA:273,0
DA:283,0
DA:285,0
DA:286,0
DA:290,0
DA:294,0
DA:299,0
DA:301,0
DA:304,0
DA:319,0
DA:321,0
DA:322,0
DA:323,0
DA:342,0
DA:343,0
DA:345,0
DA:346,0
DA:347,0
DA:348,0
DA:350,0
DA:354,0
DA:355,0
DA:358,0
DA:362,0
DA:364,0
DA:366,0
DA:367,0
DA:370,0
DA:372,0
DA:382,0
DA:384,0
DA:386,0
DA:387,0
DA:390,0
DA:392,0
DA:398,0
DA:400,0
DA:401,0
DA:405,0
DA:406,0
DA:407,0
DA:408,0
DA:409,0
DA:410,0
DA:411,0
DA:412,0
DA:413,0
DA:417,0
DA:422,0
DA:425,0
DA:426,0
DA:429,0
DA:432,0
DA:442,0
DA:445,0
DA:446,0
DA:449,0
DA:451,0
DA:462,0
DA:463,0
DA:464,0
DA:465,0
DA:469,0
DA:470,0
DA:471,0
DA:473,0
DA:475,0
DA:476,0
DA:478,0
DA:479,0
DA:481,0
DA:482,0
DA:492,0
DA:493,0
DA:497,0
DA:498,0
DA:499,0
DA:500,0
DA:501,0
DA:504,0
DA:505,0
DA:506,0
DA:511,0
DA:519,0
DA:521,0
DA:522,0
DA:523,0
DA:524,0
DA:527,0
DA:531,0
DA:532,0
DA:535,0
DA:537,0
DA:538,0
DA:539,0
DA:540,0
DA:541,0
DA:548,0
DA:553,0
DA:557,0
DA:558,0
DA:559,0
DA:560,0
DA:564,0
DA:565,0
DA:566,0
DA:567,0
DA:569,0
DA:571,0
DA:578,0
DA:579,0
DA:580,0
DA:581,0
DA:582,0
DA:584,0
DA:585,0
DA:586,0
DA:587,0
DA:593,0
DA:594,0
DA:596,0
DA:597,0
DA:600,0
DA:603,0
DA:605,0
DA:607,0
DA:610,0
DA:624,0
DA:626,0
DA:628,0
DA:629,0
DA:631,0
DA:636,0
DA:637,0
DA:638,0
DA:640,0
DA:645,0
DA:646,0
DA:648,0
DA:653,0
DA:654,0
DA:656,0
DA:661,0
DA:662,0
DA:664,0
DA:670,0
DA:678,0
DA:680,0
DA:682,0
DA:684,0
DA:686,0
DA:693,0
DA:695,0
DA:696,0
DA:699,0
DA:701,0
DA:702,0
DA:703,0
DA:706,0
DA:708,0
DA:709,0
DA:710,0
DA:713,0
DA:714,0
DA:715,0
DA:716,0
DA:718,0
DA:720,0
DA:721,0
DA:722,0
DA:724,0
DA:727,0
DA:728,0
DA:729,0
DA:730,0
DA:739,0
DA:743,0
DA:744,0
DA:745,0
DA:749,0
DA:759,0
DA:760,0
DA:762,0
DA:765,0
DA:766,0
DA:767,0
DA:771,0
DA:774,0
DA:783,0
DA:786,0
DA:787,0
DA:788,0
DA:789,0
DA:794,0
DA:795,0
DA:796,0
DA:797,0
DA:802,0
DA:803,0
DA:804,0
DA:805,0
DA:810,0
DA:811,0
DA:812,0
DA:813,0
DA:818,0
DA:819,0
DA:820,0
DA:821,0
DA:826,0
DA:827,0
DA:828,0
DA:829,0
DA:834,0
DA:835,0
DA:836,0
DA:837,0
DA:845,0
DA:847,0
DA:849,0
DA:850,0
DA:851,0
DA:854,0
DA:861,0
DA:863,0
DA:864,0
DA:867,0
DA:868,0
DA:869,0
DA:870,0
DA:871,0
DA:872,0
DA:883,0
DA:897,0
DA:898,0
DA:904,0
DA:905,0
DA:907,0
DA:908,0
DA:912,0
DA:914,0
DA:916,0
DA:917,0
DA:918,0
DA:919,0
DA:920,0
DA:926,0
DA:928,0
DA:929,0
DA:931,0
DA:932,0
DA:934,0
DA:935,0
DA:937,0
DA:950,0
DA:952,0
DA:953,0
DA:954,0
DA:955,0
DA:956,0
DA:960,0
DA:962,0
DA:963,0
DA:966,0
DA:968,0
DA:971,0
DA:973,0
DA:975,0
DA:976,0
DA:977,0
DA:979,0
DA:982,0
DA:985,0
DA:986,0
DA:987,0
DA:999,0
DA:1002,0
DA:1004,0
DA:1024,0
DA:1031,0
DA:1033,0
DA:1034,0
DA:1036,0
DA:1037,0
DA:1039,0
DA:1042,0
DA:1044,0
DA:1046,0
DA:1047,0
DA:1049,0
DA:1051,0
DA:1052,0
DA:1053,0
DA:1056,0
DA:1057,0
DA:1070,0
DA:1073,0
DA:1075,0
DA:1076,0
DA:1077,0
DA:1080,0
DA:1081,0
DA:1082,0
DA:1083,0
DA:1085,0
DA:1086,0
DA:1087,0
DA:1088,0
DA:1108,0
DA:1116,0
DA:1117,0
DA:1140,0
DA:1142,0
DA:1143,0
DA:1147,0
DA:1148,0
DA:1149,0
DA:1150,0
DA:1151,0
DA:1152,0
DA:1153,0
DA:1154,0
DA:1155,0
DA:1159,0
DA:1160,0
DA:1161,0
DA:1162,0
DA:1164,0
DA:1165,0
DA:1169,0
DA:1172,0
DA:1174,0
DA:1175,0
DA:1176,0
DA:1177,0
DA:1179,0
DA:1180,0
DA:1181,0
DA:1185,0
DA:1187,0
DA:1188,0
DA:1189,0
DA:1192,0
DA:1193,0
DA:1194,0
DA:1197,0
DA:1199,0
DA:1200,0
DA:1202,0
DA:1203,0
DA:1204,0
DA:1205,0
DA:1206,0
DA:1207,0
DA:1208,0
DA:1209,0
DA:1210,0
DA:1212,0
DA:1215,0
DA:1216,0
DA:1217,0
DA:1218,0
DA:1220,0
DA:1222,0
DA:1224,0
DA:1225,0
DA:1242,0
DA:1244,0
DA:1246,0
DA:1247,0
DA:1248,0
DA:1249,0
DA:1251,0
DA:1252,0
DA:1253,0
DA:1254,0
DA:1256,0
DA:1257,0
DA:1258,0
DA:1259,0
DA:1263,0
DA:1264,0
LF:496
LH:0
end_of_record
SF:lib/src/features/profile/presentation/profile_card_preview.dart
DA:17,3
DA:19,0
DA:20,0
DA:30,0
DA:32,0
DA:33,0
DA:34,0
DA:35,0
DA:38,0
DA:39,0
DA:40,0
DA:41,0
DA:43,0
DA:45,0
DA:46,0
DA:47,0
DA:49,0
DA:50,0
DA:51,0
DA:53,0
DA:54,0
DA:57,0
DA:61,0
DA:63,0
DA:64,0
DA:65,0
DA:74,0
DA:75,0
DA:76,0
DA:78,0
DA:79,0
DA:80,0
DA:81,0
DA:82,0
DA:83,0
DA:84,0
DA:85,0
DA:86,0
DA:87,0
DA:88,0
DA:89,0
DA:91,0
DA:95,0
DA:96,0
DA:97,0
DA:100,0
DA:102,0
DA:104,0
DA:105,0
DA:107,0
DA:108,0
DA:109,0
DA:110,0
DA:111,0
DA:112,0
DA:115,0
DA:116,0
DA:117,0
DA:118,0
DA:120,0
DA:121,0
DA:122,0
DA:126,0
DA:134,0
DA:135,0
DA:139,0
DA:142,0
DA:143,0
DA:149,0
DA:151,0
DA:153,0
DA:154,0
DA:157,0
DA:171,0
DA:172,0
DA:174,0
DA:175,0
DA:176,0
DA:177,0
DA:183,0
DA:185,0
DA:186,0
DA:187,0
DA:190,0
DA:193,0
DA:194,0
DA:196,0
DA:207,0
DA:209,0
DA:210,0
DA:220,0
DA:221,0
DA:223,0
DA:224,0
DA:225,0
DA:226,0
DA:228,0
DA:232,0
DA:233,0
DA:236,0
DA:239,0
DA:241,0
DA:243,0
DA:244,0
DA:247,0
DA:249,0
DA:259,0
DA:261,0
DA:263,0
DA:264,0
DA:267,0
DA:269,0
DA:275,0
DA:277,0
DA:279,0
DA:280,0
DA:283,0
DA:285,0
DA:291,0
DA:293,0
DA:294,0
DA:299,0
DA:300,0
DA:301,0
DA:302,0
DA:303,0
DA:304,0
DA:305,0
DA:306,0
DA:307,0
DA:308,0
DA:310,0
DA:311,0
DA:313,0
DA:316,0
DA:318,0
DA:319,0
DA:320,0
DA:323,0
DA:325,0
DA:326,0
DA:329,0
DA:330,0
DA:335,0
DA:340,0
DA:343,0
DA:344,0
DA:349,0
DA:350,0
DA:354,0
DA:357,0
DA:363,0
DA:364,0
DA:367,0
DA:370,0
DA:371,0
DA:372,0
DA:374,0
DA:383,0
DA:384,0
DA:385,0
DA:386,0
DA:387,0
DA:388,0
DA:389,0
DA:390,0
DA:391,0
DA:393,0
DA:404,0
DA:405,0
DA:407,0
DA:410,0
DA:411,0
DA:412,0
DA:416,0
DA:419,0
DA:428,0
DA:431,0
DA:432,0
DA:433,0
DA:434,0
DA:439,0
DA:440,0
DA:441,0
DA:442,0
DA:447,0
DA:448,0
DA:449,0
DA:450,0
DA:455,0
DA:456,0
DA:457,0
DA:458,0
DA:463,0
DA:464,0
DA:465,0
DA:466,0
DA:471,0
DA:472,0
DA:473,0
DA:474,0
DA:479,0
DA:480,0
DA:481,0
DA:482,0
DA:490,0
DA:492,0
DA:494,0
DA:495,0
DA:496,0
DA:499,0
DA:506,0
DA:508,0
DA:509,0
DA:512,0
DA:513,0
DA:514,0
DA:515,0
DA:516,0
DA:517,0
DA:528,0
DA:542,0
DA:543,0
DA:548,0
DA:550,0
DA:551,0
DA:555,0
DA:557,0
DA:559,0
DA:560,0
DA:561,0
DA:562,0
DA:563,0
DA:569,0
DA:571,0
DA:572,0
DA:574,0
DA:575,0
DA:577,0
DA:578,0
DA:580,0
DA:593,0
DA:595,0
DA:596,0
DA:597,0
DA:598,0
DA:599,0
DA:603,0
DA:605,0
DA:606,0
DA:609,0
DA:611,0
DA:614,0
DA:616,0
DA:618,0
DA:619,0
DA:620,0
DA:622,0
DA:625,0
DA:628,0
DA:629,0
DA:630,0
DA:642,0
DA:645,0
DA:647,0
DA:660,0
DA:662,0
DA:664,0
DA:666,0
DA:668,0
DA:675,0
DA:677,0
DA:678,0
DA:681,0
DA:683,0
DA:684,0
DA:685,0
DA:688,0
DA:690,0
DA:691,0
DA:692,0
DA:695,0
DA:696,0
DA:697,0
DA:698,0
DA:700,0
DA:702,0
DA:703,0
DA:704,0
DA:706,0
DA:709,0
DA:710,0
DA:711,0
DA:712,0
DA:721,0
DA:725,0
DA:726,0
DA:727,0
DA:731,0
DA:741,0
DA:749,0
DA:750,0
DA:752,0
DA:753,0
DA:755,0
DA:763,0
DA:764,0
DA:766,0
DA:769,0
DA:774,0
DA:775,0
DA:777,0
DA:786,0
DA:794,0
DA:803,0
DA:808,0
DA:811,0
DA:813,0
DA:815,0
DA:816,0
DA:818,0
DA:820,0
DA:821,0
DA:823,0
DA:824,0
DA:826,0
DA:843,0
DA:850,0
DA:852,0
DA:853,0
DA:855,0
DA:856,0
DA:858,0
DA:861,0
DA:863,0
DA:865,0
DA:866,0
DA:868,0
DA:870,0
DA:871,0
DA:872,0
DA:875,0
DA:876,0
LF:343
LH:1
end_of_record
SF:lib/src/features/profile/presentation/edit_profile_screen.dart
DA:28,3
DA:30,0
DA:31,0
DA:74,0
DA:76,0
DA:77,0
DA:79,0
DA:80,0
DA:81,0
DA:82,0
DA:84,0
DA:85,0
DA:89,0
DA:90,0
DA:96,0
DA:105,0
DA:113,0
DA:119,0
DA:120,0
DA:121,0
DA:122,0
DA:123,0
DA:124,0
DA:125,0
DA:126,0
DA:127,0
DA:128,0
DA:129,0
DA:132,0
DA:133,0
DA:134,0
DA:135,0
DA:136,0
DA:137,0
DA:138,0
DA:139,0
DA:140,0
DA:144,0
DA:149,0
DA:154,0
DA:158,0
DA:164,0
DA:171,0
DA:172,0
DA:179,0
DA:180,0
DA:183,0
DA:184,0
DA:185,0
DA:186,0
DA:187,0
DA:188,0
DA:189,0
DA:191,0
DA:192,0
DA:193,0
DA:194,0
DA:195,0
DA:196,0
DA:199,0
DA:200,0
DA:203,0
DA:205,0
DA:206,0
DA:207,0
DA:208,0
DA:209,0
DA:210,0
DA:211,0
DA:212,0
DA:213,0
DA:216,0
DA:217,0
DA:218,0
DA:219,0
DA:221,0
DA:222,0
DA:223,0
DA:224,0
DA:225,0
DA:226,0
DA:227,0
DA:228,0
DA:229,0
DA:232,0
DA:236,0
DA:239,0
DA:288,0
DA:289,0
DA:290,0
DA:293,0
DA:294,0
DA:295,0
DA:298,0
DA:299,0
DA:300,0
DA:301,0
DA:302,0
DA:303,0
DA:306,0
DA:307,0
DA:308,0
DA:311,0
DA:312,0
DA:315,0
DA:319,0
DA:321,0
DA:322,0
DA:324,0
DA:330,0
DA:331,0
DA:333,0
DA:334,0
DA:335,0
DA:336,0
DA:337,0
DA:338,0
DA:339,0
DA:340,0
DA:341,0
DA:342,0
DA:343,0
DA:344,0
DA:347,0
DA:348,0
DA:349,0
DA:351,0
DA:352,0
DA:354,0
DA:355,0
DA:356,0
DA:357,0
DA:358,0
DA:359,0
DA:360,0
DA:361,0
DA:362,0
DA:363,0
DA:364,0
DA:365,0
DA:366,0
DA:367,0
DA:369,0
DA:370,0
DA:371,0
DA:373,0
DA:374,0
DA:377,0
DA:385,0
DA:386,0
DA:388,0
DA:391,0
DA:394,0
DA:395,0
DA:396,0
DA:397,0
DA:398,0
DA:399,0
DA:400,0
DA:403,0
DA:404,0
DA:405,0
DA:406,0
DA:407,0
DA:408,0
DA:418,0
DA:419,0
DA:420,0
DA:421,0
DA:427,0
DA:428,0
DA:429,0
DA:430,0
DA:431,0
DA:433,0
DA:434,0
DA:438,0
DA:439,0
DA:440,0
DA:444,0
DA:449,0
DA:450,0
DA:451,0
DA:452,0
DA:453,0
DA:454,0
DA:455,0
DA:457,0
DA:459,0
DA:468,0
DA:470,0
DA:476,0
DA:477,0
DA:478,0
DA:479,0
DA:480,0
DA:481,0
DA:482,0
DA:483,0
DA:484,0
DA:490,0
DA:491,0
DA:492,0
DA:494,0
DA:495,0
DA:497,0
DA:498,0
DA:499,0
DA:500,0
DA:501,0
DA:502,0
DA:503,0
DA:504,0
DA:505,0
DA:506,0
DA:507,0
DA:508,0
DA:509,0
DA:510,0
DA:512,0
DA:515,0
DA:516,0
DA:521,0
DA:522,0
DA:523,0
DA:527,0
DA:528,0
DA:529,0
DA:536,0
DA:537,0
DA:538,0
DA:539,0
DA:541,0
DA:542,0
DA:546,0
DA:547,0
DA:548,0
DA:549,0
DA:550,0
DA:551,0
DA:552,0
DA:553,0
DA:554,0
DA:555,0
DA:557,0
DA:558,0
DA:568,0
DA:569,0
DA:570,0
DA:572,0
DA:573,0
DA:574,0
DA:576,0
DA:577,0
DA:578,0
DA:580,0
DA:581,0
DA:582,0
DA:584,0
DA:585,0
DA:586,0
DA:588,0
DA:589,0
DA:590,0
DA:592,0
DA:593,0
DA:594,0
DA:598,0
DA:599,0
DA:600,0
DA:601,0
DA:602,0
DA:603,0
DA:604,0
DA:605,0
DA:606,0
DA:615,0
DA:616,0
DA:617,0
DA:619,0
DA:621,0
DA:623,0
DA:624,0
DA:625,0
DA:626,0
DA:627,0
DA:629,0
DA:630,0
DA:631,0
DA:633,0
DA:634,0
DA:635,0
DA:637,0
DA:638,0
DA:639,0
DA:641,0
DA:642,0
DA:643,0
DA:645,0
DA:646,0
DA:647,0
DA:649,0
DA:650,0
DA:651,0
DA:652,0
DA:656,0
DA:657,0
DA:665,0
DA:666,0
DA:667,0
DA:671,0
DA:672,0
DA:673,0
DA:683,0
DA:684,0
DA:685,0
DA:686,0
DA:687,0
DA:689,0
DA:690,0
DA:692,0
DA:693,0
DA:697,0
DA:699,0
DA:700,0
DA:706,0
DA:707,0
DA:708,0
DA:709,0
DA:710,0
DA:717,0
DA:719,0
DA:720,0
DA:721,0
DA:723,0
DA:725,0
DA:728,0
DA:729,0
DA:731,0
DA:732,0
DA:745,0
DA:746,0
DA:747,0
DA:748,0
DA:749,0
DA:750,0
DA:751,0
DA:752,0
DA:753,0
DA:754,0
DA:755,0
DA:757,0
DA:760,0
DA:761,0
DA:762,0
DA:765,0
DA:768,0
DA:824,0
DA:825,0
DA:826,0
DA:828,0
DA:829,0
DA:830,0
DA:832,0
DA:838,0
DA:839,0
DA:840,0
DA:841,0
DA:842,0
DA:843,0
DA:844,0
DA:845,0
DA:847,0
DA:848,0
DA:849,0
DA:850,0
DA:868,0
DA:876,0
DA:878,0
DA:879,0
DA:882,0
DA:883,0
DA:884,0
DA:885,0
DA:886,0
DA:889,0
DA:890,0
DA:896,0
DA:898,0
DA:900,0
DA:903,0
DA:905,0
DA:909,0
DA:911,0
DA:912,0
DA:913,0
DA:915,0
DA:916,0
DA:917,0
DA:918,0
DA:920,0
DA:930,0
DA:932,0
DA:933,0
DA:935,0
DA:936,0
DA:938,0
DA:940,0
DA:944,0
DA:946,0
DA:947,0
DA:948,0
DA:950,0
DA:951,0
DA:952,0
DA:957,0
DA:959,0
DA:960,0
DA:961,0
DA:962,0
DA:964,0
DA:965,0
DA:973,0
DA:974,0
DA:977,0
DA:980,0
DA:982,0
DA:987,0
DA:988,0
DA:989,0
DA:990,0
DA:991,0
DA:992,0
DA:998,0
DA:999,0
DA:1000,0
DA:1001,0
DA:1008,0
DA:1009,0
DA:1010,0
DA:1014,0
DA:1015,0
DA:1017,0
DA:1018,0
DA:1019,0
DA:1020,0
DA:1021,0
DA:1022,0
DA:1023,0
DA:1025,0
DA:1027,0
DA:1028,0
DA:1029,0
DA:1036,0
DA:1049,0
DA:1071,0
DA:1073,0
DA:1074,0
DA:1075,0
DA:1076,0
DA:1078,0
DA:1079,0
DA:1080,0
DA:1081,0
DA:1083,0
DA:1084,0
DA:1085,0
DA:1086,0
DA:1094,0
DA:1096,0
DA:1098,0
DA:1099,0
DA:1100,0
DA:1101,0
DA:1102,0
DA:1104,0
DA:1106,0
DA:1107,0
DA:1108,0
DA:1109,0
DA:1112,0
DA:1113,0
DA:1116,0
DA:1117,0
DA:1118,0
DA:1120,0
DA:1121,0
DA:1124,0
DA:1125,0
DA:1128,0
DA:1136,0
DA:1139,0
DA:1140,0
DA:1141,0
DA:1156,0
DA:1157,0
DA:1158,0
DA:1159,0
DA:1162,0
DA:1163,0
DA:1164,0
DA:1167,0
DA:1168,0
DA:1175,0
DA:1177,0
DA:1192,0
DA:1222,0
DA:1224,0
DA:1226,0
DA:1228,0
DA:1229,0
DA:1230,0
DA:1232,0
DA:1233,0
DA:1234,0
DA:1235,0
DA:1243,0
DA:1244,0
DA:1245,0
DA:1249,0
DA:1250,0
DA:1251,0
DA:1252,0
DA:1253,0
DA:1255,0
DA:1256,0
DA:1258,0
DA:1260,0
DA:1262,0
DA:1264,0
DA:1265,0
DA:1266,0
DA:1267,0
DA:1275,0
DA:1276,0
DA:1277,0
DA:1279,0
DA:1280,0
DA:1281,0
DA:1282,0
DA:1290,0
DA:1292,0
DA:1293,0
DA:1294,0
DA:1295,0
DA:1296,0
DA:1301,0
DA:1302,0
DA:1303,0
DA:1304,0
DA:1305,0
DA:1306,0
DA:1307,0
DA:1308,0
DA:1309,0
DA:1310,0
DA:1311,0
DA:1312,0
DA:1317,0
DA:1318,0
DA:1319,0
DA:1322,0
DA:1323,0
DA:1324,0
DA:1327,0
DA:1328,0
DA:1330,0
DA:1331,0
DA:1332,0
DA:1333,0
DA:1334,0
DA:1340,0
DA:1341,0
DA:1343,0
DA:1356,0
DA:1357,0
DA:1358,0
DA:1359,0
DA:1360,0
DA:1361,0
DA:1362,0
DA:1364,0
DA:1365,0
DA:1368,0
DA:1369,0
DA:1370,0
DA:1371,0
DA:1374,0
DA:1375,0
DA:1377,0
DA:1378,0
DA:1387,0
DA:1389,0
DA:1392,0
DA:1393,0
DA:1396,0
DA:1398,0
DA:1399,0
DA:1400,0
DA:1412,0
DA:1470,0
DA:1472,0
DA:1474,0
DA:1476,0
DA:1478,0
DA:1480,0
DA:1484,0
DA:1486,0
DA:1490,0
DA:1492,0
DA:1493,0
DA:1495,0
DA:1496,0
DA:1497,0
DA:1499,0
DA:1501,0
DA:1502,0
DA:1503,0
DA:1506,0
DA:1508,0
DA:1509,0
DA:1510,0
DA:1513,0
DA:1515,0
DA:1516,0
DA:1517,0
DA:1519,0
DA:1520,0
DA:1522,0
DA:1523,0
DA:1524,0
DA:1528,0
DA:1531,0
DA:1533,0
DA:1534,0
DA:1535,0
DA:1537,0
DA:1538,0
DA:1539,0
DA:1540,0
DA:1542,0
DA:1544,0
DA:1547,0
DA:1548,0
DA:1549,0
DA:1551,0
DA:1553,0
DA:1554,0
DA:1556,0
DA:1558,0
DA:1559,0
DA:1561,0
DA:1563,0
DA:1564,0
DA:1566,0
DA:1568,0
DA:1569,0
DA:1571,0
DA:1573,0
DA:1574,0
DA:1576,0
DA:1578,0
DA:1579,0
DA:1581,0
DA:1584,0
DA:1585,0
DA:1589,0
DA:1591,0
DA:1593,0
DA:1594,0
DA:1595,0
DA:1596,0
DA:1597,0
DA:1598,0
DA:1599,0
DA:1600,0
DA:1602,0
DA:1604,0
DA:1607,0
DA:1608,0
DA:1609,0
DA:1612,0
DA:1613,0
DA:1616,0
DA:1617,0
DA:1620,0
DA:1621,0
DA:1625,0
DA:1626,0
DA:1630,0
DA:1632,0
DA:1634,0
DA:1635,0
DA:1636,0
DA:1637,0
DA:1638,0
DA:1639,0
DA:1640,0
DA:1641,0
DA:1643,0
DA:1645,0
DA:1648,0
DA:1649,0
DA:1650,0
DA:1653,0
DA:1655,0
DA:1656,0
DA:1659,0
DA:1661,0
DA:1662,0
DA:1665,0
DA:1667,0
DA:1668,0
DA:1671,0
DA:1673,0
DA:1674,0
DA:1677,0
DA:1679,0
DA:1680,0
DA:1683,0
DA:1685,0
DA:1686,0
DA:1689,0
DA:1692,0
DA:1693,0
DA:1697,0
DA:1702,0
DA:1703,0
DA:1704,0
DA:1705,0
DA:1707,0
DA:1709,0
DA:1710,0
DA:1719,0
DA:1720,0
DA:1722,0
DA:1723,0
DA:1725,0
DA:1727,0
DA:1728,0
DA:1729,0
DA:1738,0
DA:1739,0
DA:1740,0
DA:1741,0
DA:1742,0
DA:1743,0
DA:1747,0
DA:1748,0
DA:1753,0
DA:1754,0
DA:1755,0
DA:1756,0
DA:1757,0
DA:1758,0
DA:1760,0
DA:1762,0
DA:1764,0
DA:1765,0
DA:1766,0
DA:1768,0
DA:1769,0
DA:1771,0
DA:1772,0
DA:1774,0
DA:1775,0
DA:1776,0
DA:1777,0
DA:1778,0
DA:1779,0
DA:1785,0
DA:1786,0
DA:1787,0
DA:1788,0
DA:1789,0
DA:1790,0
DA:1792,0
DA:1795,0
DA:1796,0
DA:1797,0
DA:1799,0
DA:1804,0
DA:1810,0
DA:1811,0
DA:1812,0
DA:1813,0
DA:1814,0
DA:1815,0
DA:1816,0
DA:1821,0
DA:1823,0
DA:1824,0
DA:1825,0
DA:1826,0
DA:1827,0
DA:1828,0
DA:1829,0
DA:1832,0
DA:1834,0
DA:1836,0
DA:1838,0
DA:1839,0
DA:1842,0
DA:1843,0
DA:1847,0
DA:1848,0
DA:1849,0
DA:1850,0
DA:1851,0
DA:1852,0
DA:1855,0
DA:1856,0
DA:1858,0
DA:1863,0
DA:1867,0
DA:1868,0
DA:1869,0
DA:1870,0
DA:1871,0
DA:1875,0
DA:1876,0
DA:1881,0
DA:1883,0
DA:1884,0
DA:1885,0
DA:1886,0
DA:1887,0
DA:1888,0
DA:1889,0
DA:1892,0
DA:1894,0
DA:1896,0
DA:1897,0
DA:1898,0
DA:1899,0
DA:1900,0
DA:1901,0
DA:1902,0
DA:1905,0
DA:1906,0
DA:1908,0
DA:1913,0
DA:1917,0
DA:1919,0
DA:1940,0
DA:1941,0
DA:1942,0
DA:1945,0
DA:1946,0
DA:1947,0
DA:1950,0
DA:1951,0
DA:1952,0
DA:1953,0
DA:1954,0
DA:1955,0
DA:1961,0
DA:2015,0
DA:2017,0
DA:2019,0
DA:2021,0
DA:2023,0
DA:2025,0
DA:2028,0
DA:2029,0
DA:2030,0
DA:2031,0
DA:2032,0
DA:2041,0
DA:2043,0
DA:2044,0
DA:2045,0
DA:2047,0
DA:2048,0
DA:2049,0
DA:2050,0
DA:2052,0
DA:2054,0
DA:2057,0
DA:2058,0
DA:2059,0
DA:2063,0
DA:2064,0
DA:2068,0
DA:2069,0
DA:2074,0
DA:2075,0
DA:2081,0
DA:2083,0
DA:2084,0
DA:2085,0
DA:2087,0
DA:2088,0
DA:2089,0
DA:2090,0
DA:2092,0
DA:2094,0
DA:2097,0
DA:2098,0
DA:2099,0
DA:2103,0
DA:2104,0
DA:2108,0
DA:2109,0
DA:2114,0
DA:2115,0
DA:2121,0
DA:2123,0
DA:2124,0
DA:2125,0
DA:2127,0
DA:2128,0
DA:2129,0
DA:2130,0
DA:2132,0
DA:2134,0
DA:2137,0
DA:2138,0
DA:2139,0
DA:2143,0
DA:2144,0
DA:2149,0
DA:2150,0
DA:2156,0
DA:2157,0
DA:2158,0
DA:2159,0
DA:2160,0
DA:2162,0
DA:2163,0
DA:2164,0
DA:2165,0
DA:2167,0
DA:2169,0
DA:2172,0
DA:2173,0
DA:2174,0
DA:2178,0
DA:2179,0
DA:2184,0
DA:2185,0
DA:2192,0
DA:2194,0
DA:2195,0
DA:2196,0
DA:2198,0
DA:2199,0
DA:2200,0
DA:2201,0
DA:2203,0
DA:2205,0
DA:2208,0
DA:2209,0
DA:2210,0
DA:2214,0
DA:2215,0
DA:2219,0
DA:2220,0
DA:2224,0
DA:2225,0
DA:2229,0
DA:2230,0
DA:2235,0
DA:2236,0
DA:2244,0
DA:2245,0
DA:2254,0
DA:2262,0
DA:2264,0
DA:2265,0
DA:2267,0
DA:2268,0
DA:2269,0
DA:2271,0
DA:2273,0
DA:2274,0
DA:2275,0
DA:2277,0
DA:2279,0
DA:2282,0
DA:2283,0
DA:2284,0
DA:2285,0
DA:2286,0
DA:2287,0
DA:2289,0
DA:2291,0
DA:2293,0
DA:2295,0
DA:2299,0
DA:2300,0
DA:2301,0
DA:2302,0
DA:2305,0
DA:2309,0
DA:2311,0
DA:2312,0
DA:2313,0
DA:2317,0
DA:2318,0
DA:2322,0
DA:2323,0
DA:2324,0
DA:2326,0
DA:2327,0
DA:2336,0
DA:2343,0
DA:2344,0
DA:2345,0
DA:2347,0
DA:2348,0
DA:2350,0
DA:2351,0
DA:2352,0
DA:2359,0
DA:2381,0
DA:2383,0
DA:2385,0
DA:2386,0
DA:2389,0
DA:2390,0
DA:2391,0
DA:2397,0
DA:2403,0
DA:2404,0
DA:2405,0
DA:2411,0
DA:2413,0
DA:2418,0
DA:2423,0
DA:2426,0
DA:2427,0
DA:2429,0
DA:2431,0
DA:2432,0
DA:2441,0
DA:2442,0
DA:2443,0
DA:2444,0
DA:2445,0
DA:2446,0
DA:2448,0
DA:2449,0
DA:2451,0
DA:2452,0
DA:2453,0
DA:2454,0
DA:2455,0
DA:2458,0
DA:2459,0
DA:2464,0
DA:2465,0
DA:2467,0
[...]
DA:88,0
DA:89,0
DA:90,0
DA:91,0
DA:93,0
DA:99,0
DA:100,0
DA:101,0
DA:104,0
DA:112,0
DA:113,0
DA:114,0
DA:117,0
DA:118,0
DA:123,0
DA:125,0
DA:126,0
DA:128,0
DA:130,0
DA:131,0
DA:132,0
DA:137,0
DA:138,0
DA:139,0
DA:140,0
DA:141,0
DA:150,0
DA:152,0
DA:153,0
DA:155,0
DA:170,0
DA:173,0
DA:174,0
DA:175,0
DA:177,0
DA:178,0
DA:180,0
DA:181,0
DA:184,0
DA:187,0
DA:188,0
DA:189,0
DA:190,0
LF:74
LH:0
end_of_record
SF:lib/src/shared/widgets/radar_painter.dart
DA:17,1
DA:28,1
DA:30,5
DA:31,2
DA:34,1
DA:35,3
DA:36,1
DA:37,1
DA:39,2
DA:40,3
DA:44,1
DA:45,3
DA:46,1
DA:47,5
DA:48,4
DA:49,5
DA:50,4
DA:53,3
DA:54,1
DA:55,2
DA:56,1
DA:58,1
DA:60,2
DA:61,2
DA:64,2
DA:65,1
DA:67,1
DA:68,1
DA:69,3
DA:70,1
DA:71,1
DA:72,1
DA:76,1
DA:77,1
DA:78,1
DA:81,4
DA:82,4
DA:83,1
DA:84,3
DA:85,1
DA:86,2
DA:89,1
DA:90,3
DA:91,1
DA:92,1
DA:97,2
DA:98,0
DA:99,0
DA:100,0
DA:102,0
DA:103,0
DA:105,0
DA:106,0
DA:107,0
DA:108,0
DA:110,0
DA:115,1
DA:116,0
DA:120,2
DA:121,0
DA:125,0
DA:126,0
DA:127,0
DA:128,0
DA:129,0
DA:130,0
DA:131,0
DA:132,0
DA:135,0
DA:136,0
DA:137,0
DA:138,0
DA:139,0
DA:142,0
DA:143,0
DA:144,0
DA:145,0
DA:146,0
DA:147,0
DA:148,0
DA:149,0
DA:150,0
DA:154,0
DA:155,0
DA:156,0
DA:157,0
DA:160,0
DA:161,0
DA:162,0
DA:163,0
DA:164,0
DA:167,1
DA:169,3
DA:170,3
DA:171,3
DA:172,3
DA:173,3
DA:174,3
LF:98
LH:55
end_of_record
SF:lib/src/shared/ui/skeleton.dart
DA:14,3
DA:21,0
DA:22,0
DA:30,0
DA:32,0
DA:33,0
DA:36,0
DA:37,0
DA:38,0
DA:42,0
DA:44,0
DA:45,0
DA:48,0
DA:50,0
DA:51,0
DA:52,0
DA:53,0
DA:54,0
DA:55,0
DA:56,0
DA:58,0
DA:59,0
DA:60,0
DA:75,0
DA:81,0
DA:82,0
DA:89,0
DA:91,0
DA:92,0
DA:93,0
DA:97,0
DA:99,0
DA:100,0
DA:103,0
DA:105,0
LF:35
LH:1
end_of_record
SF:lib/src/features/profile/domain/public_profile.dart
DA:13,2
DA:23,0
DA:24,0
DA:25,0
DA:26,0
DA:27,0
DA:28,0
DA:29,0
DA:30,0
DA:31,0
DA:32,0
DA:37,8
LF:12
LH:2
end_of_record
SF:lib/src/features/recap/data/viewed_recaps_repository.dart
DA:6,0
DA:7,0
DA:10,0
DA:11,0
DA:12,0
DA:14,0
DA:15,0
DA:16,0
DA:17,0
DA:18,0
DA:19,0
DA:25,0
DA:30,0
DA:31,0
DA:32,0
DA:35,0
DA:36,0
DA:37,0
DA:38,0
DA:39,0
DA:40,0
DA:41,0
DA:46,0
DA:51,0
DA:52,0
DA:61,1
DA:67,1
DA:70,1
DA:71,2
DA:72,5
DA:73,2
DA:74,0
DA:77,2
LF:33
LH:7
end_of_record
SF:lib/src/features/recap/providers/recap_ttl_provider.dart
DA:5,2
DA:6,1
DA:7,1
DA:8,1
DA:16,4
DA:21,1
DA:25,1
DA:26,0
DA:27,0
DA:33,2
DA:37,1
DA:38,1
DA:40,3
DA:41,3
DA:42,3
DA:43,1
DA:44,1
DA:47,2
DA:48,0
DA:49,0
DA:54,1
DA:56,2
DA:57,1
LF:23
LH:19
end_of_record
SF:lib/src/features/safety/screen_protection_service.dart
DA:14,0
DA:18,1
DA:22,0
DA:24,0
DA:25,0
DA:31,1
DA:35,0
DA:37,0
DA:38,0
DA:46,1
DA:48,0
DA:49,0
DA:53,1
DA:55,0
DA:56,0
DA:63,3
DA:65,0
DA:67,0
DA:69,0
DA:70,0
LF:20
LH:5
end_of_record
SF:lib/src/features/dashboard/presentation/widgets/spotlight_painter.dart
DA:8,0
DA:14,0
DA:16,0
DA:17,0
DA:18,0
DA:20,0
DA:21,0
DA:22,0
DA:23,0
DA:24,0
DA:30,0
DA:32,0
DA:33,0
DA:34,0
DA:35,0
DA:36,0
DA:38,0
DA:41,0
DA:43,0
DA:44,0
DA:45,0
LF:21
LH:0
end_of_record
SF:lib/src/features/gym/application/gym_selection_notifier.dart
DA:16,0
DA:18,0
DA:22,0
DA:23,0
DA:24,0
DA:26,0
DA:27,0
DA:31,0
DA:32,0
DA:33,0
DA:36,0
DA:37,0
DA:41,0
DA:42,0
LF:14
LH:0
end_of_record
SF:lib/src/shared/ui/tremble_header.dart
DA:15,0
DA:25,0
DA:27,0
DA:30,0
DA:31,0
DA:32,0
DA:33,0
DA:35,0
DA:37,0
DA:39,0
DA:40,0
DA:41,0
DA:42,0
DA:45,0
DA:48,0
DA:49,0
DA:53,0
DA:64,0
DA:65,0
DA:67,0
DA:68,0
DA:71,0
DA:72,0
DA:73,0
DA:74,0
DA:75,0
DA:77,0
DA:83,0
DA:84,0
DA:86,0
DA:87,0
DA:90,0
DA:92,0
LF:33
LH:0
end_of_record
SF:lib/src/features/map/domain/safe_zone_model.dart
DA:12,0
DA:21,0
DA:29,0
DA:30,0
DA:31,0
DA:32,0
DA:33,0
DA:34,0
DA:35,0
DA:39,0
DA:40,0
DA:41,0
DA:42,0
DA:43,0
DA:44,0
DA:45,0
DA:46,0
DA:50,0
DA:51,0
DA:52,0
DA:53,0
DA:54,0
DA:55,0
DA:56,0
DA:57,0
DA:61,0
DA:63,0
DA:64,0
LF:28
LH:0
end_of_record
SF:lib/src/features/map/presentation/event_pin_sheet.dart
DA:17,0
DA:38,0
DA:47,0
DA:49,0
DA:51,0
DA:53,0
DA:55,0
DA:56,0
DA:57,0
DA:58,0
DA:61,0
DA:62,0
DA:64,0
DA:65,0
DA:66,0
DA:72,0
DA:74,0
DA:77,0
DA:79,0
DA:80,0
DA:83,0
DA:84,0
DA:85,0
DA:90,0
DA:91,0
DA:94,0
DA:96,0
DA:98,0
DA:99,0
DA:101,0
DA:102,0
DA:104,0
DA:105,0
DA:106,0
DA:107,0
DA:114,0
DA:115,0
DA:116,0
DA:117,0
DA:118,0
DA:119,0
DA:122,0
DA:133,0
DA:134,0
DA:135,0
DA:136,0
DA:138,0
DA:139,0
DA:140,0
DA:141,0
DA:142,0
DA:144,0
DA:145,0
DA:146,0
DA:147,0
DA:148,0
DA:151,0
DA:152,0
DA:154,0
DA:155,0
DA:156,0
DA:158,0
DA:159,0
DA:162,0
DA:163,0
DA:164,0
DA:165,0
DA:167,0
DA:169,0
DA:170,0
DA:171,0
DA:173,0
DA:179,0
DA:180,0
DA:182,0
DA:184,0
DA:185,0
DA:186,0
DA:187,0
DA:191,0
DA:207,0
DA:209,0
DA:211,0
DA:214,0
DA:220,0
DA:221,0
DA:223,0
DA:224,0
DA:227,0
DA:228,0
DA:230,0
DA:231,0
DA:232,0
DA:233,0
DA:239,0
DA:240,0
DA:241,0
DA:244,0
DA:258,0
DA:260,0
DA:262,0
DA:263,0
DA:266,0
DA:267,0
DA:269,0
DA:270,0
DA:271,0
DA:272,0
DA:278,0
DA:279,0
DA:280,0
DA:294,0
DA:297,0
DA:299,0
DA:300,0
DA:301,0
DA:303,0
DA:304,0
DA:305,0
DA:320,0
DA:322,0
DA:324,0
DA:325,0
DA:326,0
DA:328,0
DA:330,0
DA:337,0
DA:339,0
DA:340,0
DA:341,0
DA:343,0
DA:345,0
DA:347,0
DA:364,0
DA:367,0
DA:369,0
DA:370,0
DA:371,0
DA:372,0
DA:373,0
DA:375,0
DA:376,0
DA:377,0
DA:378,0
DA:381,0
DA:385,0
DA:387,0
DA:389,0
DA:390,0
DA:392,0
DA:393,0
DA:394,0
DA:411,0
DA:414,0
DA:416,0
DA:417,0
DA:418,0
DA:419,0
DA:420,0
DA:421,0
DA:422,0
DA:423,0
DA:426,0
DA:429,0
DA:431,0
DA:432,0
DA:433,0
DA:434,0
DA:435,0
DA:438,0
DA:440,0
DA:444,0
DA:445,0
DA:446,0
DA:449,0
DA:463,0
DA:465,0
DA:467,0
DA:469,0
DA:470,0
DA:472,0
DA:473,0
DA:474,0
DA:475,0
DA:476,0
DA:479,0
DA:481,0
DA:485,0
DA:486,0
DA:487,0
DA:507,0
DA:510,0
DA:512,0
DA:514,0
DA:515,0
DA:516,0
DA:518,0
DA:520,0
DA:521,0
DA:525,0
DA:526,0
DA:527,0
LF:202
LH:0
end_of_record
SF:lib/src/features/match/presentation/wave_controller.dart
DA:11,4
DA:21,1
DA:22,1
DA:25,1
DA:29,1
DA:35,3
DA:37,1
DA:38,3
DA:44,1
DA:47,1
DA:52,2
DA:53,1
DA:55,2
DA:56,2
DA:60,0
DA:61,2
DA:63,3
DA:65,1
DA:70,1
DA:71,2
LF:20
LH:19
end_of_record
SF:lib/src/features/match/presentation/wave_controller.g.dart
DA:9,1
DA:13,2
DA:14,1
LF:3
LH:3
end_of_record
SF:lib/src/features/match/presentation/widgets/match_reveal_overlay.dart
DA:27,0
DA:33,0
DA:34,0
DA:81,0
DA:83,0
DA:85,0
DA:87,0
DA:90,0
DA:92,0
DA:93,0
DA:96,0
DA:98,0
DA:99,0
DA:100,0
DA:101,0
DA:102,0
DA:105,0
DA:107,0
DA:108,0
DA:109,0
DA:110,0
DA:114,0
DA:117,0
DA:119,0
DA:120,0
DA:122,0
DA:124,0
DA:127,0
DA:128,0
DA:129,0
DA:131,0
DA:132,0
DA:133,0
DA:135,0
DA:136,0
DA:137,0
DA:139,0
DA:140,0
DA:141,0
DA:142,0
DA:144,0
DA:145,0
DA:146,0
DA:148,0
DA:149,0
DA:150,0
DA:152,0
DA:153,0
DA:156,0
DA:158,0
DA:159,0
DA:160,0
DA:161,0
DA:162,0
DA:168,0
DA:170,0
DA:171,0
DA:172,0
DA:173,0
DA:174,0
DA:175,0
DA:176,0
DA:181,0
DA:183,0
DA:185,0
DA:187,0
DA:188,0
DA:189,0
DA:190,0
DA:191,0
DA:192,0
DA:193,0
DA:194,0
DA:195,0
DA:197,0
DA:198,0
DA:199,0
DA:202,0
DA:203,0
DA:204,0
DA:206,0
DA:208,0
DA:211,0
DA:212,0
DA:214,0
DA:215,0
DA:217,0
DA:223,0
DA:225,0
DA:226,0
DA:227,0
DA:240,0
DA:241,0
DA:242,0
DA:265,0
DA:266,0
DA:267,0
DA:268,0
DA:269,0
DA:270,0
DA:272,0
DA:281,0
DA:282,0
DA:285,0
DA:304,0
DA:306,0
DA:310,0
DA:311,0
DA:315,0
DA:317,0
DA:319,0
DA:322,0
DA:324,0
DA:326,0
DA:329,0
DA:332,0
DA:333,0
DA:337,0
DA:339,0
DA:340,0
DA:342,0
DA:344,0
DA:349,0
DA:350,0
DA:351,0
DA:353,0
DA:354,0
DA:365,0
DA:383,0
DA:385,0
DA:387,0
DA:388,0
DA:389,0
DA:392,0
DA:393,0
DA:394,0
DA:395,0
DA:396,0
DA:397,0
DA:398,0
DA:402,0
DA:404,0
DA:405,0
DA:406,0
DA:407,0
DA:408,0
DA:409,0
DA:410,0
DA:411,0
DA:412,0
DA:414,0
DA:417,0
DA:418,0
DA:419,0
DA:420,0
DA:422,0
DA:423,0
DA:424,0
DA:425,0
DA:426,0
DA:427,0
DA:428,0
DA:435,0
DA:436,0
DA:455,0
DA:456,0
DA:457,0
DA:458,0
DA:459,0
DA:460,0
DA:461,0
DA:462,0
DA:463,0
DA:464,0
DA:465,0
DA:483,0
DA:485,0
DA:487,0
DA:489,0
DA:490,0
DA:491,0
DA:493,0
DA:494,0
DA:496,0
DA:497,0
DA:499,0
DA:501,0
DA:502,0
DA:504,0
DA:505,0
DA:506,0
DA:508,0
DA:510,0
DA:511,0
DA:512,0
DA:514,0
DA:515,0
DA:517,0
DA:518,0
DA:520,0
DA:521,0
DA:527,0
DA:531,0
DA:532,0
LF:204
LH:0
end_of_record
SF:lib/src/features/safety/presentation/widgets/ugc_action_sheet.dart
DA:17,0
DA:23,0
DA:25,0
DA:31,0
DA:32,0
DA:36,0
DA:38,0
DA:40,0
DA:45,0
DA:46,0
DA:48,0
DA:50,0
DA:53,0
DA:55,0
DA:59,0
DA:61,0
DA:62,0
DA:63,0
DA:68,0
DA:69,0
DA:70,0
DA:73,0
DA:74,0
DA:76,0
DA:77,0
DA:78,0
DA:83,0
DA:84,0
DA:85,0
DA:95,0
DA:96,0
DA:100,0
DA:101,0
DA:102,0
DA:103,0
DA:108,0
DA:109,0
DA:110,0
DA:112,0
DA:113,0
DA:114,0
DA:115,0
DA:116,0
DA:117,0
DA:120,0
DA:122,0
DA:123,0
DA:125,0
DA:126,0
DA:127,0
DA:128,0
DA:129,0
DA:130,0
DA:135,0
DA:136,0
DA:146,0
DA:147,0
DA:148,0
DA:156,0
DA:157,0
DA:159,0
DA:160,0
DA:169,0
DA:175,0
DA:176,0
DA:184,0
DA:185,0
DA:186,0
DA:187,0
DA:188,0
DA:189,0
DA:192,0
DA:194,0
DA:195,0
DA:198,0
DA:199,0
DA:200,0
DA:203,0
DA:204,0
DA:205,0
DA:206,0
DA:208,0
DA:209,0
DA:210,0
DA:211,0
DA:212,0
DA:213,0
DA:218,0
DA:219,0
DA:220,0
DA:231,0
DA:233,0
DA:234,0
DA:236,0
DA:239,0
DA:241,0
DA:242,0
DA:243,0
DA:248,0
DA:250,0
DA:251,0
DA:253,0
DA:254,0
DA:257,0
DA:258,0
DA:259,0
DA:260,0
DA:263,0
DA:264,0
DA:265,0
DA:267,0
DA:269,0
DA:275,0
DA:277,0
DA:278,0
DA:279,0
DA:280,0
DA:282,0
DA:288,0
DA:289,0
DA:290,0
DA:291,0
DA:293,0
DA:294,0
DA:296,0
DA:297,0
DA:299,0
DA:301,0
DA:302,0
DA:304,0
DA:306,0
DA:309,0
DA:313,0
DA:314,0
DA:315,0
DA:316,0
DA:321,0
DA:322,0
DA:324,0
DA:325,0
DA:327,0
DA:328,0
DA:329,0
DA:331,0
DA:335,0
DA:337,0
DA:339,0
DA:340,0
DA:341,0
DA:342,0
LF:150
LH:0
end_of_record
SF:lib/src/features/settings/presentation/widgets/preference_edit_modal.dart
DA:18,0
DA:31,0
DA:35,0
DA:47,0
DA:48,0
DA:68,0
DA:84,0
DA:86,0
DA:95,0
DA:97,0
DA:99,0
DA:100,0
DA:101,0
DA:103,0
DA:104,0
DA:105,0
DA:107,0
DA:108,0
DA:112,0
DA:114,0
DA:115,0
DA:119,0
DA:120,0
DA:121,0
DA:122,0
DA:125,0
DA:126,0
DA:127,0
DA:128,0
DA:129,0
DA:130,0
DA:132,0
DA:133,0
DA:134,0
DA:135,0
DA:141,0
DA:153,0
DA:154,0
DA:156,0
DA:157,0
DA:166,0
DA:168,0
DA:172,0
DA:173,0
DA:174,0
DA:175,0
DA:181,0
DA:182,0
DA:184,0
DA:185,0
DA:193,0
DA:194,0
DA:196,0
DA:209,0
DA:211,0
DA:219,0
DA:220,0
DA:221,0
DA:222,0
DA:227,0
DA:229,0
DA:231,0
DA:232,0
DA:236,0
DA:237,0
DA:239,0
DA:241,0
DA:242,0
DA:243,0
DA:245,0
DA:246,0
DA:247,0
DA:248,0
DA:250,0
DA:252,0
DA:253,0
DA:254,0
DA:257,0
DA:258,0
DA:259,0
DA:260,0
DA:264,0
DA:266,0
DA:268,0
DA:271,0
DA:273,0
DA:278,0
DA:280,0
DA:281,0
DA:282,0
DA:283,0
DA:286,0
DA:287,0
DA:288,0
DA:298,0
DA:299,0
DA:300,0
DA:301,0
DA:302,0
DA:305,0
DA:306,0
DA:309,0
DA:310,0
DA:311,0
DA:312,0
DA:318,0
DA:319,0
DA:320,0
DA:321,0
DA:322,0
DA:327,0
DA:328,0
DA:330,0
DA:331,0
DA:333,0
DA:334,0
DA:335,0
DA:336,0
DA:338,0
DA:339,0
DA:340,0
DA:343,0
DA:344,0
DA:345,0
DA:354,0
DA:355,0
DA:356,0
DA:358,0
DA:365,0
DA:367,0
DA:368,0
DA:369,0
DA:370,0
DA:371,0
DA:372,0
DA:377,0
DA:378,0
DA:379,0
DA:380,0
DA:387,0
DA:388,0
DA:389,0
DA:393,0
DA:394,0
DA:396,0
DA:397,0
DA:399,0
DA:400,0
DA:401,0
DA:402,0
DA:403,0
DA:405,0
DA:407,0
DA:409,0
DA:410,0
DA:427,0
DA:443,0
DA:447,0
DA:460,0
DA:461,0
DA:462,0
DA:483,0
DA:499,0
DA:500,0
DA:506,0
DA:508,0
DA:509,0
DA:512,0
DA:513,0
DA:514,0
DA:516,0
DA:518,0
DA:520,0
DA:522,0
DA:523,0
DA:525,0
DA:526,0
DA:528,0
DA:530,0
DA:531,0
DA:532,0
DA:533,0
DA:534,0
DA:536,0
DA:538,0
DA:539,0
DA:540,0
DA:543,0
DA:544,0
DA:545,0
DA:546,0
DA:550,0
DA:552,0
DA:554,0
DA:557,0
DA:559,0
DA:563,0
DA:565,0
DA:566,0
DA:567,0
DA:568,0
DA:571,0
DA:572,0
DA:573,0
DA:583,0
DA:584,0
DA:585,0
DA:592,0
DA:593,0
DA:595,0
DA:597,0
DA:598,0
DA:599,0
DA:602,0
DA:603,0
DA:609,0
DA:610,0
DA:611,0
DA:612,0
DA:613,0
DA:616,0
DA:617,0
DA:619,0
DA:620,0
DA:621,0
DA:622,0
DA:623,0
DA:624,0
DA:625,0
DA:630,0
DA:631,0
DA:632,0
DA:633,0
DA:640,0
DA:641,0
DA:642,0
DA:646,0
DA:647,0
DA:649,0
DA:650,0
DA:651,0
DA:669,0
DA:682,0
DA:686,0
DA:696,0
DA:697,0
DA:698,0
DA:716,0
DA:729,0
DA:730,0
DA:738,0
DA:740,0
DA:741,0
DA:744,0
DA:746,0
DA:747,0
DA:750,0
DA:751,0
DA:752,0
DA:755,0
DA:764,0
DA:765,0
DA:767,0
DA:768,0
DA:770,0
DA:772,0
DA:776,0
DA:777,0
DA:778,0
DA:779,0
DA:785,0
DA:786,0
DA:787,0
DA:788,0
DA:797,0
DA:799,0
DA:804,0
DA:806,0
DA:813,0
DA:815,0
DA:817,0
DA:818,0
DA:822,0
DA:824,0
DA:826,0
DA:828,0
DA:829,0
DA:830,0
DA:831,0
DA:832,0
DA:833,0
DA:836,0
DA:837,0
DA:838,0
DA:839,0
DA:843,0
DA:845,0
DA:847,0
DA:850,0
DA:852,0
DA:857,0
DA:859,0
DA:860,0
DA:861,0
DA:862,0
DA:865,0
DA:866,0
DA:867,0
DA:868,0
DA:869,0
DA:870,0
DA:881,0
DA:882,0
DA:883,0
DA:884,0
DA:885,0
DA:889,0
DA:890,0
DA:891,0
DA:892,0
DA:893,0
DA:894,0
DA:895,0
DA:896,0
DA:897,0
DA:898,0
DA:900,0
DA:901,0
DA:902,0
DA:908,0
DA:909,0
DA:910,0
DA:911,0
DA:921,0
DA:922,0
DA:923,0
DA:925,0
DA:926,0
DA:927,0
DA:928,0
DA:929,0
DA:930,0
DA:932,0
DA:934,0
DA:935,0
DA:941,0
DA:942,0
DA:943,0
DA:945,0
DA:946,0
DA:947,0
DA:948,0
DA:949,0
DA:950,0
DA:951,0
DA:953,0
DA:955,0
DA:956,0
DA:957,0
DA:958,0
DA:960,0
DA:962,0
DA:964,0
DA:966,0
DA:974,0
DA:979,0
DA:981,0
DA:982,0
DA:983,0
DA:984,0
DA:985,0
DA:986,0
DA:991,0
DA:992,0
DA:993,0
DA:994,0
DA:1001,0
DA:1002,0
DA:1003,0
DA:1007,0
DA:1008,0
DA:1010,0
DA:1011,0
DA:1012,0
DA:1031,0
DA:1040,0
DA:1044,0
DA:1050,0
DA:1051,0
DA:1052,0
DA:1054,0
DA:1068,0
DA:1078,0
DA:1079,0
DA:1085,0
DA:1087,0
DA:1088,0
DA:1091,0
DA:1093,0
DA:1095,0
DA:1097,0
DA:1098,0
DA:1102,0
DA:1103,0
DA:1105,0
DA:1107,0
DA:1108,0
DA:1109,0
DA:1110,0
DA:1111,0
DA:1113,0
DA:1115,0
DA:1116,0
DA:1117,0
DA:1120,0
DA:1121,0
DA:1122,0
DA:1123,0
DA:1127,0
DA:1129,0
DA:1130,0
DA:1133,0
DA:1135,0
DA:1139,0
DA:1140,0
DA:1141,0
DA:1149,0
DA:1150,0
DA:1151,0
DA:1153,0
DA:1154,0
DA:1156,0
DA:1157,0
DA:1158,0
DA:1163,0
DA:1165,0
DA:1167,0
DA:1168,0
DA:1176,0
DA:1177,0
DA:1178,0
DA:1179,0
DA:1180,0
DA:1188,0
DA:1195,0
DA:1196,0
DA:1197,0
DA:1198,0
DA:1199,0
DA:1200,0
DA:1201,0
DA:1206,0
DA:1207,0
DA:1208,0
DA:1209,0
DA:1216,0
DA:1217,0
DA:1218,0
DA:1222,0
DA:1223,0
DA:1225,0
DA:1226,0
DA:1228,0
DA:1229,0
DA:1244,0
DA:1251,0
DA:1253,0
DA:1255,0
DA:1259,0
DA:1260,0
DA:1261,0
DA:1263,0
DA:1264,0
DA:1266,0
DA:1271,0
DA:1273,0
DA:1274,0
DA:1277,0
DA:1279,0
DA:1283,0
DA:1284,0
DA:1285,0
DA:1286,0
DA:1288,0
DA:1295,0
DA:1296,0
DA:1297,0
DA:1298,0
DA:1300,0
DA:1302,0
DA:1311,0
DA:1312,0
DA:1313,0
DA:1315,0
DA:1317,0
DA:1321,0
DA:1323,0
DA:1324,0
DA:1329,0
DA:1333,0
DA:1338,0
DA:1340,0
DA:1341,0
DA:1343,0
DA:1344,0
DA:1345,0
LF:506
LH:0
end_of_record
SF:lib/src/features/settings/presentation/widgets/preference_pill_row.dart
DA:29,0
DA:43,0
DA:45,0
DA:48,0
DA:49,0
DA:51,0
DA:52,0
DA:57,0
DA:59,0
DA:61,0
DA:62,0
DA:63,0
DA:64,0
DA:68,0
DA:69,0
DA:70,0
DA:71,0
DA:73,0
DA:74,0
DA:75,0
DA:78,0
DA:79,0
DA:80,0
DA:83,0
DA:94,0
DA:95,0
DA:96,0
DA:104,0
DA:106,0
DA:107,0
DA:108,0
DA:110,0
DA:111,0
DA:112,0
DA:113,0
DA:114,0
DA:115,0
DA:118,0
DA:130,0
DA:132,0
DA:133,0
DA:134,0
DA:135,0
DA:139,0
DA:141,0
DA:142,0
DA:144,0
DA:149,0
DA:150,0
DA:151,0
DA:154,0
DA:157,0
DA:163,0
DA:166,0
LF:54
LH:0
end_of_record
SF:lib/src/shared/ui/center_notification.dart
DA:6,0
DA:11,0
DA:14,0
DA:15,0
DA:18,0
DA:19,0
DA:20,0
DA:26,0
DA:35,0
DA:40,0
DA:42,0
DA:44,0
DA:54,0
DA:56,0
DA:57,0
DA:62,0
DA:63,0
DA:66,0
DA:67,0
DA:70,0
DA:72,0
DA:73,0
DA:74,0
DA:79,0
DA:80,0
DA:81,0
DA:82,0
DA:83,0
DA:88,0
DA:90,0
DA:91,0
DA:94,0
DA:96,0
DA:97,0
DA:99,0
DA:100,0
DA:102,0
DA:103,0
DA:104,0
DA:105,0
DA:106,0
DA:107,0
DA:109,0
DA:111,0
DA:112,0
DA:113,0
DA:114,0
DA:120,0
DA:122,0
DA:123,0
DA:126,0
DA:127,0
DA:130,0
DA:131,0
DA:139,0
DA:141,0
DA:142,0
DA:144,0
LF:58
LH:0
end_of_record
SF:lib/src/shared/ui/discard_changes_modal.dart
DA:9,0
DA:11,0
DA:12,0
DA:13,0
DA:15,0
DA:16,0
DA:20,0
DA:21,0
DA:23,0
DA:25,0
DA:27,0
DA:28,0
DA:30,0
DA:31,0
DA:33,0
DA:35,0
DA:38,0
DA:43,0
DA:46,0
DA:48,0
DA:51,0
DA:52,0
DA:54,0
DA:55,0
DA:57,0
DA:58,0
DA:59,0
LF:27
LH:0
end_of_record
SF:lib/src/shared/ui/tremble_circle_button.dart
DA:11,1
DA:19,1
DA:21,3
DA:25,0
DA:26,1
DA:28,0
DA:29,1
DA:30,1
DA:32,1
DA:33,0
DA:34,0
DA:35,0
DA:37,1
DA:38,1
DA:39,1
DA:40,1
DA:41,1
DA:42,1
DA:43,1
DA:46,1
DA:48,1
DA:49,4
LF:22
LH:17
end_of_record
SF:lib/src/features/safety/data/safety_repository.dart
DA:6,0
DA:7,0
DA:13,0
DA:16,0
DA:17,0
DA:21,0
DA:22,0
DA:26,0
DA:28,0
LF:9
LH:0
end_of_record
SF:lib/src/features/settings/presentation/settings_controller.dart
DA:15,4
DA:16,1
DA:17,2
DA:25,1
DA:27,4
DA:28,0
DA:32,0
DA:33,0
DA:35,0
DA:40,0
DA:41,0
DA:42,0
DA:49,0
DA:50,0
DA:55,0
DA:56,0
DA:59,0
DA:60,0
DA:63,0
DA:64,0
DA:67,0
DA:68,0
DA:73,0
DA:74,0
DA:82,0
DA:83,0
DA:84,0
DA:89,0
DA:90,0
DA:91,0
DA:92,0
DA:96,0
DA:97,0
DA:98,0
DA:99,0
DA:100,0
DA:101,0
DA:105,1
DA:106,1
DA:109,2
DA:110,1
DA:111,3
DA:112,2
DA:114,2
DA:115,1
DA:116,2
DA:117,1
DA:119,5
DA:123,1
DA:124,2
DA:129,0
DA:130,0
DA:138,0
DA:149,0
DA:151,0
DA:152,0
DA:153,0
DA:154,0
DA:155,0
DA:161,0
DA:176,0
DA:191,0
DA:193,0
DA:194,0
DA:195,0
DA:196,0
DA:197,0
DA:203,0
DA:215,0
DA:216,0
DA:223,0
DA:231,0
DA:237,0
DA:238,0
DA:245,0
DA:247,0
DA:248,0
DA:251,0
DA:253,0
DA:255,0
DA:256,0
DA:257,0
DA:258,0
LF:83
LH:18
end_of_record
SF:lib/src/features/settings/presentation/widgets/phone_edit_modal.dart
DA:13,3
DA:83,0
DA:84,0
DA:88,0
DA:89,0
DA:90,0
DA:92,0
DA:93,0
DA:94,0
DA:95,0
DA:96,0
DA:97,0
DA:100,0
DA:103,0
DA:114,0
DA:118,0
DA:126,0
DA:127,0
DA:128,0
DA:135,0
DA:155,0
DA:156,0
DA:163,0
DA:165,0
DA:166,0
DA:167,0
DA:168,0
DA:171,0
DA:173,0
DA:174,0
DA:177,0
DA:178,0
DA:179,0
DA:180,0
DA:183,0
DA:185,0
DA:186,0
DA:189,0
DA:192,0
DA:194,0
DA:199,0
DA:202,0
DA:204,0
DA:205,0
DA:206,0
DA:207,0
DA:211,0
DA:213,0
DA:215,0
DA:218,0
DA:220,0
DA:225,0
DA:227,0
DA:228,0
DA:229,0
DA:231,0
DA:232,0
DA:233,0
DA:243,0
DA:244,0
DA:245,0
DA:246,0
DA:248,0
DA:249,0
DA:250,0
DA:251,0
DA:252,0
DA:255,0
DA:256,0
DA:257,0
DA:260,0
DA:264,0
DA:266,0
DA:267,0
DA:270,0
DA:271,0
DA:272,0
DA:279,0
DA:285,0
DA:286,0
DA:287,0
DA:290,0
DA:292,0
DA:293,0
DA:294,0
DA:303,0
DA:311,0
DA:312,0
DA:313,0
DA:314,0
DA:315,0
DA:316,0
DA:321,0
DA:322,0
DA:323,0
DA:324,0
DA:331,0
DA:332,0
DA:333,0
DA:336,0
DA:338,0
DA:339,0
DA:342,0
DA:343,0
DA:345,0
DA:346,0
DA:359,0
DA:368,0
DA:369,0
DA:376,0
DA:378,0
DA:379,0
DA:382,0
DA:383,0
DA:384,0
DA:385,0
DA:388,0
DA:389,0
DA:390,0
DA:391,0
DA:395,0
DA:397,0
DA:399,0
DA:400,0
DA:401,0
DA:402,0
DA:404,0
DA:409,0
DA:410,0
DA:413,0
DA:415,0
DA:416,0
DA:418,0
DA:419,0
DA:422,0
DA:423,0
DA:424,0
DA:429,0
DA:431,0
DA:432,0
DA:433,0
DA:441,0
DA:443,0
DA:444,0
DA:445,0
DA:448,0
DA:449,0
DA:450,0
DA:451,0
DA:454,0
DA:456,0
DA:457,0
DA:458,0
DA:459,0
DA:460,0
DA:469,0
DA:470,0
DA:472,0
DA:473,0
DA:474,0
DA:475,0
DA:476,0
DA:477,0
DA:478,0
DA:479,0
DA:485,0
DA:486,0
DA:487,0
DA:490,0
LF:169
LH:1
end_of_record
SF:lib/src/features/settings/presentation/widgets/preference_range_slider.dart
DA:35,0
DA:53,0
DA:55,0
DA:56,0
DA:59,0
DA:61,0
DA:63,0
DA:65,0
DA:67,0
DA:69,0
DA:72,0
DA:73,0
DA:74,0
DA:76,0
DA:77,0
DA:79,0
DA:80,0
DA:81,0
DA:82,0
DA:85,0
DA:86,0
DA:87,0
DA:96,0
DA:97,0
DA:98,0
DA:99,0
DA:100,0
DA:110,0
DA:111,0
DA:112,0
DA:115,0
DA:120,0
DA:122,0
DA:123,0
DA:126,0
DA:135,0
DA:136,0
DA:137,0
DA:138,0
DA:139,0
DA:140,0
DA:141,0
DA:144,0
DA:145,0
DA:146,0
DA:147,0
DA:148,0
DA:150,0
DA:153,0
DA:154,0
DA:156,0
DA:158,0
DA:159,0
DA:160,0
DA:161,0
DA:162,0
LF:56
LH:0
end_of_record
SF:lib/src/shared/ui/tremble_outage_screen.dart
DA:15,1
DA:29,1
DA:46,0
DA:65,0
DA:67,0
DA:73,0
DA:79,0
DA:108,1
DA:109,1
DA:116,1
DA:118,1
DA:119,2
DA:120,1
DA:123,0
DA:125,0
DA:126,0
DA:127,0
DA:128,0
DA:132,5
DA:134,1
DA:135,1
DA:136,3
DA:137,1
DA:138,2
DA:139,1
DA:140,3
DA:141,4
DA:145,4
DA:146,2
DA:147,1
DA:152,0
DA:153,0
DA:154,0
DA:155,0
DA:158,1
DA:160,2
DA:161,1
DA:164,1
DA:166,2
DA:167,1
DA:168,2
DA:169,2
DA:170,2
DA:172,2
DA:173,3
DA:175,1
DA:177,1
DA:178,1
DA:179,1
DA:181,1
DA:183,1
DA:187,1
DA:188,1
DA:190,1
DA:191,1
DA:194,1
DA:196,1
DA:205,1
DA:206,2
DA:208,1
DA:215,1
DA:216,2
DA:218,1
DA:219,1
DA:225,2
DA:226,1
DA:227,1
DA:228,3
DA:231,1
DA:232,1
DA:233,2
DA:234,1
DA:238,3
DA:240,0
DA:241,0
DA:242,0
DA:243,0
DA:259,1
DA:261,1
DA:263,5
DA:265,1
DA:267,1
DA:268,1
DA:269,1
DA:270,1
DA:277,1
DA:278,1
DA:279,1
DA:280,1
DA:287,1
DA:289,1
DA:290,1
DA:295,1
DA:297,0
DA:298,0
DA:299,0
DA:305,0
DA:315,1
DA:323,1
DA:325,1
DA:326,1
DA:327,1
DA:330,1
DA:332,1
DA:333,1
DA:334,1
DA:335,2
DA:338,1
DA:341,1
DA:343,1
DA:344,1
DA:346,1
LF:112
LH:90
end_of_record
