SF:lib/src/core/slider_normalizer.dart
DA:23,2
DA:26,2
DA:28,4
DA:31,2
DA:53,4
DA:56,2
DA:58,4
DA:61,2
DA:66,2
DA:68,1
DA:72,0
DA:86,1
DA:89,1
DA:90,2
DA:93,1
DA:94,1
DA:96,0
DA:103,0
DA:116,1
DA:117,1
DA:119,1
DA:120,1
DA:121,1
DA:122,1
DA:138,1
DA:139,1
DA:142,1
DA:144,1
DA:146,1
DA:148,1
DA:150,1
LF:31
LH:28
end_of_record
SF:lib/src/core/crash_filter.dart
DA:4,0
DA:6,1
DA:7,1
DA:8,2
DA:10,1
DA:11,0
DA:15,1
DA:16,1
DA:17,1
DA:18,1
LF:10
LH:8
end_of_record
SF:lib/src/core/motion.dart
DA:4,0
LF:1
LH:0
end_of_record
SF:lib/src/features/auth/data/auth_repository.dart
DA:26,1
DA:28,0
DA:39,1
DA:40,3
DA:41,3
DA:42,1
DA:135,0
DA:140,0
DA:141,0
DA:143,4
DA:145,4
DA:147,1
DA:148,3
DA:150,5
DA:230,3
DA:232,13
DA:234,3
DA:235,5
DA:236,6
DA:237,5
DA:238,3
DA:239,6
DA:240,6
DA:241,6
DA:242,6
DA:243,6
DA:244,6
DA:245,6
DA:246,3
DA:247,6
DA:248,6
DA:249,6
DA:250,6
DA:251,5
DA:252,5
DA:253,6
DA:254,6
DA:255,6
DA:256,6
DA:257,6
DA:258,6
DA:259,6
DA:260,6
DA:261,6
DA:262,6
DA:263,6
DA:264,6
DA:265,6
DA:266,6
DA:267,6
DA:268,6
DA:269,6
DA:270,3
DA:271,0
DA:272,3
DA:273,0
DA:274,6
DA:275,6
DA:276,3
DA:277,6
DA:278,6
DA:279,6
DA:280,6
DA:281,3
DA:282,0
DA:283,6
DA:284,6
DA:285,6
DA:286,6
DA:287,6
DA:288,3
DA:289,0
DA:290,3
DA:291,0
DA:292,3
DA:293,0
DA:294,3
DA:295,0
DA:296,6
DA:297,6
DA:298,6
DA:299,6
DA:300,6
DA:301,6
DA:302,6
DA:303,3
DA:304,0
DA:305,3
DA:306,6
DA:315,3
DA:316,3
DA:317,0
DA:318,0
DA:319,0
DA:320,0
DA:323,0
DA:324,0
DA:325,0
DA:326,0
DA:328,0
DA:334,3
DA:336,0
DA:337,0
DA:341,3
DA:347,3
DA:349,3
DA:350,3
DA:351,3
DA:352,3
DA:353,6
DA:354,9
DA:355,3
DA:356,6
DA:357,3
DA:358,3
DA:359,3
DA:360,3
DA:361,3
DA:362,3
DA:363,2
DA:364,1
DA:365,3
DA:366,0
DA:367,3
DA:368,3
DA:369,3
DA:370,3
DA:371,3
DA:372,6
DA:373,3
DA:374,3
DA:375,3
DA:376,3
DA:377,3
DA:378,3
DA:379,3
DA:380,3
DA:381,3
DA:382,3
DA:383,3
DA:384,3
DA:385,3
DA:386,3
DA:387,3
DA:389,3
DA:390,3
DA:391,3
DA:392,3
DA:393,3
DA:394,3
DA:395,9
DA:396,9
DA:397,6
DA:398,9
DA:399,3
DA:400,3
DA:401,3
DA:403,3
DA:404,3
DA:405,3
DA:406,3
DA:407,3
DA:408,3
DA:409,3
DA:410,3
DA:411,3
DA:412,3
DA:413,3
DA:414,3
DA:415,3
DA:416,3
DA:417,3
DA:418,3
DA:419,3
DA:420,3
DA:421,3
DA:422,3
DA:423,6
DA:424,3
DA:425,3
DA:426,3
DA:427,6
DA:428,3
DA:429,3
DA:430,3
DA:435,2
DA:511,2
DA:512,2
DA:513,2
DA:514,2
DA:515,2
DA:516,2
DA:517,2
DA:518,2
DA:519,2
DA:520,2
DA:521,2
DA:522,2
DA:523,2
DA:525,2
DA:527,2
DA:528,2
DA:530,2
DA:532,1
DA:533,2
DA:534,2
DA:536,2
DA:539,2
DA:542,2
DA:545,2
DA:548,2
DA:550,2
DA:551,2
DA:553,2
DA:555,2
DA:557,2
DA:559,2
DA:561,2
DA:563,2
DA:566,2
DA:569,2
DA:572,2
DA:575,2
DA:578,2
DA:581,2
DA:583,2
DA:584,2
DA:585,2
DA:586,2
DA:587,1
DA:588,2
DA:589,2
DA:590,2
DA:591,2
DA:593,2
DA:595,2
DA:596,2
DA:597,2
DA:598,2
DA:600,2
DA:601,2
DA:602,2
DA:603,2
DA:604,2
DA:605,2
DA:606,2
DA:607,2
DA:608,2
DA:609,2
DA:610,2
DA:611,2
DA:612,2
DA:614,2
DA:615,2
DA:617,2
DA:620,2
DA:622,2
DA:624,2
DA:625,2
DA:626,2
DA:627,2
DA:636,4
DA:637,2
DA:638,4
DA:639,2
DA:641,6
DA:642,0
DA:643,0
DA:644,0
DA:649,12
DA:650,0
DA:654,0
DA:655,0
DA:667,2
DA:674,1
DA:679,1
DA:680,1
DA:681,1
DA:682,1
DA:683,1
DA:688,0
DA:690,0
DA:691,0
DA:693,0
DA:694,0
DA:698,2
DA:700,1
DA:701,1
DA:703,0
DA:704,0
DA:709,1
DA:711,1
DA:713,4
DA:715,0
DA:716,0
DA:731,3
DA:732,0
DA:735,0
DA:738,0
DA:739,0
DA:740,0
DA:741,0
DA:742,0
DA:743,0
DA:744,0
DA:745,0
DA:746,0
DA:747,0
DA:748,0
DA:757,0
DA:758,0
DA:759,0
DA:770,0
DA:777,0
DA:778,0
DA:779,0
DA:780,0
DA:782,0
DA:783,0
DA:799,0
DA:804,0
DA:805,0
DA:813,0
DA:816,0
DA:818,0
DA:821,0
DA:826,0
DA:827,0
DA:828,0
DA:831,0
DA:835,0
DA:837,0
DA:838,0
DA:842,0
DA:844,0
DA:845,0
DA:846,0
DA:850,0
DA:851,0
DA:853,0
DA:859,0
DA:861,0
DA:862,0
DA:863,0
DA:864,0
DA:871,0
DA:873,0
DA:879,0
DA:882,0
DA:885,0
DA:886,0
DA:887,0
DA:888,0
DA:889,0
DA:890,0
DA:891,0
DA:892,0
DA:893,0
DA:895,0
DA:896,0
DA:899,0
DA:901,0
DA:906,0
DA:909,0
DA:910,0
DA:912,0
DA:913,0
DA:917,0
DA:918,0
DA:919,0
DA:922,0
DA:927,0
DA:928,0
DA:929,0
DA:935,0
DA:938,0
DA:950,0
DA:952,0
DA:953,0
DA:956,0
DA:958,0
DA:965,0
DA:966,0
DA:967,0
DA:968,0
DA:969,0
DA:976,0
DA:977,0
DA:979,0
DA:985,0
DA:986,0
DA:987,0
DA:989,0
DA:994,0
DA:996,0
DA:997,0
DA:998,0
DA:999,0
DA:1001,0
DA:1007,0
DA:1008,0
DA:1009,0
DA:1010,0
DA:1018,0
DA:1019,0
DA:1020,0
DA:1021,0
DA:1022,0
DA:1023,0
DA:1024,0
DA:1029,0
DA:1030,0
DA:1034,0
DA:1035,0
DA:1036,0
DA:1041,0
DA:1042,0
DA:1043,0
DA:1044,0
DA:1045,0
DA:1049,0
DA:1050,0
DA:1054,0
DA:1055,0
DA:1056,0
DA:1058,0
DA:1059,0
DA:1062,0
DA:1063,0
DA:1067,0
DA:1068,0
DA:1074,0
DA:1075,0
DA:1077,0
DA:1078,0
DA:1079,0
DA:1080,0
DA:1081,0
DA:1083,0
DA:1090,0
DA:1091,0
DA:1093,0
DA:1094,0
DA:1106,3
DA:1107,0
DA:1108,0
DA:1109,0
DA:1111,0
DA:1112,0
DA:1122,8
DA:1127,12
DA:1128,0
DA:1129,0
DA:1130,0
DA:1132,0
DA:1133,0
DA:1134,0
DA:1139,0
DA:1140,0
DA:1143,0
DA:1144,0
DA:1147,0
DA:1148,0
DA:1151,0
DA:1152,0
DA:1156,1
DA:1157,1
DA:1160,0
DA:1163,0
DA:1165,0
DA:1167,0
DA:1172,1
DA:1174,2
DA:1175,0
DA:1178,0
DA:1179,0
DA:1180,0
DA:1181,0
DA:1187,0
DA:1188,0
DA:1194,2
DA:1197,0
DA:1198,0
DA:1199,0
DA:1202,0
DA:1203,0
DA:1206,0
DA:1207,0
DA:1210,0
DA:1211,0
DA:1214,0
DA:1215,0
DA:1218,0
DA:1219,0
DA:1220,0
DA:1221,0
LF:496
LH:265
end_of_record
SF:lib/src/core/router.dart
DA:41,0
DA:49,1
DA:64,2
DA:66,1
DA:67,1
DA:73,2
DA:79,2
DA:82,1
DA:84,3
DA:89,1
DA:90,2
DA:94,1
DA:98,1
DA:99,2
DA:102,2
DA:103,1
DA:108,2
DA:116,1
DA:118,2
DA:119,1
DA:126,2
DA:127,1
DA:138,3
DA:139,1
DA:144,1
DA:146,1
DA:149,2
DA:158,2
DA:160,0
DA:177,0
DA:181,0
DA:182,0
DA:185,0
DA:186,0
DA:187,0
DA:188,0
DA:189,0
DA:195,0
DA:196,0
DA:197,0
DA:200,0
DA:203,0
DA:205,0
DA:206,0
DA:208,0
DA:216,0
DA:217,0
DA:218,0
DA:220,0
DA:221,0
DA:222,0
DA:223,0
DA:225,0
DA:227,0
DA:230,0
DA:232,0
DA:233,0
DA:234,0
DA:236,0
DA:237,0
DA:239,0
DA:243,0
DA:272,0
DA:275,0
DA:276,0
DA:277,0
DA:278,0
DA:285,0
DA:286,0
DA:287,0
DA:288,0
DA:289,0
DA:290,0
DA:292,0
DA:293,0
DA:301,0
DA:302,0
DA:303,0
DA:304,0
DA:311,0
DA:312,0
DA:327,0
DA:328,0
DA:329,0
DA:330,0
DA:332,0
DA:333,0
DA:334,0
DA:339,0
DA:340,0
DA:341,0
DA:342,0
DA:343,0
DA:348,0
DA:350,0
DA:355,0
DA:357,0
DA:358,0
DA:359,0
DA:365,0
DA:366,0
DA:367,0
DA:369,0
DA:370,0
DA:373,0
DA:374,0
DA:376,0
DA:378,0
DA:380,0
DA:382,0
DA:384,0
DA:386,0
DA:388,0
DA:390,0
DA:397,0
DA:398,0
DA:399,0
DA:400,0
DA:401,0
DA:407,0
DA:409,0
DA:410,0
DA:412,0
DA:416,0
DA:419,0
DA:421,0
DA:423,0
DA:425,0
DA:427,0
DA:429,0
DA:432,0
DA:434,0
DA:437,0
DA:439,0
DA:441,0
DA:443,0
DA:445,0
DA:447,0
DA:449,0
DA:451,0
DA:453,0
DA:455,0
DA:457,0
DA:459,0
DA:462,0
DA:465,0
DA:466,0
DA:467,0
DA:468,0
DA:469,0
DA:470,0
DA:474,0
DA:477,0
DA:478,0
DA:482,0
DA:486,0
DA:487,0
DA:488,0
DA:489,0
DA:490,0
DA:491,0
DA:492,0
DA:493,0
DA:494,0
DA:496,0
DA:497,0
DA:498,0
DA:499,0
DA:500,0
DA:506,0
DA:507,0
DA:508,0
DA:510,0
DA:517,0
DA:518,0
DA:520,0
DA:521,0
DA:523,0
DA:530,0
DA:531,0
DA:532,0
DA:533,0
DA:536,0
DA:548,0
DA:550,0
DA:551,0
DA:558,0
DA:559,0
DA:568,2
DA:570,0
DA:572,0
DA:576,0
DA:578,0
DA:579,0
DA:580,0
DA:581,0
DA:582,0
DA:583,0
DA:585,0
DA:591,0
LF:200
LH:28
end_of_record
SF:lib/src/core/android_integration_service.dart
DA:13,0
DA:14,0
DA:21,0
DA:22,0
DA:23,0
DA:24,0
DA:25,0
DA:26,0
DA:27,0
DA:32,0
DA:33,0
DA:35,0
DA:42,0
DA:43,0
DA:44,0
DA:49,0
DA:50,0
DA:51,0
DA:56,0
DA:57,0
DA:58,0
DA:63,0
DA:64,0
DA:65,0
DA:70,0
DA:71,0
DA:72,0
LF:27
LH:0
end_of_record
SF:lib/src/core/api_client.dart
DA:14,0
DA:15,0
DA:16,0
DA:30,0
DA:40,0
DA:43,0
DA:46,0
DA:48,0
DA:51,0
DA:52,0
DA:53,0
DA:55,0
DA:59,0
DA:60,0
DA:64,0
DA:65,0
DA:67,0
DA:68,0
DA:69,0
DA:71,0
DA:72,0
DA:74,0
DA:75,0
DA:79,0
DA:83,0
DA:96,0
DA:102,0
DA:113,3
DA:119,0
DA:120,0
DA:121,0
DA:122,0
DA:124,0
DA:125,0
DA:126,0
DA:127,0
DA:131,0
DA:133,0
DA:135,0
DA:137,0
DA:139,0
DA:141,0
DA:143,0
DA:145,0
DA:147,0
DA:154,1
DA:155,3
DA:161,0
DA:162,0
LF:49
LH:3
end_of_record
SF:lib/src/core/background_service.dart
DA:23,0
DA:24,0
DA:39,0
DA:40,0
DA:49,0
DA:67,0
DA:68,0
DA:69,0
DA:73,0
DA:79,0
DA:83,0
DA:85,0
DA:86,0
DA:90,0
DA:92,0
DA:94,0
DA:96,0
DA:97,0
DA:98,0
DA:99,0
DA:100,0
DA:101,0
DA:102,0
DA:103,0
DA:107,0
DA:111,0
DA:115,0
DA:116,0
DA:117,0
DA:118,0
DA:121,0
DA:124,0
DA:125,0
DA:127,0
DA:128,0
DA:130,0
DA:132,0
DA:135,0
DA:137,0
DA:138,0
DA:139,0
DA:144,0
DA:148,0
DA:149,0
DA:152,0
DA:153,0
DA:157,0
DA:158,0
DA:159,0
DA:161,0
DA:170,0
DA:172,0
DA:175,0
DA:176,0
DA:177,0
DA:181,0
DA:185,0
DA:186,0
DA:187,0
DA:190,0
DA:191,0
DA:194,0
DA:195,0
DA:197,0
DA:204,0
DA:218,0
DA:219,0
DA:221,0
DA:222,0
DA:223,0
DA:228,0
DA:229,0
DA:231,0
DA:238,0
DA:241,0
DA:264,0
DA:270,0
DA:273,0
DA:275,0
DA:276,0
DA:278,0
DA:293,0
DA:296,0
DA:321,0
DA:327,0
DA:328,0
DA:329,0
DA:332,0
DA:333,0
DA:334,0
DA:335,0
DA:337,0
DA:338,0
DA:339,0
DA:344,0
DA:346,0
DA:360,0
DA:361,0
DA:373,0
LF:99
LH:0
end_of_record
SF:lib/src/core/firebase_options_dev.dart
DA:18,0
DA:20,0
DA:25,0
DA:26,0
DA:28,0
DA:30,0
DA:31,0
DA:35,0
DA:36,0
DA:40,0
DA:41,0
DA:46,0
LF:12
LH:0
end_of_record
SF:lib/src/core/firebase_options_prod.dart
DA:18,0
DA:22,0
DA:23,0
DA:25,0
DA:27,0
DA:29,0
DA:31,0
DA:32,0
DA:37,0
LF:9
LH:0
end_of_record
SF:lib/src/core/geo_service.dart
DA:25,0
DA:26,0
DA:27,0
DA:52,0
DA:53,0
DA:54,0
DA:55,0
DA:56,0
DA:59,0
DA:60,0
DA:64,0
DA:65,0
DA:66,0
DA:67,0
DA:69,0
DA:73,0
DA:76,0
DA:77,0
DA:84,0
DA:88,0
DA:90,0
DA:91,0
DA:92,0
DA:94,0
DA:98,0
DA:99,0
DA:100,0
DA:101,0
DA:102,0
DA:103,0
DA:104,0
DA:109,0
DA:110,0
DA:111,0
DA:112,0
DA:115,0
DA:116,0
DA:120,0
DA:121,0
DA:122,0
DA:126,0
DA:136,0
DA:137,0
DA:138,0
DA:139,0
DA:140,0
DA:141,0
DA:142,0
DA:143,0
DA:144,0
DA:146,0
DA:148,0
DA:151,0
DA:152,0
DA:162,0
DA:163,0
DA:164,0
DA:170,0
DA:174,0
DA:175,0
DA:180,0
DA:185,0
DA:186,0
DA:188,0
LF:64
LH:0
end_of_record
SF:lib/src/core/native_motion_service.dart
DA:8,0
DA:9,0
DA:17,0
DA:18,0
DA:21,0
DA:23,0
DA:25,0
DA:30,0
DA:31,0
DA:35,0
DA:36,0
DA:40,0
DA:41,0
LF:13
LH:0
end_of_record
SF:lib/src/core/ble_restore_service.dart
DA:19,3
DA:20,2
DA:21,1
DA:32,1
DA:33,1
DA:34,1
DA:37,3
DA:38,1
DA:39,0
DA:40,0
DA:43,2
DA:46,0
DA:47,0
DA:48,0
DA:49,0
DA:52,0
DA:53,0
DA:55,0
DA:56,0
DA:59,0
DA:63,0
DA:64,0
DA:66,0
DA:67,0
DA:68,0
DA:72,0
DA:77,0
DA:78,0
DA:79,0
DA:80,0
DA:81,0
DA:82,0
DA:83,0
DA:87,0
DA:91,0
DA:92,0
DA:93,0
DA:96,0
DA:98,0
DA:99,0
LF:40
LH:9
end_of_record
SF:lib/src/core/ble_service.dart
DA:21,0
DA:22,0
DA:23,0
DA:48,0
DA:51,0
DA:52,0
DA:56,0
DA:57,0
DA:58,0
DA:60,0
DA:61,0
DA:62,0
DA:64,0
DA:67,0
DA:68,0
DA:69,0
DA:70,0
DA:71,0
DA:72,0
DA:73,0
DA:74,0
DA:79,0
DA:80,0
DA:81,0
DA:82,0
DA:83,0
DA:88,0
DA:89,0
DA:90,0
DA:93,0
DA:94,0
DA:99,0
DA:102,0
DA:107,0
DA:108,0
DA:109,0
DA:113,0
DA:114,0
DA:115,0
DA:120,0
DA:121,0
DA:123,0
DA:126,0
DA:128,0
DA:129,0
DA:133,0
DA:135,0
DA:138,0
DA:142,0
DA:146,0
DA:147,0
DA:148,0
DA:152,0
DA:153,0
DA:154,0
DA:155,0
DA:159,0
DA:161,0
DA:162,0
DA:163,0
DA:166,0
DA:167,0
DA:171,0
DA:175,0
DA:176,0
DA:182,0
DA:183,0
DA:184,0
DA:186,0
DA:189,0
DA:190,0
DA:191,0
DA:192,0
DA:196,0
DA:198,0
DA:204,0
DA:206,0
DA:207,0
DA:208,0
DA:210,0
DA:214,0
DA:215,0
DA:216,0
DA:217,0
DA:219,0
DA:220,0
DA:221,0
DA:227,0
DA:228,0
DA:236,2
DA:241,1
DA:243,2
DA:244,2
DA:245,2
DA:247,2
DA:249,2
DA:250,2
DA:251,2
DA:253,1
DA:258,1
DA:261,1
DA:262,1
DA:263,1
DA:270,2
DA:271,2
DA:272,1
DA:283,2
DA:284,2
DA:285,2
DA:286,0
DA:288,1
DA:291,4
DA:292,3
DA:294,3
DA:296,1
LF:115
LH:25
end_of_record
SF:lib/src/core/consent_service.dart
DA:18,0
DA:20,0
DA:21,0
DA:24,0
DA:25,0
DA:26,0
DA:27,0
DA:31,0
DA:32,0
DA:33,0
DA:34,0
DA:38,2
DA:39,1
DA:55,0
DA:56,0
DA:58,0
DA:59,0
DA:70,0
DA:82,0
DA:83,0
DA:93,0
DA:94,0
DA:96,0
DA:99,0
DA:100,0
DA:102,0
LF:26
LH:2
end_of_record
SF:lib/src/core/notification_service.dart
DA:21,0
DA:23,0
DA:24,0
DA:28,0
DA:29,0
DA:30,0
DA:31,0
DA:32,0
DA:34,0
DA:37,0
DA:40,0
DA:42,0
DA:44,0
DA:51,0
DA:52,0
DA:55,0
DA:56,0
DA:57,0
DA:58,0
DA:59,0
DA:61,0
DA:90,2
DA:91,1
DA:106,0
DA:107,0
DA:111,1
DA:138,1
DA:139,1
DA:141,1
DA:142,1
DA:146,1
DA:149,1
DA:155,1
DA:158,1
DA:160,1
DA:161,1
DA:165,1
DA:170,1
DA:172,1
DA:173,1
DA:175,1
DA:177,1
DA:180,1
DA:182,1
DA:183,1
DA:184,1
DA:190,1
DA:197,2
DA:198,1
DA:201,0
DA:202,0
DA:203,0
DA:204,0
DA:208,0
DA:211,0
DA:213,0
DA:214,0
DA:216,0
DA:218,0
DA:219,0
DA:231,0
DA:232,0
DA:233,0
DA:234,0
DA:237,0
DA:238,0
DA:239,0
DA:241,0
DA:243,0
DA:248,0
DA:250,0
DA:255,0
DA:256,0
DA:258,0
DA:259,0
DA:261,0
DA:262,0
DA:263,0
DA:264,0
DA:265,0
DA:270,0
DA:277,0
DA:282,0
DA:284,0
DA:286,0
DA:293,0
DA:295,0
DA:296,0
DA:299,0
DA:300,0
DA:301,0
DA:302,0
DA:303,0
DA:304,0
DA:305,0
DA:312,0
DA:313,0
DA:315,0
DA:317,0
DA:323,1
DA:327,1
DA:328,0
DA:330,1
DA:332,0
DA:333,0
DA:334,0
DA:335,0
DA:336,0
DA:339,3
DA:345,0
DA:346,0
DA:347,0
DA:352,0
DA:353,0
DA:354,0
DA:362,0
DA:367,0
DA:379,0
DA:385,0
DA:386,0
DA:388,0
DA:389,0
DA:403,0
DA:405,0
DA:406,0
DA:407,0
DA:408,0
DA:410,0
LF:128
LH:30
end_of_record
SF:lib/src/core/contact_service.dart
DA:13,0
DA:19,0
DA:20,0
DA:21,0
DA:22,0
DA:27,0
DA:28,0
DA:31,0
DA:32,0
DA:33,0
DA:34,0
DA:38,0
DA:41,0
DA:43,0
DA:49,0
DA:51,0
DA:56,0
DA:58,0
DA:59,0
DA:60,0
DA:61,0
DA:63,0
DA:69,0
DA:79,0
DA:83,0
DA:86,0
DA:88,0
DA:91,0
DA:92,0
DA:97,0
DA:99,0
DA:100,0
DA:102,0
DA:107,0
DA:109,0
DA:110,0
DA:111,0
DA:115,0
LF:38
LH:0
end_of_record
SF:lib/src/features/matches/data/match_repository.dart
DA:18,0
DA:24,0
DA:25,0
DA:26,0
DA:27,0
DA:28,0
DA:80,4
DA:120,0
DA:121,0
DA:122,0
DA:123,0
DA:124,0
DA:125,0
DA:127,0
DA:129,0
DA:131,0
DA:132,0
DA:133,0
DA:134,0
DA:135,0
DA:136,0
DA:137,0
DA:138,0
DA:139,0
DA:140,0
DA:141,0
DA:142,0
DA:143,0
DA:144,0
DA:145,0
DA:146,0
DA:147,0
DA:148,0
DA:149,0
DA:150,0
DA:151,0
DA:152,0
DA:153,0
DA:154,0
DA:155,0
DA:156,0
DA:157,0
DA:158,0
DA:161,0
DA:162,0
DA:168,0
DA:170,0
DA:171,0
DA:183,0
DA:184,0
DA:185,0
DA:187,0
DA:188,0
DA:192,0
DA:197,0
DA:205,0
DA:210,0
DA:218,0
DA:219,0
DA:229,0
DA:230,0
DA:231,0
DA:232,0
DA:233,0
DA:234,0
DA:245,0
DA:249,0
DA:250,0
DA:253,0
DA:255,0
DA:259,0
DA:264,0
DA:270,0
DA:277,0
DA:280,0
DA:283,0
DA:303,0
DA:304,0
DA:306,0
DA:307,0
DA:308,0
DA:309,0
DA:310,0
DA:326,2
DA:336,0
DA:342,0
DA:343,0
DA:344,0
DA:350,0
DA:353,0
DA:354,0
DA:355,0
DA:356,0
DA:357,0
DA:358,0
DA:367,0
DA:369,0
DA:370,0
DA:374,0
DA:375,0
DA:376,0
DA:377,0
DA:382,0
DA:387,0
DA:395,0
DA:396,0
DA:400,0
DA:401,0
DA:402,0
DA:403,0
DA:404,0
DA:409,0
DA:410,0
DA:418,0
DA:419,0
DA:420,0
DA:421,0
DA:423,0
DA:424,0
LF:119
LH:2
end_of_record
SF:lib/src/core/event_geofence_service.dart
DA:18,0
DA:44,0
DA:45,0
DA:46,0
DA:50,0
DA:51,0
DA:52,0
DA:53,0
DA:54,0
DA:55,0
DA:58,0
DA:59,0
DA:60,0
DA:61,0
DA:62,0
DA:63,0
DA:73,0
DA:74,0
DA:75,0
DA:76,0
DA:77,0
DA:80,0
DA:83,0
DA:84,0
DA:86,0
DA:87,0
DA:88,0
DA:89,0
DA:101,0
DA:102,0
DA:103,0
DA:107,0
DA:108,0
DA:109,0
DA:112,0
DA:113,0
DA:114,0
DA:115,0
DA:116,0
DA:117,0
DA:118,0
DA:120,0
DA:121,0
DA:125,0
DA:128,0
DA:130,0
DA:131,0
DA:137,0
DA:138,0
DA:139,0
LF:50
LH:0
end_of_record
SF:lib/src/features/map/domain/safe_zone_repository.dart
DA:8,0
DA:9,0
DA:14,2
DA:16,0
DA:33,0
DA:34,0
DA:35,0
DA:36,0
DA:39,0
DA:40,0
DA:41,0
DA:44,0
DA:45,0
DA:48,0
DA:49,0
DA:50,0
DA:51,0
DA:54,0
DA:55,0
DA:56,0
DA:57,0
DA:60,0
DA:63,0
DA:64,0
DA:68,0
DA:69,0
DA:72,0
DA:74,0
DA:75,0
DA:79,0
DA:80,0
DA:81,0
LF:32
LH:1
end_of_record
SF:lib/src/core/hobby_data.dart
DA:618,0
DA:619,0
DA:620,0
DA:621,0
DA:622,0
DA:623,0
DA:625,0
LF:7
LH:0
end_of_record
SF:lib/src/core/hobby_utils.dart
DA:4,3
DA:5,3
DA:6,0
DA:8,0
DA:9,0
DA:10,0
DA:12,0
DA:14,0
DA:15,0
DA:16,0
DA:18,0
DA:23,0
DA:54,0
DA:55,0
DA:56,0
DA:57,0
DA:59,0
DA:63,0
DA:70,0
DA:72,0
DA:73,0
LF:21
LH:2
end_of_record
SF:lib/src/core/ios_integration_service.dart
DA:13,0
DA:14,0
DA:22,0
DA:23,0
DA:24,0
DA:25,0
DA:26,0
DA:27,0
DA:28,0
DA:33,0
DA:34,0
DA:36,0
DA:41,0
DA:42,0
DA:46,0
DA:47,0
DA:52,0
DA:53,0
DA:54,0
DA:58,0
DA:59,0
DA:60,0
DA:66,0
DA:67,0
LF:24
LH:0
end_of_record
SF:lib/src/core/map_provider.dart
DA:26,0
DA:40,0
DA:42,0
DA:43,0
DA:44,0
DA:46,0
DA:47,0
DA:49,0
DA:50,0
DA:52,0
LF:10
LH:0
end_of_record
SF:lib/src/core/places_service.dart
DA:17,1
DA:18,1
DA:19,0
DA:20,0
DA:22,1
DA:32,0
DA:39,0
DA:40,0
DA:41,0
DA:42,0
DA:43,0
DA:44,0
DA:45,0
DA:50,0
DA:51,0
DA:52,0
DA:62,0
DA:96,0
DA:107,0
DA:110,0
DA:111,0
DA:112,0
DA:116,0
DA:117,0
DA:118,0
DA:123,0
DA:124,0
DA:125,0
DA:126,0
DA:128,0
DA:131,0
DA:134,0
DA:135,0
DA:136,0
DA:137,0
DA:139,0
DA:141,0
DA:142,0
DA:143,0
DA:144,0
DA:145,0
DA:146,0
DA:147,0
DA:155,0
DA:157,0
DA:158,0
DA:159,0
DA:160,0
DA:163,0
DA:164,0
DA:165,0
DA:166,0
DA:167,0
DA:168,0
DA:169,0
DA:170,0
DA:172,0
DA:173,0
DA:182,0
DA:187,0
DA:188,0
DA:189,0
DA:191,0
DA:194,0
DA:197,0
DA:198,0
DA:199,0
DA:203,0
DA:204,0
DA:205,0
DA:212,0
DA:213,0
DA:214,0
DA:215,0
DA:217,0
DA:219,0
DA:220,0
DA:221,0
DA:226,0
DA:228,0
DA:229,0
DA:230,0
DA:231,0
DA:232,0
DA:235,0
DA:238,0
DA:239,0
DA:240,0
DA:241,0
DA:242,0
DA:243,0
DA:244,0
DA:245,0
DA:247,0
DA:248,0
DA:257,0
DA:258,0
DA:260,0
DA:263,0
DA:264,0
DA:267,0
DA:269,0
DA:270,0
DA:273,0
DA:275,0
DA:276,0
DA:277,0
DA:281,0
DA:282,0
DA:285,0
DA:286,0
DA:289,0
DA:290,0
DA:291,0
DA:295,0
DA:298,0
DA:299,0
DA:307,3
DA:308,0
DA:309,0
LF:120
LH:4
end_of_record
SF:lib/src/core/radar_integration_service.dart
DA:8,1
DA:10,3
DA:13,1
DA:14,1
DA:15,0
DA:16,1
DA:17,0
DA:23,0
DA:24,0
DA:25,0
DA:26,0
DA:27,0
DA:32,0
DA:33,0
DA:34,0
DA:35,0
DA:36,0
DA:41,0
DA:42,0
DA:43,0
DA:44,0
DA:45,0
DA:50,0
DA:51,0
DA:52,0
DA:53,0
DA:54,0
DA:61,0
DA:62,0
DA:63,0
DA:65,0
DA:70,0
DA:71,0
DA:72,0
DA:73,0
DA:74,0
LF:36
LH:5
end_of_record
SF:lib/src/features/auth/presentation/login_screen.dart
DA:18,2
DA:41,2
DA:43,0
DA:45,0
DA:50,0
DA:52,0
DA:61,0
DA:63,0
DA:64,0
DA:65,0
DA:68,0
DA:69,0
DA:70,0
DA:71,0
DA:72,0
DA:74,0
DA:76,0
DA:78,0
DA:80,0
DA:82,0
DA:91,0
DA:92,0
DA:94,0
DA:96,0
DA:97,0
DA:98,0
DA:102,0
DA:106,0
DA:107,0
DA:108,0
DA:111,0
DA:113,0
DA:114,0
DA:115,0
DA:121,0
DA:123,0
DA:124,0
DA:125,0
DA:126,0
DA:127,0
DA:129,0
DA:130,0
DA:131,0
DA:133,0
DA:135,0
DA:136,0
DA:137,0
DA:138,0
DA:140,0
DA:141,0
DA:142,0
DA:146,0
DA:148,0
DA:150,0
DA:153,0
DA:156,0
DA:163,0
DA:164,0
DA:165,0
DA:167,0
DA:168,0
DA:169,0
DA:170,0
DA:177,0
DA:178,0
DA:179,0
DA:180,0
DA:181,0
DA:182,0
DA:183,0
DA:184,0
DA:185,0
DA:186,0
DA:187,0
DA:188,0
DA:189,0
DA:190,0
DA:191,0
DA:192,0
DA:193,0
DA:195,0
DA:197,0
DA:198,0
DA:199,0
DA:200,0
DA:203,0
DA:204,0
DA:205,0
DA:206,0
DA:212,0
DA:213,0
DA:214,0
DA:215,0
DA:216,0
DA:217,0
DA:218,0
DA:219,0
DA:220,0
DA:221,0
DA:222,0
DA:223,0
DA:224,0
DA:225,0
DA:226,0
DA:227,0
DA:228,0
DA:229,0
DA:230,0
DA:231,0
DA:234,0
DA:235,0
DA:236,0
DA:237,0
DA:240,0
DA:241,0
DA:243,0
DA:245,0
DA:247,0
DA:248,0
DA:249,0
DA:250,0
DA:253,0
DA:254,0
DA:255,0
DA:256,0
DA:262,0
DA:264,0
DA:265,0
DA:266,0
DA:267,0
DA:268,0
DA:269,0
DA:270,0
DA:271,0
DA:272,0
DA:273,0
DA:274,0
DA:275,0
DA:277,0
DA:278,0
DA:279,0
DA:280,0
DA:287,0
DA:288,0
DA:289,0
DA:291,0
DA:292,0
DA:293,0
DA:294,0
DA:295,0
DA:296,0
DA:301,0
DA:303,0
DA:304,0
DA:305,0
DA:307,0
DA:308,0
DA:310,0
DA:320,0
DA:321,0
DA:322,0
DA:323,0
DA:329,0
DA:330,0
DA:332,0
DA:338,0
DA:339,0
DA:340,0
DA:341,0
DA:351,0
DA:352,0
DA:353,0
DA:354,0
DA:356,0
DA:358,0
DA:361,0
DA:365,0
DA:366,0
DA:368,0
DA:372,0
DA:373,0
DA:374,0
DA:375,0
DA:376,0
DA:377,0
DA:378,0
DA:380,0
DA:387,0
DA:394,0
DA:397,0
DA:398,0
DA:399,0
DA:402,0
DA:404,0
DA:405,0
DA:406,0
DA:407,0
DA:409,0
DA:410,0
DA:413,0
DA:415,0
DA:416,0
DA:419,0
DA:421,0
DA:422,0
DA:423,0
DA:424,0
DA:443,0
DA:451,0
DA:453,0
DA:455,0
DA:456,0
DA:457,0
DA:458,0
DA:459,0
DA:467,0
DA:470,0
DA:471,0
DA:472,0
DA:475,0
DA:477,0
DA:482,0
DA:484,0
DA:491,0
DA:492,0
DA:493,0
DA:494,0
DA:495,0
DA:500,0
DA:502,0
DA:503,0
DA:504,0
DA:505,0
DA:508,0
DA:512,0
DA:513,0
DA:514,0
DA:517,0
DA:518,0
DA:519,0
DA:520,0
DA:530,0
DA:550,2
DA:561,0
DA:563,0
DA:572,2
DA:582,0
DA:584,0
DA:588,0
DA:598,0
DA:614,0
DA:616,0
DA:618,0
DA:619,0
DA:620,0
DA:621,0
DA:624,0
DA:625,0
DA:626,0
DA:627,0
DA:629,0
DA:631,0
DA:632,0
DA:634,0
DA:635,0
DA:637,0
DA:638,0
DA:640,0
DA:641,0
LF:269
LH:4
end_of_record
SF:lib/src/features/auth/presentation/registration_flow.dart
DA:67,1
DA:74,2
DA:78,1
DA:80,6
DA:81,1
DA:82,1
DA:83,1
DA:84,1
DA:91,2
DA:94,0
DA:95,0
DA:96,0
DA:97,0
DA:101,1
DA:102,1
DA:103,1
DA:104,2
DA:111,1
DA:112,1
DA:113,0
DA:116,1
DA:119,4
DA:124,0
DA:129,0
DA:136,0
DA:183,2
DA:185,1
DA:186,1
DA:201,1
DA:203,1
DA:204,3
DA:205,2
DA:207,4
DA:209,2
DA:212,3
DA:213,2
DA:214,2
DA:215,1
DA:217,0
DA:219,0
DA:220,0
DA:222,0
DA:225,0
DA:228,3
DA:318,1
DA:319,3
DA:320,1
DA:322,1
DA:326,1
DA:327,3
DA:330,1
DA:331,2
DA:332,0
DA:334,3
DA:335,1
DA:336,0
DA:337,0
DA:338,0
DA:339,0
DA:341,2
DA:342,2
DA:343,2
DA:344,2
DA:345,3
DA:346,2
DA:347,2
DA:349,2
DA:350,3
DA:351,1
DA:352,0
DA:354,2
DA:355,1
DA:356,0
DA:357,0
DA:358,0
DA:360,1
DA:361,0
DA:362,0
DA:363,0
DA:364,0
DA:367,2
DA:368,2
DA:369,2
DA:370,2
DA:371,2
DA:372,2
DA:373,0
DA:374,2
DA:375,0
DA:376,2
DA:377,1
DA:378,0
DA:380,0
DA:387,0
DA:391,1
DA:393,2
DA:394,0
DA:398,1
DA:399,3
DA:400,2
DA:404,4
DA:405,2
DA:408,1
DA:409,4
DA:413,1
DA:414,1
DA:415,3
DA:416,3
DA:417,1
DA:418,0
DA:420,1
DA:421,1
DA:422,4
DA:423,0
DA:425,1
DA:426,3
DA:427,0
DA:429,1
DA:430,2
DA:431,1
DA:432,3
DA:433,1
DA:435,7
DA:436,1
DA:437,4
DA:438,4
DA:439,1
DA:440,1
DA:441,1
DA:442,1
DA:443,1
DA:444,1
DA:445,1
DA:446,2
DA:448,3
DA:450,1
DA:456,4
DA:459,1
DA:461,1
DA:462,2
DA:463,2
DA:465,0
DA:469,0
DA:470,0
DA:473,0
DA:474,0
DA:481,0
DA:484,0
DA:488,0
DA:493,0
DA:497,0
DA:512,0
DA:513,0
DA:514,0
DA:517,0
DA:520,0
DA:521,0
DA:525,0
DA:528,0
DA:529,0
DA:532,0
DA:536,0
DA:537,0
DA:538,0
DA:542,0
DA:543,0
DA:546,0
DA:547,0
DA:548,0
DA:549,0
DA:550,0
DA:553,0
DA:556,0
DA:557,0
DA:562,0
DA:563,0
DA:564,0
DA:567,0
DA:568,0
DA:570,0
DA:574,0
DA:575,0
DA:576,0
DA:577,0
DA:578,0
DA:584,0
DA:586,0
DA:588,0
DA:590,0
DA:594,0
DA:596,0
DA:598,0
DA:599,0
DA:600,0
DA:601,0
DA:603,0
DA:604,0
DA:605,0
DA:606,0
DA:607,0
DA:613,0
DA:614,0
DA:615,0
DA:616,0
DA:621,0
DA:632,1
DA:634,1
DA:635,3
DA:636,4
DA:637,1
DA:638,1
DA:641,2
DA:644,1
DA:646,5
DA:652,0
DA:654,0
DA:655,0
DA:657,0
DA:662,0
DA:664,0
DA:666,0
DA:667,0
DA:668,0
DA:669,0
DA:671,0
DA:675,0
DA:676,0
DA:677,0
DA:678,0
DA:680,0
DA:685,0
DA:686,0
DA:692,0
DA:694,0
DA:695,0
DA:702,0
DA:703,0
DA:704,0
DA:705,0
DA:706,0
DA:708,0
DA:713,1
DA:716,3
DA:717,2
DA:720,4
DA:728,1
DA:729,0
DA:733,0
DA:740,1
DA:742,0
DA:744,0
DA:745,0
DA:748,1
DA:750,1
DA:751,1
DA:752,1
DA:754,1
DA:755,1
DA:756,1
DA:761,1
DA:762,1
DA:766,1
DA:767,1
DA:769,1
DA:770,1
DA:772,1
DA:773,0
DA:774,1
DA:775,1
DA:777,1
DA:779,1
DA:780,0
DA:781,1
DA:783,1
DA:785,1
DA:786,0
DA:787,1
DA:789,1
DA:791,1
DA:792,0
DA:793,1
DA:797,1
DA:798,1
DA:799,1
DA:800,1
DA:801,0
DA:802,0
DA:803,0
DA:804,0
DA:805,0
DA:806,0
DA:808,0
DA:809,1
DA:811,1
DA:812,1
DA:813,1
DA:814,1
DA:815,1
DA:816,0
DA:817,1
DA:818,1
DA:820,1
DA:821,1
DA:822,0
DA:823,1
DA:824,1
DA:825,1
DA:826,2
DA:827,1
DA:828,1
DA:830,0
DA:831,0
DA:832,0
DA:833,0
DA:834,0
DA:836,0
DA:839,1
DA:840,1
DA:841,0
DA:842,1
DA:843,1
DA:844,1
DA:846,1
DA:847,1
DA:848,0
DA:849,0
DA:850,1
DA:851,0
DA:852,0
DA:853,4
DA:854,0
DA:855,0
DA:856,0
DA:857,0
DA:858,1
DA:859,1
DA:860,1
DA:862,1
DA:863,1
DA:864,1
DA:865,0
DA:866,0
DA:867,0
DA:868,0
DA:869,0
DA:873,0
DA:874,0
DA:876,0
DA:878,0
DA:879,0
DA:883,1
DA:885,1
DA:886,1
DA:887,0
DA:888,1
DA:889,0
DA:890,1
DA:891,1
DA:893,1
DA:894,1
DA:895,0
DA:896,0
DA:897,1
DA:898,0
DA:899,0
DA:900,1
DA:902,1
DA:903,1
DA:904,0
DA:905,0
DA:906,1
DA:907,0
DA:908,0
DA:909,1
DA:911,1
DA:912,1
DA:913,0
DA:914,0
DA:915,0
DA:917,0
DA:920,0
DA:921,1
DA:922,0
DA:923,0
DA:924,1
DA:926,1
DA:927,1
DA:928,0
DA:929,0
DA:930,1
DA:931,0
DA:932,0
DA:933,1
DA:935,1
DA:936,1
DA:937,0
DA:938,0
DA:939,0
DA:940,0
DA:944,0
DA:945,0
DA:947,0
DA:949,0
DA:950,0
DA:954,1
DA:956,1
DA:957,1
DA:958,0
DA:959,0
DA:960,1
DA:961,0
DA:962,0
DA:963,1
DA:965,1
DA:966,1
DA:967,0
DA:968,0
DA:969,0
DA:970,0
DA:973,0
DA:974,0
DA:975,0
DA:976,0
DA:977,0
DA:978,0
DA:981,0
DA:982,0
DA:985,1
DA:987,1
DA:988,1
DA:989,0
DA:990,0
DA:991,1
DA:992,0
DA:993,0
DA:994,1
DA:996,1
DA:997,1
DA:998,0
DA:999,0
DA:1000,1
DA:1001,0
DA:1002,0
DA:1003,1
DA:1005,1
DA:1006,1
DA:1007,0
DA:1008,0
DA:1009,1
DA:1010,0
DA:1011,0
DA:1012,1
DA:1014,1
DA:1015,1
DA:1016,0
DA:1017,0
DA:1018,0
DA:1019,0
DA:1020,0
DA:1024,0
DA:1025,0
DA:1027,0
DA:1028,0
DA:1030,0
DA:1031,0
DA:1032,0
DA:1036,1
DA:1038,1
DA:1039,1
DA:1040,1
DA:1041,1
DA:1042,0
DA:1043,0
DA:1044,0
DA:1046,0
DA:1049,0
DA:1050,0
DA:1051,0
DA:1052,1
DA:1053,1
DA:1055,1
DA:1056,1
DA:1057,1
DA:1058,0
DA:1059,0
DA:1060,0
DA:1061,0
DA:1062,0
DA:1063,1
DA:1064,1
DA:1066,1
DA:1067,1
DA:1068,0
DA:1069,0
DA:1070,0
DA:1072,0
DA:1075,0
DA:1076,1
DA:1077,1
DA:1079,1
DA:1080,1
DA:1081,0
DA:1082,0
DA:1083,0
DA:1084,0
DA:1085,0
DA:1086,1
DA:1087,1
DA:1088,1
DA:1089,1
DA:1091,1
DA:1092,1
DA:1093,1
DA:1094,0
DA:1095,0
DA:1096,1
DA:1097,1
DA:1100,1
DA:1101,1
DA:1102,0
DA:1103,0
DA:1105,0
DA:1106,0
DA:1107,0
DA:1110,0
DA:1111,0
DA:1112,0
DA:1114,1
DA:1115,0
DA:1116,1
DA:1121,1
DA:1122,0
DA:1123,0
DA:1124,0
DA:1126,1
DA:1127,0
DA:1128,1
DA:1129,1
DA:1130,1
DA:1132,1
DA:1133,1
DA:1134,3
DA:1135,1
DA:1142,1
DA:1143,2
DA:1145,1
DA:1146,3
DA:1149,1
DA:1151,1
DA:1152,1
DA:1153,1
DA:1155,1
DA:1156,1
DA:1157,1
DA:1168,0
DA:1169,0
DA:1170,0
DA:1171,0
DA:1172,0
DA:1174,0
DA:1175,0
DA:1176,0
DA:1177,0
DA:1179,0
DA:1181,0
DA:1182,0
DA:1183,0
DA:1184,0
DA:1186,0
DA:1187,0
DA:1189,0
DA:1190,0
DA:1191,0
DA:1192,0
DA:1198,0
DA:1200,0
DA:1208,0
DA:1209,0
DA:1211,0
DA:1212,0
DA:1213,0
DA:1214,0
DA:1215,0
DA:1216,0
DA:1218,0
DA:1219,0
DA:1224,0
DA:1227,0
DA:1229,0
DA:1230,0
DA:1231,0
DA:1232,0
DA:1244,0
DA:1245,0
DA:1246,0
DA:1247,0
DA:1249,0
DA:1251,0
DA:1252,0
DA:1253,0
DA:1254,0
DA:1256,0
DA:1257,0
DA:1258,0
DA:1260,0
DA:1261,0
DA:1266,0
DA:1271,0
DA:1272,0
DA:1273,0
DA:1276,0
DA:1277,0
DA:1278,0
DA:1279,0
DA:1280,0
DA:1281,0
DA:1293,1
DA:1294,1
DA:1295,3
DA:1296,2
DA:1298,3
DA:1301,0
DA:1309,0
DA:1311,0
DA:1312,0
DA:1315,0
DA:1316,0
DA:1318,0
DA:1319,0
DA:1320,0
DA:1321,0
DA:1322,0
DA:1323,0
DA:1325,0
DA:1328,0
DA:1329,0
DA:1332,0
DA:1335,0
DA:1336,0
DA:1337,0
DA:1340,0
DA:1342,0
DA:1345,0
DA:1346,0
DA:1347,0
DA:1355,0
DA:1356,0
DA:1357,0
DA:1359,0
DA:1360,0
DA:1361,0
DA:1364,0
DA:1365,0
DA:1366,0
DA:1368,0
DA:1369,0
DA:1370,0
DA:1371,0
DA:1372,0
DA:1373,0
DA:1374,0
DA:1382,0
DA:1383,0
DA:1385,0
DA:1386,0
DA:1387,0
DA:1397,0
DA:1398,0
DA:1399,0
DA:1401,0
DA:1412,0
DA:1413,0
DA:1418,0
DA:1419,0
DA:1420,0
DA:1421,0
DA:1422,0
DA:1423,0
DA:1424,0
DA:1425,0
DA:1426,0
DA:1427,0
DA:1431,0
DA:1432,0
DA:1447,0
DA:1448,0
DA:1449,0
DA:1450,0
DA:1451,0
DA:1452,0
DA:1453,0
DA:1454,0
DA:1455,0
DA:1459,0
DA:1460,0
DA:1461,0
DA:1462,0
DA:1463,0
DA:1466,0
DA:1474,0
DA:1475,0
DA:1478,0
DA:1479,0
DA:1482,0
DA:1483,0
DA:1485,0
DA:1486,0
DA:1487,0
DA:1488,0
DA:1489,0
DA:1490,0
DA:1492,0
DA:1495,0
DA:1496,0
DA:1499,0
DA:1502,0
DA:1503,0
DA:1504,0
DA:1507,0
DA:1509,0
DA:1512,0
DA:1513,0
DA:1514,0
DA:1522,0
DA:1523,0
DA:1525,0
DA:1526,0
DA:1527,0
DA:1531,0
DA:1532,0
DA:1538,0
DA:1542,0
DA:1543,0
DA:1544,0
DA:1545,0
DA:1546,0
DA:1547,0
DA:1548,0
DA:1549,0
DA:1550,0
DA:1551,0
DA:1552,0
DA:1553,0
DA:1555,0
DA:1558,0
DA:1560,0
DA:1561,0
DA:1562,0
DA:1564,0
DA:1565,0
DA:1566,0
DA:1567,0
DA:1574,0
DA:1575,0
DA:1576,0
DA:1578,0
DA:1579,0
DA:1580,0
DA:1581,0
DA:1589,0
DA:1590,0
DA:1591,0
DA:1593,0
DA:1594,0
DA:1595,0
DA:1596,0
DA:1597,0
DA:1598,0
DA:1599,0
DA:1607,0
DA:1608,0
DA:1609,0
DA:1610,0
DA:1620,0
DA:1621,0
DA:1622,0
DA:1624,0
DA:1628,0
DA:1629,0
DA:1631,0
DA:1632,0
DA:1634,0
DA:1636,0
DA:1638,0
DA:1640,0
DA:1641,0
DA:1655,0
DA:1657,0
DA:1658,0
DA:1659,0
DA:1660,0
DA:1663,0
DA:1664,0
DA:1665,0
DA:1668,0
DA:1669,0
DA:1670,0
DA:1671,0
DA:1672,0
DA:1673,0
DA:1674,0
DA:1676,0
DA:1678,0
DA:1681,0
DA:1682,0
DA:1685,0
DA:1688,0
DA:1689,0
DA:1690,0
DA:1693,0
DA:1696,0
DA:1699,0
DA:1701,0
DA:1709,0
DA:1710,0
DA:1713,0
DA:1714,0
DA:1715,0
DA:1716,0
DA:1717,0
DA:1718,0
DA:1720,0
DA:1722,0
DA:1725,0
DA:1726,0
DA:1730,0
DA:1731,0
DA:1732,0
DA:1733,0
DA:1734,0
DA:1735,0
DA:1743,0
DA:1744,0
DA:1746,0
DA:1747,0
DA:1748,0
DA:1758,0
DA:1759,0
DA:1760,0
DA:1761,0
DA:1762,0
DA:1763,0
DA:1764,0
DA:1786,1
DA:1787,3
DA:1788,1
DA:1791,1
DA:1792,4
DA:1794,1
DA:1799,2
DA:1800,1
DA:1801,1
DA:1802,1
DA:1803,1
DA:1804,1
DA:1808,1
DA:1809,0
DA:1813,1
DA:1814,3
DA:1818,2
DA:1819,2
DA:1823,2
DA:1824,2
DA:1826,1
DA:1827,1
DA:1828,2
DA:1829,3
DA:1830,3
DA:1831,1
DA:1832,4
DA:1836,1
DA:1837,3
DA:1839,4
DA:1840,1
DA:1841,2
DA:1846,1
DA:1847,1
DA:1848,2
DA:1849,1
DA:1850,1
DA:1855,3
DA:1858,1
DA:1866,1
DA:1868,2
DA:1869,2
DA:1872,1
DA:1873,1
DA:1874,1
DA:1875,4
DA:1876,0
DA:1878,1
DA:1879,3
DA:1880,0
DA:1882,1
DA:1883,2
DA:1884,1
DA:1885,3
DA:1886,1
DA:1888,7
DA:1889,1
DA:1890,4
DA:1891,4
DA:1892,1
DA:1893,1
DA:1894,1
DA:1895,1
DA:1896,1
DA:1897,1
DA:1898,1
DA:1899,2
DA:1901,3
DA:1903,1
DA:1909,4
DA:1910,1
DA:1911,1
DA:1912,1
DA:1913,1
DA:1914,1
DA:1915,1
DA:1916,1
DA:1917,1
DA:1918,1
DA:1919,1
DA:1920,1
DA:1921,1
DA:1922,1
DA:1923,1
DA:1924,0
DA:1925,1
DA:1926,1
DA:1927,1
DA:1928,1
DA:1929,0
DA:1931,1
DA:1935,3
DA:1936,3
DA:1937,1
DA:1938,1
DA:1939,1
DA:1940,1
DA:1949,4
DA:1950,4
DA:1955,1
DA:1956,1
DA:1960,2
DA:1961,0
DA:1962,0
DA:1966,1
DA:1967,1
DA:1969,1
DA:1970,3
DA:1971,1
DA:1972,1
DA:1973,3
DA:1974,1
DA:1975,1
DA:1980,3
DA:1983,0
DA:1984,0
DA:1985,0
DA:1987,0
DA:1988,0
DA:1989,0
DA:1990,0
DA:1991,0
DA:1992,0
DA:1993,0
DA:1994,0
DA:1995,0
DA:1999,0
DA:2000,0
DA:2001,0
DA:2002,0
DA:2003,0
DA:2004,0
DA:2009,2
DA:2010,5
DA:2011,2
DA:2012,1
DA:2013,1
DA:2014,1
DA:2015,2
DA:2017,1
DA:2018,3
DA:2019,1
DA:2020,1
DA:2022,1
DA:2023,1
DA:2032,0
DA:2033,0
DA:2034,0
DA:2035,0
DA:2036,0
DA:2039,0
DA:2040,0
DA:2041,0
DA:2042,0
DA:2043,0
DA:2044,0
DA:2045,0
DA:2047,0
DA:2048,0
DA:2055,1
DA:2059,1
DA:2060,1
DA:2061,1
DA:2062,1
DA:2063,1
DA:2065,1
DA:2067,1
DA:2068,1
DA:2070,1
DA:2071,1
DA:2074,1
DA:2075,1
DA:2079,1
DA:2081,1
DA:2087,1
DA:2089,0
DA:2091,0
DA:2104,1
DA:2105,1
DA:2106,1
DA:2107,1
DA:2108,1
DA:2110,1
DA:2111,1
DA:2112,1
DA:2115,1
DA:2116,1
DA:2123,1
DA:2125,1
DA:2132,1
DA:2133,1
DA:2136,1
DA:2137,1
DA:2138,1
DA:2142,1
DA:2144,1
DA:2145,4
DA:2159,1
DA:2161,1
DA:2162,1
DA:2163,2
DA:2164,2
DA:2165,2
DA:2166,1
DA:2169,1
LF:1048
LH:447
end_of_record
SF:lib/src/features/auth/presentation/forgot_password_screen.dart
DA:15,2
DA:17,0
DA:19,0
DA:29,0
DA:31,0
DA:32,0
DA:35,0
DA:36,0
DA:37,0
DA:38,0
DA:40,0
DA:42,0
DA:51,0
DA:52,0
DA:53,0
DA:54,0
DA:59,0
DA:61,0
DA:62,0
DA:63,0
DA:66,0
DA:67,0
DA:68,0
DA:72,0
DA:73,0
DA:78,0
DA:80,0
DA:81,0
DA:82,0
DA:83,0
DA:84,0
DA:86,0
DA:88,0
DA:97,0
DA:98,0
DA:99,0
DA:100,0
DA:101,0
DA:102,0
DA:104,0
DA:108,0
DA:109,0
DA:116,0
DA:117,0
DA:119,0
DA:122,0
DA:123,0
DA:125,0
DA:126,0
DA:129,0
DA:132,0
DA:136,0
DA:137,0
DA:138,0
DA:140,0
DA:142,0
DA:143,0
DA:144,0
DA:145,0
DA:146,0
DA:148,0
DA:149,0
DA:150,0
DA:158,0
DA:160,0
DA:161,0
DA:165,0
DA:166,0
DA:167,0
DA:173,0
DA:174,0
DA:179,0
DA:180,0
DA:182,0
DA:183,0
DA:185,0
DA:188,0
DA:189,0
DA:190,0
DA:193,0
DA:194,0
DA:202,0
DA:203,0
DA:206,0
DA:208,0
DA:210,0
DA:212,0
DA:214,0
DA:215,0
DA:217,0
DA:218,0
DA:222,0
DA:223,0
DA:224,0
DA:231,0
DA:232,0
DA:233,0
DA:234,0
LF:98
LH:1
end_of_record
SF:lib/src/features/auth/presentation/permission_gate_screen.dart
DA:14,2
DA:16,0
DA:18,0
DA:27,0
DA:29,0
DA:30,0
DA:33,0
DA:35,0
DA:36,0
DA:39,0
DA:41,0
DA:42,0
DA:46,0
DA:47,0
DA:48,0
DA:49,0
DA:50,0
DA:51,0
DA:56,0
DA:57,0
DA:58,0
DA:60,0
DA:61,0
DA:62,0
DA:64,0
DA:66,0
DA:68,0
DA:69,0
DA:74,0
DA:75,0
DA:76,0
DA:81,0
DA:82,0
DA:85,0
DA:86,0
DA:89,0
DA:91,0
DA:92,0
DA:94,0
DA:96,0
DA:97,0
DA:98,0
DA:101,0
DA:102,0
DA:103,0
DA:104,0
DA:105,0
DA:111,0
DA:112,0
DA:114,0
DA:115,0
DA:116,0
DA:120,0
DA:121,0
DA:122,0
DA:126,0
DA:127,0
DA:128,0
DA:129,0
DA:149,0
DA:157,0
DA:159,0
DA:161,0
DA:162,0
DA:164,0
DA:168,0
DA:170,0
DA:171,0
DA:175,0
DA:176,0
DA:180,0
DA:182,0
DA:183,0
DA:184,0
DA:185,0
DA:186,0
DA:189,0
DA:194,0
DA:196,0
DA:198,0
DA:199,0
DA:201,0
DA:202,0
DA:203,0
DA:204,0
DA:205,0
DA:206,0
DA:207,0
DA:209,0
DA:211,0
DA:212,0
DA:213,0
DA:220,0
DA:221,0
DA:223,0
DA:224,0
DA:226,0
DA:227,0
DA:228,0
DA:229,0
DA:230,0
DA:235,0
DA:237,0
DA:238,0
DA:239,0
DA:240,0
DA:241,0
DA:250,0
DA:251,0
DA:256,0
DA:258,0
DA:260,0
DA:261,0
DA:263,0
DA:264,0
DA:265,0
DA:266,0
DA:267,0
DA:268,0
DA:269,0
DA:278,0
DA:279,0
DA:281,0
DA:282,0
DA:284,0
DA:285,0
DA:286,0
DA:287,0
DA:288,0
DA:293,0
DA:295,0
DA:296,0
DA:297,0
DA:298,0
DA:299,0
DA:308,0
DA:309,0
DA:314,0
DA:316,0
DA:318,0
DA:319,0
DA:321,0
DA:322,0
DA:323,0
DA:324,0
DA:325,0
DA:326,0
DA:327,0
DA:336,0
DA:337,0
DA:339,0
DA:340,0
DA:342,0
DA:343,0
DA:344,0
DA:345,0
DA:346,0
DA:351,0
DA:353,0
DA:354,0
DA:355,0
DA:356,0
DA:357,0
DA:366,0
DA:367,0
DA:372,0
DA:374,0
DA:376,0
DA:377,0
DA:379,0
DA:380,0
DA:381,0
DA:382,0
DA:383,0
DA:384,0
DA:385,0
DA:394,0
DA:395,0
DA:397,0
DA:398,0
DA:400,0
DA:401,0
DA:402,0
DA:403,0
DA:404,0
DA:409,0
DA:411,0
DA:412,0
DA:413,0
DA:414,0
DA:415,0
DA:424,0
DA:425,0
DA:430,0
DA:432,0
DA:433,0
DA:434,0
DA:435,0
DA:436,0
DA:439,0
DA:444,0
DA:445,0
DA:446,0
DA:447,0
DA:448,0
DA:452,0
DA:455,0
DA:456,0
DA:472,0
DA:478,0
DA:480,0
DA:481,0
DA:483,0
DA:485,0
DA:487,0
DA:489,0
DA:491,0
DA:494,0
DA:496,0
DA:497,0
DA:501,0
DA:503,0
DA:505,0
DA:507,0
DA:508,0
DA:509,0
DA:510,0
DA:511,0
DA:515,0
DA:517,0
DA:519,0
DA:520,0
DA:522,0
DA:525,0
DA:526,0
DA:528,0
DA:547,0
DA:553,0
DA:555,0
DA:556,0
DA:558,0
DA:560,0
DA:562,0
DA:564,0
DA:566,0
DA:569,0
DA:571,0
DA:572,0
DA:576,0
DA:578,0
DA:580,0
DA:582,0
DA:583,0
DA:584,0
DA:585,0
DA:586,0
DA:590,0
DA:592,0
DA:594,0
DA:595,0
LF:260
LH:1
end_of_record
SF:lib/src/features/dashboard/presentation/home_screen.dart
DA:58,2
DA:59,2
DA:62,4
DA:63,4
DA:66,4
DA:70,4
DA:71,4
DA:74,2
DA:76,3
DA:78,1
DA:79,1
DA:88,1
DA:90,1
DA:91,2
DA:93,1
DA:94,3
DA:95,1
DA:97,3
DA:99,2
DA:100,2
DA:101,1
DA:102,0
DA:109,0
DA:110,0
DA:111,0
DA:112,0
DA:119,0
DA:120,0
DA:121,0
DA:122,0
DA:125,0
DA:131,5
DA:135,1
DA:137,2
DA:138,1
DA:141,0
DA:143,0
DA:144,0
DA:145,0
DA:146,0
DA:147,0
DA:151,0
DA:152,0
DA:153,0
DA:154,0
DA:156,0
DA:160,0
DA:161,0
DA:162,0
DA:163,0
DA:164,0
DA:166,0
DA:167,0
DA:171,0
DA:172,0
DA:174,0
DA:175,0
DA:179,0
DA:181,0
DA:185,0
DA:186,0
DA:189,0
DA:190,0
DA:191,0
DA:192,0
DA:199,0
DA:200,0
DA:201,0
DA:202,0
DA:208,0
DA:209,0
DA:210,0
DA:211,0
DA:212,0
DA:213,0
DA:214,0
DA:216,0
DA:220,0
DA:221,0
DA:222,0
DA:226,0
DA:227,0
DA:230,0
DA:231,0
DA:232,0
DA:233,0
DA:234,0
DA:236,0
DA:247,0
DA:248,0
DA:252,0
DA:256,0
DA:257,0
DA:259,0
DA:263,0
DA:264,0
DA:267,0
DA:268,0
DA:271,0
DA:272,0
DA:276,0
DA:277,0
DA:278,0
DA:279,0
DA:281,0
DA:284,0
DA:287,0
DA:288,0
DA:289,0
DA:290,0
DA:291,0
DA:292,0
DA:294,0
DA:296,0
DA:297,0
DA:299,0
DA:302,0
DA:303,0
DA:304,0
DA:305,0
DA:312,0
DA:313,0
DA:314,0
DA:315,0
DA:321,0
DA:323,0
DA:324,0
DA:328,0
DA:329,0
DA:331,0
DA:342,0
DA:345,0
DA:346,0
DA:348,0
DA:351,1
DA:356,3
DA:357,0
DA:358,0
DA:360,0
DA:363,0
DA:364,0
DA:365,0
DA:370,0
DA:371,0
DA:373,0
DA:374,0
DA:375,0
DA:376,0
DA:393,3
DA:394,0
DA:395,0
DA:396,0
DA:397,0
DA:399,0
DA:400,0
DA:404,0
DA:405,0
DA:407,0
DA:410,0
DA:411,0
DA:412,0
DA:414,0
DA:420,3
DA:422,0
DA:423,0
DA:424,0
DA:425,0
DA:432,3
DA:434,0
DA:435,0
DA:437,0
DA:438,0
DA:439,0
DA:440,0
DA:447,3
DA:448,0
DA:449,0
DA:450,0
DA:451,0
DA:453,0
DA:454,0
DA:458,3
DA:459,3
DA:462,2
DA:463,1
DA:464,0
DA:466,0
DA:467,0
DA:468,0
DA:473,0
DA:474,0
DA:476,0
DA:477,0
DA:484,0
DA:485,0
DA:487,0
DA:488,0
DA:490,0
DA:491,0
DA:499,3
DA:500,0
DA:501,0
DA:502,0
DA:503,0
DA:504,0
DA:508,3
DA:513,1
DA:516,1
DA:520,1
DA:526,1
DA:527,2
DA:528,2
DA:529,2
DA:530,1
DA:531,1
DA:534,0
DA:539,0
DA:540,0
DA:541,0
DA:542,0
DA:543,0
DA:549,3
DA:551,3
DA:552,3
DA:556,1
DA:557,1
DA:558,1
DA:562,1
DA:564,3
DA:566,1
DA:567,1
DA:569,1
DA:571,1
DA:572,1
DA:574,1
DA:576,0
DA:577,0
DA:578,0
DA:580,0
DA:581,0
DA:582,0
DA:583,0
DA:585,0
DA:587,0
DA:588,0
DA:589,0
DA:590,0
DA:594,1
DA:595,0
DA:598,0
DA:599,0
DA:604,0
DA:605,0
DA:606,0
DA:607,0
DA:608,0
DA:610,0
DA:616,1
DA:618,1
DA:619,1
DA:624,1
DA:625,1
DA:630,1
DA:631,1
DA:635,1
DA:638,0
DA:646,1
DA:648,1
DA:652,1
DA:663,1
DA:668,0
DA:675,0
DA:676,0
DA:678,0
DA:680,0
DA:681,0
DA:682,0
DA:684,0
DA:685,0
DA:686,0
DA:687,0
DA:688,0
DA:689,0
DA:691,0
DA:692,0
DA:693,0
DA:694,0
DA:695,0
DA:698,0
DA:699,0
DA:700,0
DA:707,0
DA:709,0
DA:711,0
DA:712,0
DA:715,0
DA:717,0
DA:718,0
DA:719,0
DA:727,0
DA:728,0
DA:730,0
DA:731,0
DA:739,0
DA:740,0
DA:742,0
DA:744,0
DA:748,0
DA:753,0
DA:754,0
DA:755,0
DA:756,0
DA:757,0
DA:758,0
DA:761,0
DA:763,0
DA:764,0
DA:765,0
DA:766,0
DA:768,0
DA:769,0
DA:772,0
DA:773,0
DA:775,0
DA:787,0
DA:788,0
DA:789,0
DA:790,0
DA:791,0
DA:793,0
DA:796,0
DA:798,0
DA:799,0
DA:800,0
DA:802,0
DA:808,0
DA:809,0
DA:811,0
DA:834,1
DA:855,1
DA:856,1
DA:857,2
DA:858,1
DA:859,1
DA:860,1
DA:864,2
DA:865,1
DA:867,1
DA:868,1
DA:871,1
DA:873,1
DA:874,1
DA:875,1
DA:880,1
DA:883,2
DA:888,0
DA:889,0
DA:891,0
DA:892,0
DA:893,0
DA:894,0
DA:896,0
DA:897,0
DA:898,0
DA:906,1
DA:910,1
DA:912,1
DA:914,0
DA:915,0
DA:916,0
DA:917,0
DA:918,0
DA:919,0
DA:920,0
DA:921,0
DA:922,0
DA:923,0
DA:924,0
DA:925,0
DA:928,1
DA:929,1
DA:931,2
DA:932,1
DA:933,1
DA:934,1
DA:935,1
DA:936,1
DA:938,1
DA:939,1
DA:941,0
DA:942,0
DA:943,0
DA:944,0
DA:947,1
DA:948,3
DA:949,2
DA:952,1
DA:953,1
DA:954,1
DA:955,1
DA:958,0
DA:959,0
DA:964,2
DA:966,1
DA:968,1
DA:969,1
DA:971,1
DA:974,0
DA:975,0
DA:977,0
DA:979,0
DA:981,0
DA:983,0
DA:985,0
DA:986,0
DA:987,0
DA:990,0
DA:994,0
DA:996,0
DA:997,0
DA:998,0
DA:1002,0
DA:1007,0
DA:1010,0
DA:1012,0
DA:1013,0
DA:1016,0
DA:1017,0
DA:1022,0
DA:1023,0
DA:1024,0
DA:1027,0
DA:1031,0
DA:1033,0
DA:1034,0
DA:1035,0
DA:1039,0
DA:1046,0
DA:1051,0
DA:1057,0
DA:1059,0
DA:1060,0
DA:1061,0
DA:1074,0
DA:1075,0
DA:1077,0
DA:1078,0
DA:1080,0
DA:1082,0
DA:1089,0
DA:1090,0
DA:1095,0
DA:1098,0
DA:1109,0
DA:1112,0
DA:1113,0
DA:1114,0
DA:1118,0
DA:1119,0
DA:1120,0
DA:1121,0
DA:1122,0
DA:1123,0
DA:1125,0
DA:1126,0
DA:1131,0
DA:1132,0
DA:1133,0
DA:1137,0
DA:1139,0
DA:1140,0
DA:1145,1
DA:1146,2
DA:1149,0
DA:1150,0
DA:1154,0
DA:1155,0
DA:1157,0
DA:1158,0
DA:1160,0
DA:1161,0
DA:1162,0
DA:1164,0
DA:1165,0
DA:1166,0
DA:1167,0
DA:1168,0
DA:1170,0
DA:1172,0
DA:1173,0
DA:1174,0
DA:1178,0
DA:1183,0
DA:1184,0
DA:1186,0
DA:1187,0
DA:1189,0
DA:1190,0
DA:1191,0
DA:1198,0
DA:1199,0
DA:1201,0
DA:1205,0
DA:1206,0
DA:1207,0
DA:1208,0
DA:1213,0
DA:1214,0
DA:1215,0
DA:1216,0
DA:1217,0
DA:1218,0
DA:1219,0
DA:1222,0
DA:1223,0
DA:1225,0
DA:1226,0
DA:1237,1
DA:1238,4
DA:1241,1
DA:1243,1
DA:1245,1
DA:1247,1
DA:1249,1
DA:1250,1
DA:1251,2
DA:1254,1
DA:1255,0
DA:1256,0
DA:1259,1
DA:1260,0
DA:1261,0
DA:1264,1
DA:1265,0
DA:1266,0
DA:1269,1
DA:1271,1
DA:1272,2
DA:1273,1
DA:1274,1
DA:1275,1
DA:1281,1
DA:1285,1
DA:1289,1
DA:1293,1
DA:1295,2
DA:1299,1
DA:1301,1
DA:1306,0
DA:1307,0
DA:1308,0
DA:1310,0
DA:1311,0
DA:1320,1
DA:1322,1
DA:1325,3
DA:1347,0
DA:1348,0
DA:1349,0
DA:1350,0
DA:1352,0
DA:1353,0
DA:1355,0
DA:1357,0
DA:1358,0
DA:1360,0
DA:1361,0
DA:1362,0
DA:1363,0
DA:1365,0
DA:1366,0
DA:1376,0
DA:1377,0
DA:1379,0
DA:1380,0
DA:1381,0
DA:1382,0
DA:1384,0
DA:1390,0
DA:1391,0
DA:1392,0
DA:1404,0
DA:1405,0
DA:1406,0
DA:1407,0
DA:1408,0
DA:1409,0
DA:1410,0
DA:1412,0
DA:1414,0
DA:1415,0
DA:1416,0
DA:1418,0
DA:1419,0
DA:1421,0
DA:1425,0
DA:1426,0
DA:1427,0
DA:1440,0
DA:1441,0
DA:1442,0
DA:1445,0
DA:1446,0
DA:1447,0
DA:1449,0
DA:1451,0
DA:1452,0
DA:1467,0
DA:1468,0
DA:1469,0
DA:1472,0
DA:1476,0
DA:1482,0
DA:1488,0
DA:1494,0
DA:1499,0
DA:1502,0
DA:1503,0
DA:1504,0
DA:1506,0
DA:1508,0
DA:1509,0
DA:1510,0
DA:1511,0
DA:1513,0
DA:1514,0
DA:1517,0
DA:1519,0
DA:1520,0
DA:1524,0
DA:1525,0
DA:1526,0
DA:1527,0
DA:1529,0
DA:1531,0
DA:1535,0
DA:1537,0
DA:1538,0
DA:1539,0
DA:1544,0
DA:1545,0
DA:1546,0
DA:1555,0
DA:1556,0
DA:1558,0
DA:1560,0
DA:1561,0
DA:1563,0
DA:1565,0
DA:1567,0
DA:1568,0
DA:1569,0
DA:1571,0
DA:1573,0
DA:1575,0
DA:1577,0
DA:1579,0
DA:1581,0
DA:1582,0
DA:1583,0
DA:1585,0
DA:1587,0
DA:1588,0
DA:1589,0
DA:1591,0
DA:1593,0
DA:1594,0
DA:1595,0
DA:1598,0
DA:1601,0
DA:1602,0
DA:1603,0
DA:1604,0
DA:1605,0
DA:1606,0
DA:1608,0
DA:1609,0
DA:1611,0
DA:1612,0
DA:1615,0
DA:1616,0
DA:1617,0
DA:1619,0
DA:1621,0
DA:1625,0
DA:1627,0
DA:1630,0
DA:1632,0
DA:1633,0
DA:1634,0
DA:1636,0
DA:1639,0
DA:1641,0
DA:1645,0
DA:1646,0
DA:1648,0
DA:1653,0
DA:1655,0
DA:1656,0
DA:1657,0
DA:1659,0
DA:1661,0
DA:1664,0
DA:1666,0
DA:1669,0
DA:1680,0
DA:1681,0
DA:1683,0
DA:1699,0
DA:1709,0
DA:1723,0
DA:1724,0
DA:1725,0
DA:1732,0
DA:1737,0
DA:1738,0
DA:1739,0
DA:1741,0
DA:1742,0
DA:1743,0
DA:1744,0
DA:1745,0
DA:1753,0
DA:1756,0
DA:1758,0
DA:1759,0
DA:1760,0
DA:1768,0
DA:1770,0
DA:1771,0
DA:1773,0
DA:1774,0
DA:1775,0
DA:1776,0
DA:1777,0
DA:1778,0
DA:1780,0
DA:1781,0
DA:1782,0
DA:1783,0
DA:1784,0
DA:1785,0
DA:1787,0
DA:1788,0
DA:1789,0
DA:1790,0
DA:1791,0
DA:1794,0
DA:1795,0
DA:1796,0
DA:1803,0
DA:1805,0
DA:1807,0
DA:1808,0
DA:1811,0
DA:1813,0
DA:1814,0
DA:1815,0
DA:1819,0
DA:1826,0
DA:1827,0
DA:1828,0
DA:1837,0
DA:1839,0
DA:1841,0
DA:1842,0
DA:1844,0
DA:1846,0
DA:1848,0
DA:1850,0
DA:1855,0
DA:1859,0
DA:1861,0
DA:1866,0
DA:1868,0
DA:1869,0
DA:1873,0
DA:1874,0
DA:1878,0
DA:1879,0
DA:1880,0
DA:1881,0
DA:1903,0
DA:1906,0
DA:1908,0
DA:1913,0
DA:1914,0
DA:1915,0
DA:1916,0
DA:1917,0
DA:1918,0
DA:1919,0
DA:1920,0
DA:1923,0
DA:1924,0
DA:1925,0
DA:1926,0
DA:1930,0
DA:1931,0
DA:1932,0
DA:1935,0
DA:1942,0
DA:1943,0
DA:1946,0
DA:1947,0
DA:1948,0
DA:1949,0
DA:1951,0
DA:1952,0
DA:1953,0
DA:1954,0
DA:1956,0
DA:1957,0
DA:1960,0
DA:1962,0
DA:1963,0
DA:1967,0
DA:1968,0
DA:1969,0
DA:1970,0
DA:1972,0
DA:1973,0
DA:1977,0
DA:1979,0
DA:1980,0
DA:1981,0
DA:1984,0
DA:1985,0
DA:1986,0
DA:1993,0
DA:1995,0
DA:1998,0
DA:2000,0
DA:2002,0
DA:2003,0
DA:2008,0
DA:2009,0
DA:2010,0
DA:2011,0
DA:2012,0
DA:2013,0
DA:2014,0
DA:2017,0
DA:2019,0
DA:2020,0
DA:2021,0
DA:2025,0
DA:2030,0
DA:2031,0
DA:2032,0
DA:2033,0
DA:2044,0
DA:2045,0
DA:2046,0
DA:2047,0
DA:2048,0
DA:2049,0
DA:2052,0
DA:2053,0
DA:2054,0
DA:2057,0
DA:2060,0
DA:2061,0
DA:2062,0
DA:2068,0
DA:2071,0
DA:2073,0
DA:2074,0
DA:2075,0
DA:2076,0
DA:2078,0
DA:2079,0
DA:2083,0
DA:2084,0
DA:2085,0
DA:2087,0
DA:2089,0
DA:2092,0
DA:2101,0
DA:2102,0
DA:2104,0
DA:2105,0
DA:2106,0
DA:2107,0
DA:2116,0
DA:2117,0
DA:2119,0
DA:2129,0
DA:2131,0
DA:2144,0
DA:2145,0
DA:2146,0
DA:2158,0
DA:2183,7
DA:2187,2
DA:2188,2
DA:2212,1
DA:2222,1
DA:2224,2
DA:2225,2
DA:2226,2
DA:2227,2
DA:2228,2
DA:2229,2
DA:2230,2
DA:2231,2
DA:2232,2
DA:2233,0
DA:2236,2
DA:2237,2
DA:2238,1
DA:2239,4
DA:2241,1
DA:2242,4
DA:2244,1
DA:2245,4
DA:2248,4
DA:2250,1
DA:2251,0
DA:2252,1
DA:2257,0
DA:2258,0
DA:2259,0
DA:2261,1
DA:2262,0
DA:2263,1
DA:2266,2
DA:2272,1
DA:2281,1
DA:2290,1
DA:2307,1
DA:2312,0
DA:2313,0
DA:2314,0
DA:2318,1
DA:2320,2
DA:2321,1
DA:2322,2
DA:2323,1
DA:2324,1
DA:2325,1
DA:2329,2
DA:2330,3
DA:2331,1
DA:2336,0
DA:2337,0
DA:2338,0
DA:2339,0
DA:2340,0
DA:2341,0
DA:2342,0
DA:2344,0
DA:2345,0
DA:2346,0
DA:2347,0
DA:2348,0
DA:2353,0
DA:2354,0
DA:2355,0
DA:2358,1
DA:2361,4
DA:2362,1
DA:2366,1
DA:2369,1
DA:2370,0
DA:2372,0
DA:2376,1
DA:2378,1
DA:2381,1
DA:2384,1
DA:2385,1
DA:2387,2
DA:2388,0
DA:2390,1
DA:2401,1
DA:2405,1
DA:2407,1
DA:2409,1
DA:2410,2
DA:2419,1
DA:2423,1
DA:2425,2
DA:2428,4
DA:2429,1
DA:2430,0
DA:2431,1
DA:2433,2
DA:2434,1
DA:2435,4
DA:2440,0
DA:2441,0
DA:2442,0
DA:2445,1
DA:2447,1
DA:2449,0
DA:2450,0
DA:2453,0
DA:2455,0
DA:2456,0
DA:2457,0
DA:2458,0
DA:2459,0
DA:2460,0
DA:2461,0
DA:2462,0
DA:2464,0
DA:2469,0
DA:2470,0
DA:2475,0
DA:2476,0
DA:2477,0
DA:2478,0
DA:2479,0
DA:2480,0
DA:2481,0
DA:2482,0
DA:2484,0
DA:2485,0
DA:2487,0
DA:2489,0
DA:2490,0
DA:2492,0
DA:2493,0
DA:2497,0
DA:2498,0
DA:2506,0
DA:2507,0
DA:2510,0
DA:2512,0
DA:2513,0
DA:2514,0
DA:2529,2
DA:2531,1
DA:2534,2
DA:2540,2
DA:2542,1
DA:2544,1
DA:2551,0
DA:2553,0
DA:2555,0
DA:2563,1
DA:2566,3
DA:2567,0
DA:2568,0
DA:2569,0
DA:2570,0
DA:2571,0
DA:2575,2
DA:2576,2
DA:2577,1
DA:2578,1
DA:2579,1
DA:2584,1
DA:2585,1
DA:2586,1
DA:2591,0
DA:2592,0
DA:2595,0
DA:2597,0
DA:2598,0
DA:2599,0
DA:2600,0
DA:2601,0
DA:2602,0
DA:2603,0
DA:2604,0
DA:2605,0
DA:2607,0
DA:2608,0
DA:2612,0
DA:2613,0
DA:2620,0
DA:2621,0
DA:2622,0
DA:2623,0
DA:2624,0
DA:2625,0
DA:2626,0
DA:2629,0
DA:2632,0
DA:2633,0
DA:2634,0
DA:2636,0
DA:2638,0
DA:2639,0
DA:2642,0
DA:2643,0
DA:2644,0
DA:2651,0
DA:2654,0
DA:2655,0
DA:2656,0
DA:2657,0
DA:2658,0
DA:2659,0
DA:2660,0
DA:2661,0
DA:2664,0
DA:2667,0
DA:2668,0
DA:2669,0
DA:2671,0
DA:2673,0
DA:2681,0
DA:2682,0
DA:2684,0
DA:2687,0
DA:2689,0
DA:2691,0
DA:2692,0
DA:2693,0
DA:2701,3
DA:2709,1
DA:2710,1
DA:2716,1
DA:2718,2
DA:2719,4
DA:2722,0
DA:2724,2
DA:2727,0
DA:2728,0
DA:2729,0
DA:2730,0
DA:2732,0
DA:2733,0
DA:2735,0
DA:2736,0
DA:2741,0
DA:2742,0
DA:2743,0
DA:2745,0
DA:2746,0
DA:2747,0
DA:2749,0
DA:2755,1
DA:2763,1
DA:2764,1
DA:2772,1
DA:2774,1
DA:2775,2
DA:2779,3
DA:2780,2
DA:2782,2
DA:2785,0
DA:2787,0
DA:2788,0
DA:2789,0
DA:2790,0
DA:2792,0
DA:2793,0
DA:2797,1
DA:2799,2
DA:2800,1
DA:2803,1
DA:2805,1
DA:2806,1
DA:2807,1
DA:2808,1
DA:2809,2
DA:2810,1
DA:2811,1
DA:2813,2
DA:2814,0
DA:2815,0
DA:2816,0
DA:2827,2
DA:2833,2
DA:2835,1
DA:2837,3
DA:2838,1
DA:2839,2
DA:2840,1
DA:2841,1
DA:2842,1
DA:2847,0
DA:2849,1
DA:2851,1
DA:2854,1
DA:2857,0
DA:2858,1
DA:2859,1
DA:2861,0
DA:2863,0
DA:2864,1
DA:2868,1
DA:2872,1
DA:2873,0
DA:2874,0
DA:2876,0
DA:2901,1
DA:2909,1
DA:2910,1
DA:2918,1
DA:2920,1
DA:2921,2
DA:2925,3
DA:2926,2
DA:2929,4
DA:2932,1
DA:2934,1
DA:2935,4
DA:2936,2
DA:2937,1
DA:2939,0
DA:2941,0
DA:2942,0
DA:2947,1
DA:2949,2
DA:2950,1
DA:2953,1
DA:2955,3
DA:2958,0
DA:2959,1
DA:2961,0
DA:2962,1
DA:2964,1
DA:2966,2
DA:2967,1
DA:2968,1
DA:2969,1
DA:2970,1
DA:2973,1
DA:2975,4
DA:2976,0
DA:2978,1
DA:2979,4
DA:2980,0
DA:2984,4
DA:2985,0
DA:2986,0
DA:2987,0
DA:2988,0
DA:2989,0
DA:2992,1
DA:2994,1
DA:2996,4
DA:2997,1
DA:2998,1
DA:2999,2
DA:3001,4
DA:3002,0
DA:3020,0
DA:3030,0
DA:3035,0
DA:3040,0
DA:3045,0
DA:3048,0
DA:3050,0
DA:3051,0
DA:3055,0
DA:3057,0
DA:3058,0
DA:3059,0
DA:3061,0
DA:3062,0
DA:3063,0
DA:3064,0
DA:3065,0
DA:3066,0
DA:3068,0
DA:3069,0
DA:3070,0
DA:3071,0
DA:3072,0
DA:3075,0
DA:3076,0
DA:3077,0
DA:3084,0
DA:3086,0
DA:3088,0
DA:3090,0
DA:3093,0
DA:3095,0
DA:3096,0
DA:3097,0
DA:3101,0
DA:3106,0
DA:3107,0
DA:3108,0
DA:3118,0
DA:3119,0
DA:3121,0
DA:3125,0
DA:3132,0
DA:3134,0
DA:3135,0
DA:3136,0
DA:3138,0
DA:3139,0
DA:3143,0
DA:3145,0
DA:3147,0
DA:3148,0
DA:3151,0
DA:3161,0
DA:3162,0
DA:3163,0
DA:3175,0
DA:3176,0
DA:3178,0
DA:3179,0
DA:3180,0
DA:3181,0
DA:3183,0
DA:3185,0
DA:3186,0
DA:3187,0
DA:3188,0
DA:3190,0
DA:3191,0
DA:3194,0
DA:3195,0
DA:3197,0
DA:3209,0
DA:3210,0
DA:3211,0
DA:3212,0
DA:3214,0
DA:3216,0
DA:3219,0
DA:3221,0
DA:3223,0
DA:3225,0
DA:3226,0
DA:3227,0
DA:3230,0
DA:3236,0
DA:3238,0
DA:3239,0
DA:3240,0
DA:3241,0
DA:3243,0
DA:3267,1
DA:3278,1
DA:3280,2
DA:3285,2
DA:3287,1
DA:3289,1
DA:3291,1
DA:3295,1
DA:3296,1
DA:3298,1
DA:3299,1
DA:3302,1
DA:3304,1
DA:3306,1
DA:3315,1
DA:3318,1
DA:3326,1
DA:3345,0
DA:3347,0
DA:3348,0
DA:3356,0
DA:3358,0
DA:3359,0
DA:3362,0
DA:3363,0
DA:3364,0
DA:3368,0
DA:3370,0
DA:3371,0
DA:3374,0
DA:3376,0
DA:3377,0
DA:3378,0
DA:3380,0
DA:3381,0
DA:3382,0
DA:3383,0
DA:3384,0
DA:3385,0
DA:3391,0
DA:3393,0
DA:3397,0
DA:3398,0
DA:3399,0
DA:3402,0
DA:3419,1
DA:3425,1
DA:3427,1
DA:3434,1
DA:3436,1
DA:3437,2
DA:3441,4
DA:3444,0
DA:3446,0
DA:3447,0
DA:3448,0
DA:3449,0
DA:3451,0
DA:3453,0
DA:3454,0
DA:3459,1
DA:3461,2
DA:3462,1
DA:3465,1
DA:3467,3
DA:3472,1
DA:3474,1
DA:3475,0
DA:3476,0
DA:3481,1
DA:3483,2
DA:3486,1
DA:3487,4
DA:3494,1
DA:3495,2
DA:3497,1
DA:3500,1
DA:3502,1
DA:3504,4
DA:3505,0
DA:3506,0
DA:3507,0
DA:3508,0
DA:3510,0
DA:3511,0
DA:3512,0
DA:3513,0
DA:3514,0
DA:3516,0
DA:3517,0
DA:3519,0
DA:3520,0
DA:3529,1
DA:3532,1
DA:3536,1
LF:1427
LH:359
end_of_record
SF:lib/src/features/dashboard/presentation/run_recap_screen.dart
DA:23,1
DA:25,1
DA:26,1
DA:27,1
DA:28,1
DA:29,1
DA:30,1
DA:31,1
DA:34,1
DA:35,1
DA:39,1
DA:41,1
DA:42,1
DA:43,2
DA:46,1
DA:48,3
DA:49,1
DA:50,1
DA:52,1
DA:59,0
DA:63,0
DA:64,0
DA:66,0
DA:72,2
DA:74,0
DA:75,0
DA:82,0
DA:84,0
DA:85,0
DA:86,0
DA:88,0
DA:89,0
DA:92,0
DA:94,0
DA:95,0
DA:96,0
DA:97,0
DA:100,0
DA:101,0
DA:102,0
DA:105,0
DA:106,0
DA:108,0
DA:109,0
DA:110,0
DA:111,0
DA:112,0
DA:116,0
DA:117,0
DA:118,0
DA:124,0
DA:126,0
DA:128,0
DA:129,0
DA:130,0
DA:133,0
DA:134,0
DA:137,0
DA:140,0
DA:142,0
DA:143,0
DA:144,0
DA:146,0
DA:147,0
DA:149,0
DA:150,0
DA:152,0
DA:153,0
DA:154,0
DA:155,0
DA:156,0
DA:159,0
DA:160,0
DA:161,0
DA:162,0
DA:166,0
DA:167,0
DA:168,0
DA:178,0
DA:180,0
DA:182,0
DA:183,0
DA:184,0
DA:185,0
DA:187,0
DA:188,0
DA:189,0
DA:190,0
DA:195,0
DA:196,0
DA:197,0
DA:199,0
DA:211,0
DA:212,0
DA:213,0
DA:214,0
DA:216,0
DA:217,0
DA:218,0
DA:224,0
DA:226,0
DA:227,0
DA:228,0
DA:229,0
DA:230,0
DA:231,0
DA:232,0
DA:233,0
DA:234,0
DA:236,0
DA:239,0
DA:240,0
DA:242,0
DA:244,0
DA:249,0
DA:250,0
DA:251,0
DA:252,0
DA:257,0
DA:261,0
DA:266,0
DA:267,0
DA:269,0
DA:271,0
DA:272,0
DA:273,0
DA:274,0
DA:276,0
DA:277,0
DA:278,0
DA:279,0
DA:285,0
DA:286,0
DA:287,0
DA:289,0
DA:290,0
DA:291,0
DA:292,0
DA:301,0
DA:302,0
DA:304,0
DA:305,0
DA:306,0
DA:308,0
DA:309,0
DA:312,0
DA:313,0
DA:314,0
DA:315,0
DA:316,0
DA:317,0
DA:318,0
DA:319,0
DA:321,0
DA:322,0
DA:323,0
DA:325,0
DA:326,0
DA:332,0
DA:334,0
DA:335,0
DA:336,0
DA:337,0
DA:338,0
DA:339,0
DA:340,0
DA:341,0
DA:342,0
DA:343,0
DA:345,0
DA:347,0
DA:357,0
DA:362,0
DA:363,0
DA:364,0
DA:366,0
DA:367,0
DA:394,0
DA:403,0
DA:404,0
DA:413,0
DA:415,0
DA:416,0
DA:419,0
DA:421,0
DA:422,0
DA:423,0
DA:424,0
DA:425,0
DA:426,0
DA:427,0
DA:431,0
DA:432,0
DA:433,0
DA:434,0
DA:435,0
DA:439,0
DA:440,0
DA:443,0
DA:444,0
DA:445,0
DA:448,0
DA:449,0
DA:450,0
DA:454,0
DA:455,0
DA:456,0
DA:457,0
DA:459,0
DA:460,0
DA:461,0
DA:463,0
DA:464,0
DA:465,0
DA:466,0
DA:467,0
DA:468,0
DA:473,0
DA:475,0
DA:476,0
DA:478,0
DA:480,0
DA:483,0
DA:484,0
DA:485,0
DA:486,0
DA:487,0
DA:488,0
DA:489,0
DA:496,0
DA:497,0
DA:498,0
DA:502,0
DA:504,0
DA:505,0
DA:508,0
DA:510,0
DA:512,0
DA:515,0
DA:516,0
DA:517,0
DA:518,0
DA:519,0
DA:520,0
DA:522,0
DA:523,0
DA:526,0
DA:527,0
DA:529,0
DA:534,0
DA:535,0
DA:536,0
DA:537,0
DA:540,0
DA:541,0
DA:542,0
DA:543,0
DA:548,0
DA:550,0
DA:551,0
DA:552,0
DA:554,0
DA:562,0
DA:563,0
DA:564,0
DA:565,0
DA:567,0
DA:568,0
DA:569,0
DA:570,0
DA:576,0
DA:577,0
DA:578,0
DA:580,0
DA:586,0
DA:587,0
DA:589,0
DA:590,0
DA:593,0
DA:595,0
DA:596,0
DA:598,0
DA:600,0
DA:604,0
DA:605,0
DA:606,0
DA:617,0
DA:621,0
DA:624,0
DA:626,0
DA:628,0
DA:630,0
DA:631,0
DA:633,0
DA:644,0
DA:646,0
DA:657,0
DA:658,0
DA:660,0
DA:670,2
DA:672,0
DA:674,0
DA:676,0
LF:303
LH:21
end_of_record
SF:lib/src/features/map/presentation/event_recap_screen.dart
DA:29,0
DA:36,0
DA:37,0
DA:47,0
DA:49,0
DA:50,0
DA:51,0
DA:53,0
DA:54,0
DA:56,0
DA:57,0
DA:58,0
DA:59,0
DA:60,0
DA:61,0
DA:63,0
DA:68,0
DA:70,0
DA:71,0
DA:72,0
DA:73,0
DA:74,0
DA:77,0
DA:78,0
DA:79,0
DA:81,0
DA:82,0
DA:83,0
DA:84,0
DA:85,0
DA:86,0
DA:89,0
DA:90,0
DA:91,0
DA:97,0
DA:99,0
DA:101,0
DA:102,0
DA:103,0
DA:104,0
DA:105,0
DA:110,0
DA:112,0
DA:113,0
DA:115,0
DA:117,0
DA:119,0
DA:120,0
DA:121,0
DA:122,0
DA:123,0
DA:126,0
DA:130,0
DA:131,0
DA:132,0
DA:142,0
DA:144,0
DA:146,0
DA:147,0
DA:148,0
DA:149,0
DA:156,0
DA:157,0
DA:158,0
DA:161,0
DA:171,0
DA:172,0
DA:180,0
DA:182,0
DA:185,0
DA:186,0
DA:187,0
DA:188,0
DA:189,0
DA:208,0
DA:214,0
DA:215,0
DA:216,0
DA:217,0
DA:220,0
DA:222,0
DA:225,0
DA:231,0
DA:233,0
DA:234,0
DA:237,0
DA:238,0
DA:239,0
DA:240,0
DA:241,0
DA:258,0
DA:260,0
DA:262,0
DA:265,0
DA:266,0
DA:267,0
DA:268,0
DA:269,0
DA:272,0
DA:273,0
DA:274,0
DA:276,0
DA:277,0
DA:278,0
DA:279,0
LF:105
LH:0
end_of_record
SF:lib/src/features/settings/presentation/settings_screen.dart
DA:27,4
DA:31,4
DA:35,4
DA:38,2
DA:40,0
DA:41,0
DA:61,0
DA:63,0
DA:64,0
DA:67,0
DA:68,0
DA:69,0
DA:70,0
DA:72,0
DA:75,0
DA:78,0
DA:79,0
DA:80,0
DA:81,0
DA:82,0
DA:83,0
DA:95,0
DA:98,0
DA:100,0
DA:101,0
DA:102,0
DA:103,0
DA:106,0
DA:107,0
DA:108,0
DA:109,0
DA:110,0
DA:114,0
DA:115,0
DA:116,0
DA:120,0
DA:121,0
DA:122,0
DA:123,0
DA:124,0
DA:125,0
DA:126,0
DA:127,0
DA:128,0
DA:129,0
DA:130,0
DA:131,0
DA:133,0
DA:138,0
DA:140,0
DA:141,0
DA:142,0
DA:146,0
DA:149,0
DA:152,0
DA:156,0
DA:157,0
DA:160,0
DA:162,0
DA:163,0
DA:166,0
DA:167,0
DA:168,0
DA:172,0
DA:173,0
DA:174,0
DA:175,0
DA:176,0
DA:178,0
DA:179,0
DA:181,0
DA:183,0
DA:184,0
DA:187,0
DA:190,0
DA:191,0
DA:194,0
DA:197,0
DA:198,0
DA:201,0
DA:204,0
DA:205,0
DA:208,0
DA:214,0
DA:215,0
DA:216,0
DA:217,0
DA:218,0
DA:229,0
DA:230,0
DA:231,0
DA:232,0
DA:237,0
DA:238,0
DA:239,0
DA:240,0
DA:241,0
DA:242,0
DA:246,0
DA:249,0
DA:250,0
DA:252,0
DA:254,0
DA:255,0
DA:256,0
DA:257,0
DA:264,0
DA:267,0
DA:268,0
DA:269,0
DA:270,0
DA:271,0
DA:272,0
DA:277,0
DA:278,0
DA:280,0
DA:281,0
DA:282,0
DA:283,0
DA:285,0
DA:289,0
DA:292,0
DA:293,0
DA:294,0
DA:295,0
DA:296,0
DA:297,0
DA:302,0
DA:303,0
DA:305,0
DA:306,0
DA:307,0
DA:308,0
DA:310,0
DA:314,0
DA:317,0
DA:318,0
DA:319,0
DA:320,0
DA:321,0
DA:322,0
DA:327,0
DA:328,0
DA:330,0
DA:331,0
DA:332,0
DA:333,0
DA:335,0
DA:339,0
DA:341,0
DA:342,0
DA:343,0
DA:344,0
DA:345,0
DA:348,0
DA:349,0
DA:351,0
DA:352,0
DA:353,0
DA:355,0
DA:356,0
DA:357,0
DA:358,0
DA:364,0
DA:365,0
DA:373,0
DA:374,0
DA:375,0
DA:376,0
DA:377,0
DA:378,0
DA:379,0
DA:380,0
DA:381,0
DA:385,0
DA:405,0
DA:409,0
DA:410,0
DA:411,0
DA:412,0
DA:413,0
DA:414,0
DA:420,0
DA:422,0
DA:423,0
DA:424,0
DA:428,0
DA:429,0
DA:432,0
DA:435,0
DA:436,0
DA:443,0
DA:446,0
DA:447,0
DA:448,0
DA:449,0
DA:453,0
DA:456,0
DA:457,0
DA:465,0
DA:466,0
DA:468,0
DA:475,0
DA:476,0
DA:477,0
DA:478,0
DA:479,0
DA:482,0
DA:483,0
DA:485,0
DA:486,0
DA:490,0
DA:491,0
DA:493,0
DA:494,0
DA:495,0
DA:496,0
DA:497,0
DA:499,0
DA:500,0
DA:501,0
DA:502,0
DA:503,0
DA:507,0
DA:508,0
DA:509,0
DA:539,0
DA:540,0
DA:542,0
DA:543,0
DA:544,0
DA:548,0
DA:550,0
DA:551,0
DA:555,0
DA:558,0
DA:559,0
DA:561,0
DA:562,0
DA:563,0
DA:566,0
DA:568,0
DA:570,0
DA:571,0
DA:573,0
DA:574,0
DA:575,0
DA:576,0
DA:577,0
DA:578,0
DA:580,0
DA:581,0
DA:582,0
DA:584,0
DA:585,0
DA:589,0
DA:591,0
DA:592,0
DA:593,0
DA:594,0
DA:599,0
DA:604,0
DA:605,0
DA:606,0
DA:607,0
DA:608,0
DA:611,0
DA:614,0
DA:616,0
DA:625,0
DA:629,0
DA:631,0
DA:632,0
DA:633,0
DA:634,0
DA:641,0
DA:642,0
DA:644,0
DA:645,0
DA:646,0
DA:649,0
DA:650,0
DA:653,0
DA:659,0
DA:660,0
DA:665,0
DA:666,0
DA:670,0
DA:672,0
DA:673,0
DA:676,0
DA:678,0
DA:679,0
DA:680,0
DA:682,0
DA:694,0
DA:695,0
DA:697,0
DA:698,0
DA:699,0
DA:701,0
DA:702,0
DA:703,0
DA:704,0
DA:705,0
DA:707,0
DA:708,0
DA:710,0
DA:711,0
DA:716,0
DA:725,0
DA:728,0
DA:729,0
DA:733,0
DA:734,0
DA:736,0
DA:737,0
DA:739,0
DA:741,0
DA:742,0
DA:748,0
DA:749,0
DA:750,0
DA:752,0
DA:753,0
DA:755,0
DA:759,0
DA:761,0
DA:762,0
DA:764,0
DA:766,0
DA:767,0
DA:775,0
DA:776,0
DA:778,0
DA:780,0
DA:781,0
DA:783,0
DA:784,0
DA:785,0
DA:786,0
DA:788,0
DA:796,0
DA:799,0
DA:807,0
DA:813,0
DA:814,0
DA:816,0
DA:820,0
DA:822,0
DA:823,0
DA:827,0
DA:828,0
DA:832,0
DA:835,0
DA:836,0
DA:837,0
DA:838,0
DA:839,0
DA:841,0
DA:842,0
DA:843,0
DA:845,0
DA:847,0
DA:854,0
DA:857,0
DA:860,0
DA:867,0
DA:868,0
DA:872,0
DA:873,0
DA:874,0
DA:876,0
DA:880,0
DA:895,0
DA:896,0
DA:897,0
DA:901,0
DA:903,0
DA:904,0
DA:906,0
DA:910,0
DA:911,0
DA:914,0
DA:915,0
DA:916,0
DA:918,0
DA:919,0
DA:921,0
DA:922,0
DA:924,0
DA:926,0
DA:928,0
DA:930,0
DA:931,0
DA:932,0
DA:933,0
DA:934,0
DA:937,0
DA:938,0
DA:939,0
DA:941,0
DA:943,0
DA:944,0
DA:945,0
DA:946,0
DA:947,0
DA:950,0
DA:951,0
DA:952,0
DA:954,0
DA:956,0
DA:957,0
DA:958,0
DA:959,0
DA:960,0
DA:961,0
DA:964,0
DA:965,0
DA:966,0
DA:968,0
DA:970,0
DA:971,0
DA:972,0
DA:973,0
DA:974,0
DA:977,0
DA:978,0
DA:979,0
DA:981,0
DA:983,0
DA:984,0
DA:985,0
DA:986,0
DA:988,0
DA:990,0
DA:991,0
DA:994,0
DA:1000,0
DA:1001,0
DA:1002,0
DA:1004,0
DA:1005,0
DA:1006,0
DA:1008,0
DA:1010,0
DA:1012,0
DA:1013,0
DA:1014,0
DA:1017,0
DA:1019,0
DA:1020,0
DA:1021,0
DA:1023,0
DA:1024,0
DA:1025,0
DA:1027,0
DA:1028,0
DA:1029,0
DA:1031,0
DA:1037,0
DA:1038,0
DA:1040,0
DA:1041,0
DA:1043,0
DA:1046,0
DA:1048,0
DA:1049,0
DA:1053,0
DA:1054,0
DA:1055,0
DA:1056,0
DA:1057,0
DA:1061,0
DA:1062,0
DA:1063,0
DA:1069,0
DA:1071,0
DA:1073,0
DA:1077,0
DA:1078,0
DA:1080,0
DA:1081,0
DA:1082,0
DA:1086,0
DA:1087,0
DA:1088,0
DA:1092,0
DA:1098,0
DA:1100,0
DA:1101,0
DA:1102,0
DA:1106,0
DA:1107,0
DA:1108,0
DA:1109,0
DA:1110,0
DA:1111,0
DA:1112,0
DA:1113,0
DA:1117,0
DA:1118,0
DA:1119,0
DA:1121,0
DA:1122,0
DA:1123,0
DA:1124,0
DA:1130,0
DA:1132,0
DA:1133,0
DA:1134,0
DA:1138,0
DA:1139,0
DA:1140,0
DA:1141,0
DA:1142,0
DA:1143,0
DA:1144,0
DA:1145,0
DA:1149,0
DA:1150,0
DA:1151,0
DA:1153,0
DA:1154,0
DA:1155,0
DA:1156,0
DA:1161,0
DA:1163,0
DA:1167,0
DA:1169,0
DA:1170,0
DA:1171,0
DA:1172,0
DA:1173,0
DA:1174,0
DA:1175,0
DA:1176,0
DA:1177,0
DA:1180,0
DA:1181,0
DA:1184,0
DA:1186,0
DA:1191,0
DA:1192,0
DA:1193,0
DA:1195,0
DA:1197,0
DA:1198,0
DA:1199,0
DA:1201,0
DA:1203,0
DA:1204,0
DA:1206,0
DA:1208,0
DA:1209,0
DA:1211,0
DA:1213,0
DA:1214,0
DA:1216,0
DA:1218,0
DA:1219,0
DA:1221,0
DA:1223,0
DA:1224,0
DA:1226,0
DA:1228,0
DA:1229,0
DA:1231,0
DA:1234,0
DA:1235,0
DA:1236,0
DA:1240,0
DA:1241,0
DA:1242,0
DA:1244,0
DA:1246,0
DA:1247,0
DA:1248,0
DA:1249,0
DA:1250,0
DA:1252,0
DA:1253,0
DA:1257,0
DA:1258,0
DA:1259,0
DA:1261,0
DA:1263,0
DA:1264,0
DA:1265,0
DA:1268,0
DA:1270,0
DA:1271,0
DA:1274,0
DA:1276,0
DA:1277,0
DA:1280,0
DA:1282,0
DA:1283,0
DA:1286,0
DA:1288,0
DA:1289,0
DA:1292,0
DA:1294,0
DA:1295,0
DA:1298,0
DA:1300,0
DA:1301,0
DA:1304,0
DA:1307,0
DA:1308,0
DA:1309,0
DA:1317,0
DA:1319,0
DA:1320,0
DA:1321,0
DA:1322,0
DA:1323,0
DA:1324,0
DA:1325,0
DA:1326,0
DA:1333,0
DA:1344,0
DA:1345,0
DA:1346,0
DA:1347,0
DA:1350,0
DA:1351,0
DA:1352,0
DA:1356,0
DA:1359,0
DA:1363,0
DA:1372,0
DA:1377,0
DA:1382,0
DA:1383,0
DA:1384,0
DA:1385,0
DA:1389,0
DA:1390,0
DA:1395,0
DA:1396,0
DA:1397,0
DA:1401,0
DA:1402,0
DA:1406,0
DA:1407,0
DA:1411,0
DA:1412,0
DA:1416,0
DA:1417,0
DA:1421,0
DA:1422,0
DA:1427,0
DA:1428,0
DA:1429,0
DA:1430,0
DA:1431,0
DA:1433,0
DA:1435,0
DA:1436,0
DA:1437,0
DA:1439,0
DA:1442,0
DA:1443,0
DA:1444,0
DA:1447,0
DA:1450,0
DA:1453,0
DA:1459,0
DA:1460,0
DA:1463,0
DA:1464,0
DA:1475,0
DA:1476,0
DA:1477,0
DA:1478,0
DA:1479,0
DA:1480,0
DA:1481,0
DA:1483,0
DA:1485,0
DA:1486,0
DA:1488,0
DA:1490,0
DA:1491,0
DA:1493,0
DA:1495,0
DA:1496,0
DA:1498,0
DA:1500,0
DA:1501,0
DA:1503,0
DA:1506,0
DA:1507,0
DA:1513,0
DA:1514,0
DA:1515,0
DA:1516,0
DA:1517,0
DA:1518,0
DA:1519,0
DA:1523,0
DA:1524,0
DA:1528,0
DA:1529,0
DA:1534,0
DA:1535,0
DA:1540,0
DA:1541,0
DA:1542,0
DA:1545,0
DA:1547,0
DA:1549,0
DA:1550,0
DA:1552,0
DA:1553,0
DA:1556,0
DA:1558,0
DA:1563,0
DA:1567,0
DA:1568,0
DA:1570,0
DA:1571,0
DA:1574,0
DA:1576,0
DA:1577,0
DA:1578,0
DA:1579,0
DA:1580,0
DA:1582,0
DA:1583,0
DA:1584,0
DA:1585,0
DA:1586,0
DA:1587,0
DA:1590,0
DA:1594,0
DA:1595,0
DA:1597,0
DA:1599,0
DA:1600,0
DA:1601,0
DA:1603,0
DA:1604,0
DA:1607,0
DA:1609,0
DA:1610,0
DA:1611,0
DA:1612,0
DA:1613,0
DA:1614,0
DA:1615,0
DA:1616,0
DA:1617,0
DA:1621,0
DA:1623,0
DA:1625,0
DA:1627,0
DA:1629,0
DA:1630,0
DA:1635,0
DA:1638,0
DA:1639,0
DA:1642,0
DA:1643,0
DA:1645,0
DA:1650,0
DA:1651,0
DA:1653,0
DA:1655,0
DA:1656,0
DA:1658,0
DA:1659,0
DA:1662,0
DA:1663,0
DA:1665,0
DA:1667,0
DA:1668,0
DA:1670,0
DA:1672,0
DA:1673,0
DA:1675,0
DA:1677,0
DA:1678,0
DA:1680,0
DA:1682,0
DA:1683,0
DA:1684,0
DA:1689,0
DA:1691,0
DA:1694,0
DA:1695,0
DA:1697,0
DA:1698,0
DA:1699,0
DA:1700,0
DA:1707,0
DA:1711,0
DA:1714,0
DA:1715,0
DA:1717,0
DA:1719,0
DA:1720,0
DA:1722,0
DA:1725,0
DA:1726,0
DA:1728,0
DA:1730,0
DA:1731,0
DA:1733,0
DA:1734,0
DA:1738,0
DA:1741,0
DA:1746,0
DA:1747,0
DA:1748,0
DA:1750,0
DA:1751,0
DA:1752,0
DA:1753,0
DA:1755,0
DA:1756,0
DA:1757,0
DA:1758,0
DA:1762,0
DA:1763,0
DA:1767,0
DA:1768,0
DA:1773,0
DA:1774,0
DA:1777,0
DA:1778,0
DA:1779,0
DA:1781,0
DA:1782,0
DA:1783,0
DA:1784,0
DA:1788,0
DA:1789,0
DA:1793,0
DA:1794,0
DA:1799,0
DA:1800,0
DA:1803,0
DA:1805,0
DA:1806,0
DA:1807,0
DA:1809,0
DA:1810,0
DA:1811,0
DA:1812,0
DA:1816,0
DA:1817,0
DA:1821,0
DA:1822,0
DA:1826,0
DA:1827,0
DA:1831,0
DA:1832,0
DA:1837,0
DA:1838,0
DA:1841,0
DA:1842,0
DA:1843,0
DA:1845,0
DA:1846,0
DA:1847,0
DA:1848,0
DA:1852,0
DA:1853,0
DA:1858,0
DA:1859,0
DA:1862,0
DA:1863,0
DA:1864,0
DA:1866,0
DA:1867,0
DA:1868,0
DA:1869,0
DA:1873,0
DA:1874,0
DA:1878,0
DA:1879,0
DA:1884,0
DA:1885,0
LF:885
LH:4
end_of_record
SF:lib/src/features/settings/presentation/premium_screen.dart
DA:16,2
DA:157,2
DA:159,0
DA:161,0
DA:218,0
DA:224,0
DA:225,0
DA:226,0
DA:393,0
DA:394,0
DA:395,0
DA:396,0
DA:400,0
DA:402,0
DA:403,0
DA:406,0
DA:407,0
DA:408,0
DA:409,0
DA:410,0
DA:411,0
DA:412,0
DA:413,0
DA:417,0
DA:419,0
DA:420,0
DA:421,0
DA:424,0
DA:425,0
DA:428,0
DA:430,0
DA:431,0
DA:432,0
DA:434,0
DA:437,0
DA:438,0
DA:439,0
DA:440,0
DA:441,0
DA:443,0
DA:444,0
DA:445,0
DA:446,0
DA:449,0
DA:450,0
DA:451,0
DA:452,0
DA:453,0
DA:454,0
DA:457,0
DA:458,0
DA:460,0
DA:464,0
DA:465,0
DA:467,0
DA:468,0
DA:469,0
DA:471,0
DA:473,0
DA:474,0
DA:476,0
DA:477,0
DA:478,0
DA:481,0
DA:482,0
DA:484,0
DA:488,0
DA:489,0
DA:491,0
DA:492,0
DA:493,0
DA:494,0
DA:495,0
DA:497,0
DA:498,0
DA:500,0
DA:504,0
DA:505,0
DA:506,0
DA:507,0
DA:513,0
DA:518,0
DA:519,0
DA:522,0
DA:523,0
DA:525,0
DA:527,0
DA:528,0
DA:538,0
DA:541,0
DA:548,0
DA:551,0
DA:557,0
DA:559,0
DA:560,0
DA:561,0
DA:562,0
DA:564,0
DA:568,0
DA:569,0
DA:571,0
DA:572,0
DA:582,0
DA:584,0
DA:587,0
DA:588,0
DA:594,0
DA:601,0
DA:603,0
DA:604,0
DA:605,0
DA:608,0
DA:609,0
DA:610,0
DA:614,0
DA:619,0
DA:626,0
DA:627,0
DA:628,0
DA:632,0
DA:633,0
DA:634,0
DA:640,0
DA:642,0
DA:643,0
DA:645,0
DA:648,0
DA:651,0
DA:653,0
DA:654,0
DA:655,0
DA:663,0
DA:666,0
DA:669,0
DA:671,0
DA:672,0
DA:673,0
DA:682,0
DA:683,0
DA:685,0
DA:687,0
DA:690,0
DA:691,0
DA:692,0
DA:694,0
DA:695,0
DA:705,0
DA:708,0
DA:709,0
DA:718,0
DA:719,0
DA:721,0
DA:722,0
DA:726,0
DA:727,0
DA:728,0
DA:736,0
DA:739,0
DA:741,0
DA:742,0
DA:743,0
DA:744,0
DA:749,0
DA:750,0
DA:752,0
DA:753,0
DA:754,0
DA:755,0
DA:769,0
DA:770,0
DA:771,0
DA:772,0
DA:773,0
DA:774,0
DA:775,0
DA:776,0
DA:778,0
DA:779,0
DA:781,0
DA:784,0
DA:785,0
DA:786,0
DA:805,0
DA:806,0
DA:807,0
DA:809,0
DA:810,0
DA:811,0
DA:812,0
DA:813,0
DA:820,0
DA:821,0
DA:822,0
DA:823,0
DA:824,0
DA:827,0
DA:830,0
DA:832,0
DA:833,0
DA:839,0
DA:842,0
DA:845,0
DA:847,0
DA:848,0
DA:854,0
DA:856,0
DA:858,0
DA:859,0
DA:861,0
DA:862,0
DA:865,0
DA:866,0
DA:867,0
DA:869,0
DA:870,0
DA:871,0
DA:874,0
DA:878,0
DA:879,0
DA:880,0
DA:883,0
DA:886,0
DA:887,0
DA:888,0
DA:889,0
DA:891,0
DA:893,0
DA:894,0
DA:895,0
DA:900,0
DA:902,0
DA:903,0
DA:904,0
DA:907,0
DA:909,0
DA:910,0
DA:911,0
DA:912,0
DA:918,0
DA:920,0
DA:925,0
DA:926,0
DA:927,0
DA:929,0
DA:930,0
DA:931,0
DA:935,0
DA:936,0
DA:937,0
DA:938,0
DA:939,0
DA:940,0
DA:942,0
DA:943,0
DA:945,0
DA:948,0
DA:949,0
DA:950,0
DA:951,0
DA:953,0
DA:954,0
DA:956,0
DA:960,0
DA:961,0
DA:962,0
DA:963,0
DA:980,0
DA:982,0
DA:984,0
DA:986,0
DA:987,0
DA:988,0
DA:991,0
DA:992,0
DA:995,0
DA:997,0
DA:1001,0
DA:1002,0
DA:1003,0
DA:1014,0
DA:1016,0
DA:1018,0
DA:1019,0
DA:1021,0
DA:1022,0
DA:1024,0
DA:1025,0
DA:1026,0
DA:1037,0
DA:1038,0
DA:1039,0
DA:1044,0
DA:1045,0
DA:1046,0
DA:1047,0
DA:1048,0
DA:1052,0
DA:1054,0
DA:1056,0
DA:1057,0
DA:1058,0
DA:1062,0
DA:1063,0
DA:1066,0
DA:1068,0
DA:1070,0
DA:1082,0
DA:1098,0
DA:1102,0
DA:1103,0
DA:1104,0
DA:1105,0
DA:1107,0
DA:1108,0
DA:1109,0
DA:1110,0
DA:1111,0
DA:1112,0
DA:1117,0
DA:1118,0
DA:1119,0
DA:1120,0
DA:1121,0
DA:1122,0
DA:1123,0
DA:1126,0
DA:1127,0
DA:1128,0
DA:1129,0
DA:1131,0
DA:1132,0
DA:1133,0
DA:1137,0
DA:1138,0
DA:1140,0
DA:1141,0
DA:1143,0
DA:1144,0
DA:1145,0
DA:1146,0
DA:1147,0
DA:1149,0
DA:1153,0
DA:1154,0
DA:1163,0
DA:1165,0
DA:1166,0
DA:1178,0
DA:1198,0
DA:1200,0
DA:1201,0
DA:1209,0
DA:1210,0
DA:1211,0
DA:1212,0
DA:1214,0
DA:1215,0
DA:1216,0
DA:1217,0
DA:1218,0
DA:1221,0
DA:1224,0
DA:1225,0
DA:1227,0
DA:1228,0
DA:1229,0
DA:1230,0
DA:1233,0
DA:1235,0
DA:1245,0
DA:1255,0
DA:1257,0
DA:1258,0
DA:1259,0
DA:1260,0
DA:1263,0
DA:1264,0
DA:1266,0
DA:1268,0
DA:1269,0
DA:1270,0
DA:1271,0
DA:1272,0
DA:1274,0
DA:1276,0
DA:1277,0
DA:1278,0
LF:387
LH:2
end_of_record
SF:lib/src/features/profile/presentation/profile_detail_screen.dart
DA:29,0
DA:35,0
DA:37,0
DA:53,0
DA:55,0
DA:56,0
DA:57,0
DA:59,0
DA:60,0
DA:63,0
DA:65,0
DA:66,0
DA:67,0
DA:68,0
DA:69,0
DA:72,0
DA:73,0
DA:74,0
DA:75,0
DA:77,0
DA:78,0
DA:79,0
DA:81,0
DA:82,0
DA:84,0
DA:87,0
DA:91,0
DA:95,0
DA:98,0
DA:99,0
DA:100,0
DA:101,0
DA:102,0
DA:103,0
DA:104,0
DA:108,0
DA:110,0
DA:111,0
DA:112,0
DA:113,0
DA:114,0
DA:118,0
DA:119,0
DA:120,0
DA:122,0
DA:123,0
DA:127,0
DA:128,0
DA:132,0
DA:133,0
DA:135,0
DA:136,0
DA:138,0
DA:139,0
DA:140,0
DA:142,0
DA:148,0
DA:149,0
DA:150,0
DA:152,0
DA:154,0
DA:155,0
DA:156,0
DA:157,0
DA:158,0
DA:159,0
DA:160,0
DA:161,0
DA:162,0
DA:163,0
DA:164,0
DA:165,0
DA:167,0
DA:171,0
DA:172,0
DA:173,0
DA:176,0
DA:178,0
DA:180,0
DA:181,0
DA:183,0
DA:184,0
DA:185,0
DA:186,0
DA:187,0
DA:190,0
DA:191,0
DA:196,0
DA:197,0
DA:199,0
DA:200,0
DA:203,0
DA:204,0
DA:208,0
DA:211,0
DA:212,0
DA:218,0
DA:220,0
DA:222,0
DA:223,0
DA:226,0
DA:233,0
DA:237,0
DA:250,0
DA:253,0
DA:254,0
DA:255,0
DA:259,0
DA:260,0
DA:262,0
DA:263,0
DA:264,0
DA:265,0
DA:267,0
DA:272,0
DA:282,0
DA:284,0
DA:285,0
DA:289,0
DA:293,0
DA:298,0
DA:300,0
DA:303,0
DA:318,0
DA:320,0
DA:321,0
DA:322,0
DA:341,0
DA:342,0
DA:344,0
DA:345,0
DA:346,0
DA:347,0
DA:349,0
DA:353,0
DA:354,0
DA:357,0
DA:361,0
DA:363,0
DA:365,0
DA:366,0
DA:369,0
DA:371,0
DA:381,0
DA:383,0
DA:385,0
DA:386,0
DA:389,0
DA:391,0
DA:397,0
DA:399,0
DA:400,0
DA:404,0
DA:405,0
DA:406,0
DA:407,0
DA:408,0
DA:409,0
DA:410,0
DA:411,0
DA:412,0
DA:416,0
DA:421,0
DA:424,0
DA:425,0
DA:428,0
DA:431,0
DA:441,0
DA:444,0
DA:445,0
DA:448,0
DA:450,0
DA:461,0
DA:462,0
DA:463,0
DA:464,0
DA:468,0
DA:469,0
DA:470,0
DA:472,0
DA:474,0
DA:475,0
DA:477,0
DA:478,0
DA:480,0
DA:481,0
DA:491,0
DA:492,0
DA:496,0
DA:497,0
DA:498,0
DA:499,0
DA:500,0
DA:503,0
DA:504,0
DA:505,0
DA:510,0
DA:518,0
DA:520,0
DA:521,0
DA:522,0
DA:523,0
DA:526,0
DA:530,0
DA:531,0
DA:534,0
DA:536,0
DA:537,0
DA:538,0
DA:539,0
DA:540,0
DA:547,0
DA:552,0
DA:556,0
DA:557,0
DA:558,0
DA:559,0
DA:563,0
DA:564,0
DA:565,0
DA:566,0
DA:568,0
DA:570,0
DA:577,0
DA:578,0
DA:579,0
DA:580,0
DA:581,0
DA:583,0
DA:584,0
DA:585,0
DA:586,0
DA:592,0
DA:593,0
DA:595,0
DA:596,0
DA:599,0
DA:602,0
DA:604,0
DA:606,0
DA:609,0
DA:623,0
DA:625,0
DA:627,0
DA:628,0
DA:630,0
DA:635,0
DA:636,0
DA:637,0
DA:639,0
DA:644,0
DA:645,0
DA:647,0
DA:652,0
DA:653,0
DA:655,0
DA:660,0
DA:661,0
DA:663,0
DA:669,0
DA:677,0
DA:679,0
DA:681,0
DA:683,0
DA:685,0
DA:692,0
DA:694,0
DA:695,0
DA:698,0
DA:700,0
DA:701,0
DA:702,0
DA:705,0
DA:707,0
DA:708,0
DA:709,0
DA:712,0
DA:713,0
DA:714,0
DA:715,0
DA:717,0
DA:719,0
DA:720,0
DA:721,0
DA:723,0
DA:726,0
DA:727,0
DA:728,0
DA:729,0
DA:738,0
DA:742,0
DA:743,0
DA:744,0
DA:748,0
DA:758,0
DA:759,0
DA:761,0
DA:764,0
DA:765,0
DA:766,0
DA:770,0
DA:773,0
DA:782,0
DA:785,0
DA:786,0
DA:787,0
DA:788,0
DA:793,0
DA:794,0
DA:795,0
DA:796,0
DA:801,0
DA:802,0
DA:803,0
DA:804,0
DA:809,0
DA:810,0
DA:811,0
DA:812,0
DA:817,0
DA:818,0
DA:819,0
DA:820,0
DA:825,0
DA:826,0
DA:827,0
DA:828,0
DA:833,0
DA:834,0
DA:835,0
DA:836,0
DA:844,0
DA:846,0
DA:848,0
DA:849,0
DA:850,0
DA:853,0
DA:860,0
DA:862,0
DA:863,0
DA:866,0
DA:867,0
DA:868,0
DA:869,0
DA:870,0
DA:871,0
DA:878,0
DA:879,0
DA:880,0
DA:881,0
DA:882,0
DA:883,0
DA:884,0
DA:886,0
DA:888,0
DA:889,0
DA:892,0
DA:893,0
DA:896,0
DA:906,0
DA:908,0
DA:910,0
DA:912,0
DA:914,0
DA:916,0
DA:918,0
DA:920,0
DA:921,0
DA:923,0
DA:927,0
DA:928,0
DA:929,0
DA:930,0
DA:931,0
DA:932,0
DA:933,0
DA:934,0
DA:935,0
DA:938,0
DA:952,0
DA:953,0
DA:959,0
DA:960,0
DA:962,0
DA:963,0
DA:967,0
DA:969,0
DA:971,0
DA:972,0
DA:973,0
DA:974,0
DA:975,0
DA:981,0
DA:983,0
DA:984,0
DA:986,0
DA:987,0
DA:989,0
DA:990,0
DA:992,0
DA:1005,0
DA:1007,0
DA:1008,0
DA:1009,0
DA:1010,0
DA:1011,0
DA:1015,0
DA:1017,0
DA:1018,0
DA:1021,0
DA:1023,0
DA:1026,0
DA:1028,0
DA:1030,0
DA:1031,0
DA:1032,0
DA:1034,0
DA:1037,0
DA:1040,0
DA:1041,0
DA:1042,0
DA:1054,0
DA:1057,0
DA:1059,0
DA:1079,0
DA:1086,0
DA:1088,0
DA:1089,0
DA:1091,0
DA:1092,0
DA:1094,0
DA:1097,0
DA:1099,0
DA:1101,0
DA:1102,0
DA:1104,0
DA:1106,0
DA:1107,0
DA:1108,0
DA:1111,0
DA:1112,0
DA:1125,0
DA:1128,0
DA:1130,0
DA:1131,0
DA:1132,0
DA:1135,0
DA:1136,0
DA:1137,0
DA:1138,0
DA:1140,0
DA:1141,0
DA:1142,0
DA:1143,0
DA:1163,0
DA:1171,0
DA:1172,0
DA:1195,0
DA:1197,0
DA:1198,0
DA:1202,0
DA:1203,0
DA:1204,0
DA:1205,0
DA:1206,0
DA:1207,0
DA:1208,0
DA:1209,0
DA:1210,0
DA:1214,0
DA:1215,0
DA:1216,0
DA:1217,0
DA:1219,0
DA:1220,0
DA:1224,0
DA:1227,0
DA:1229,0
DA:1230,0
DA:1231,0
DA:1232,0
DA:1234,0
DA:1235,0
DA:1236,0
DA:1240,0
DA:1242,0
DA:1243,0
DA:1244,0
DA:1247,0
DA:1248,0
DA:1249,0
DA:1252,0
DA:1254,0
DA:1255,0
DA:1257,0
DA:1258,0
DA:1259,0
DA:1260,0
DA:1261,0
DA:1262,0
DA:1263,0
DA:1264,0
DA:1265,0
DA:1267,0
DA:1270,0
DA:1271,0
DA:1272,0
DA:1273,0
DA:1275,0
DA:1277,0
DA:1279,0
DA:1280,0
DA:1297,0
DA:1299,0
DA:1301,0
DA:1302,0
DA:1303,0
DA:1304,0
DA:1306,0
DA:1307,0
DA:1308,0
DA:1309,0
DA:1311,0
DA:1312,0
DA:1313,0
DA:1314,0
DA:1318,0
DA:1319,0
LF:528
LH:0
end_of_record
SF:lib/src/features/profile/presentation/profile_card_preview.dart
DA:16,2
DA:18,0
DA:19,0
DA:29,0
DA:31,0
DA:32,0
DA:33,0
DA:34,0
DA:37,0
DA:38,0
DA:39,0
DA:40,0
DA:42,0
DA:44,0
DA:45,0
DA:46,0
DA:48,0
DA:49,0
DA:50,0
DA:52,0
DA:53,0
DA:56,0
DA:60,0
DA:62,0
DA:63,0
DA:64,0
DA:73,0
DA:74,0
DA:75,0
DA:77,0
DA:78,0
DA:79,0
DA:80,0
DA:81,0
DA:82,0
DA:83,0
DA:84,0
DA:85,0
DA:86,0
DA:87,0
DA:88,0
DA:90,0
DA:94,0
DA:95,0
DA:96,0
DA:99,0
DA:101,0
DA:103,0
DA:104,0
DA:106,0
DA:107,0
DA:108,0
DA:109,0
DA:110,0
DA:111,0
DA:113,0
DA:114,0
DA:115,0
DA:116,0
DA:118,0
DA:119,0
DA:120,0
DA:124,0
DA:132,0
DA:133,0
DA:137,0
DA:140,0
DA:141,0
DA:147,0
DA:149,0
DA:151,0
DA:152,0
DA:155,0
DA:169,0
DA:170,0
DA:172,0
DA:173,0
DA:174,0
DA:175,0
DA:181,0
DA:183,0
DA:184,0
DA:185,0
DA:188,0
DA:191,0
DA:192,0
DA:194,0
DA:205,0
DA:207,0
DA:208,0
DA:218,0
DA:219,0
DA:221,0
DA:222,0
DA:223,0
DA:224,0
DA:226,0
DA:230,0
DA:231,0
DA:234,0
DA:237,0
DA:239,0
DA:241,0
DA:242,0
DA:245,0
DA:247,0
DA:257,0
DA:259,0
DA:261,0
DA:262,0
DA:265,0
DA:267,0
DA:273,0
DA:275,0
DA:277,0
DA:278,0
DA:281,0
DA:283,0
DA:289,0
DA:291,0
DA:292,0
DA:297,0
DA:298,0
DA:299,0
DA:300,0
DA:301,0
DA:302,0
DA:303,0
DA:304,0
DA:305,0
DA:306,0
DA:308,0
DA:309,0
DA:311,0
DA:314,0
DA:316,0
DA:317,0
DA:318,0
DA:321,0
DA:323,0
DA:324,0
DA:327,0
DA:328,0
DA:333,0
DA:338,0
DA:341,0
DA:342,0
DA:347,0
DA:348,0
DA:352,0
DA:355,0
DA:361,0
DA:362,0
DA:365,0
DA:368,0
DA:369,0
DA:370,0
DA:372,0
DA:381,0
DA:382,0
DA:383,0
DA:384,0
DA:385,0
DA:386,0
DA:387,0
DA:388,0
DA:389,0
DA:391,0
DA:402,0
DA:403,0
DA:405,0
DA:408,0
DA:409,0
DA:410,0
DA:414,0
DA:417,0
DA:426,0
DA:429,0
DA:430,0
DA:431,0
DA:432,0
DA:437,0
DA:438,0
DA:439,0
DA:440,0
DA:445,0
DA:446,0
DA:447,0
DA:448,0
DA:453,0
DA:454,0
DA:455,0
DA:456,0
DA:461,0
DA:462,0
DA:463,0
DA:464,0
DA:469,0
DA:470,0
DA:471,0
DA:472,0
DA:477,0
DA:478,0
DA:479,0
DA:480,0
DA:488,0
DA:490,0
DA:492,0
DA:493,0
DA:494,0
DA:497,0
DA:504,0
DA:506,0
DA:507,0
DA:510,0
DA:511,0
DA:512,0
DA:513,0
DA:514,0
DA:515,0
DA:522,0
DA:523,0
DA:524,0
DA:525,0
DA:526,0
DA:527,0
DA:528,0
DA:530,0
DA:532,0
DA:533,0
DA:536,0
DA:537,0
DA:540,0
DA:550,0
DA:552,0
DA:554,0
DA:556,0
DA:558,0
DA:560,0
DA:562,0
DA:564,0
DA:565,0
DA:567,0
DA:571,0
DA:572,0
DA:573,0
DA:574,0
DA:575,0
DA:576,0
DA:577,0
DA:578,0
DA:579,0
DA:582,0
DA:596,0
DA:597,0
DA:602,0
DA:604,0
DA:605,0
DA:609,0
DA:611,0
DA:613,0
DA:614,0
DA:615,0
DA:616,0
DA:617,0
DA:623,0
DA:625,0
DA:626,0
DA:628,0
DA:629,0
DA:631,0
DA:632,0
DA:634,0
DA:647,0
DA:649,0
DA:650,0
DA:651,0
DA:652,0
DA:653,0
DA:657,0
DA:659,0
DA:660,0
DA:663,0
DA:665,0
DA:668,0
DA:670,0
DA:672,0
DA:673,0
DA:674,0
DA:676,0
DA:679,0
DA:682,0
DA:683,0
DA:684,0
DA:696,0
DA:699,0
DA:701,0
DA:714,0
DA:716,0
DA:718,0
DA:720,0
DA:722,0
DA:729,0
DA:731,0
DA:732,0
DA:735,0
DA:737,0
DA:738,0
DA:739,0
DA:742,0
DA:744,0
DA:745,0
DA:746,0
DA:749,0
DA:750,0
DA:751,0
DA:752,0
DA:754,0
DA:756,0
DA:757,0
DA:758,0
DA:760,0
DA:763,0
DA:764,0
DA:765,0
DA:766,0
DA:775,0
DA:779,0
DA:780,0
DA:781,0
DA:785,0
DA:795,0
DA:803,0
DA:804,0
DA:806,0
DA:807,0
DA:809,0
DA:817,0
DA:818,0
DA:820,0
DA:823,0
DA:828,0
DA:829,0
DA:831,0
DA:840,0
DA:848,0
DA:857,0
DA:862,0
DA:865,0
DA:867,0
DA:869,0
DA:870,0
DA:872,0
DA:874,0
DA:875,0
DA:877,0
DA:878,0
DA:880,0
DA:897,0
DA:904,0
DA:906,0
DA:907,0
DA:909,0
DA:910,0
DA:912,0
DA:915,0
DA:917,0
DA:919,0
DA:920,0
DA:922,0
DA:924,0
DA:925,0
DA:926,0
DA:929,0
DA:930,0
LF:375
LH:1
end_of_record
SF:lib/src/features/profile/presentation/edit_profile_screen.dart
DA:26,2
DA:28,0
DA:29,0
DA:75,0
DA:77,0
DA:78,0
DA:80,0
DA:81,0
DA:82,0
DA:83,0
DA:85,0
DA:86,0
DA:90,0
DA:91,0
DA:97,0
DA:106,0
DA:114,0
DA:120,0
DA:121,0
DA:122,0
DA:123,0
DA:124,0
DA:125,0
DA:126,0
DA:127,0
DA:128,0
DA:129,0
DA:130,0
DA:131,0
DA:134,0
DA:135,0
DA:136,0
DA:137,0
DA:138,0
DA:139,0
DA:140,0
DA:141,0
DA:142,0
DA:146,0
DA:151,0
DA:156,0
DA:160,0
DA:166,0
DA:173,0
DA:174,0
DA:181,0
DA:182,0
DA:185,0
DA:186,0
DA:187,0
DA:188,0
DA:189,0
DA:190,0
DA:191,0
DA:192,0
DA:195,0
DA:196,0
DA:197,0
DA:198,0
DA:199,0
DA:200,0
DA:201,0
DA:202,0
DA:203,0
DA:204,0
DA:205,0
DA:206,0
DA:207,0
DA:208,0
DA:209,0
DA:211,0
DA:213,0
DA:214,0
DA:215,0
DA:216,0
DA:217,0
DA:218,0
DA:221,0
DA:222,0
DA:225,0
DA:227,0
DA:228,0
DA:229,0
DA:230,0
DA:231,0
DA:232,0
DA:233,0
DA:234,0
DA:235,0
DA:238,0
DA:239,0
DA:240,0
DA:241,0
DA:243,0
DA:244,0
DA:245,0
DA:246,0
DA:247,0
DA:248,0
DA:249,0
DA:250,0
DA:251,0
DA:254,0
DA:258,0
DA:261,0
DA:310,0
DA:311,0
DA:312,0
DA:315,0
DA:316,0
DA:317,0
DA:320,0
DA:321,0
DA:322,0
DA:323,0
DA:324,0
DA:325,0
DA:328,0
DA:329,0
DA:330,0
DA:333,0
DA:334,0
DA:337,0
DA:341,0
DA:343,0
DA:344,0
DA:346,0
DA:352,0
DA:353,0
DA:355,0
DA:356,0
DA:357,0
DA:358,0
DA:359,0
DA:360,0
DA:361,0
DA:362,0
DA:363,0
DA:364,0
DA:365,0
DA:366,0
DA:369,0
DA:370,0
DA:371,0
DA:373,0
DA:374,0
DA:376,0
DA:377,0
DA:378,0
DA:379,0
DA:380,0
DA:381,0
DA:382,0
DA:383,0
DA:384,0
DA:385,0
DA:386,0
DA:387,0
DA:388,0
DA:389,0
DA:390,0
DA:392,0
DA:394,0
DA:400,0
DA:401,0
DA:403,0
DA:404,0
DA:405,0
DA:407,0
DA:408,0
DA:411,0
DA:419,0
DA:420,0
DA:422,0
DA:425,0
DA:428,0
DA:429,0
DA:430,0
DA:431,0
DA:432,0
DA:433,0
DA:434,0
DA:437,0
DA:438,0
DA:439,0
DA:440,0
DA:441,0
DA:442,0
DA:452,0
DA:453,0
DA:454,0
DA:455,0
DA:461,0
DA:462,0
DA:463,0
DA:464,0
DA:465,0
DA:467,0
DA:468,0
DA:472,0
DA:473,0
DA:474,0
DA:478,0
DA:483,0
DA:484,0
DA:485,0
DA:486,0
DA:487,0
DA:488,0
DA:489,0
DA:491,0
DA:493,0
DA:502,0
DA:503,0
DA:504,0
DA:506,0
DA:508,0
DA:509,0
DA:511,0
DA:512,0
DA:513,0
DA:514,0
DA:516,0
DA:517,0
DA:518,0
DA:523,0
DA:524,0
DA:525,0
DA:526,0
DA:528,0
DA:529,0
DA:530,0
DA:531,0
DA:532,0
DA:540,0
DA:542,0
DA:548,0
DA:549,0
DA:550,0
DA:551,0
DA:552,0
DA:553,0
DA:554,0
DA:555,0
DA:556,0
DA:562,0
DA:563,0
DA:564,0
DA:566,0
DA:567,0
DA:569,0
DA:570,0
DA:571,0
DA:572,0
DA:573,0
DA:574,0
DA:575,0
DA:576,0
DA:577,0
DA:578,0
DA:579,0
DA:580,0
DA:581,0
DA:582,0
DA:584,0
DA:587,0
DA:588,0
DA:593,0
DA:594,0
DA:595,0
DA:599,0
DA:600,0
DA:601,0
DA:608,0
DA:609,0
DA:610,0
DA:611,0
DA:613,0
DA:614,0
DA:618,0
DA:619,0
DA:620,0
DA:621,0
DA:622,0
DA:623,0
DA:624,0
DA:625,0
DA:626,0
DA:627,0
DA:629,0
DA:630,0
DA:640,0
DA:641,0
DA:642,0
DA:644,0
DA:645,0
DA:646,0
DA:648,0
DA:649,0
DA:650,0
DA:652,0
DA:653,0
DA:654,0
DA:656,0
DA:657,0
DA:658,0
DA:660,0
DA:661,0
DA:662,0
DA:664,0
DA:665,0
DA:666,0
DA:670,0
DA:671,0
DA:672,0
DA:673,0
DA:674,0
DA:675,0
DA:676,0
DA:677,0
DA:678,0
DA:679,0
DA:688,0
DA:689,0
DA:690,0
DA:692,0
DA:693,0
DA:695,0
DA:697,0
DA:698,0
DA:699,0
DA:700,0
DA:701,0
DA:703,0
DA:705,0
DA:706,0
DA:708,0
DA:710,0
DA:711,0
DA:713,0
DA:715,0
DA:716,0
DA:717,0
DA:719,0
DA:720,0
DA:721,0
DA:723,0
DA:724,0
DA:725,0
DA:727,0
DA:728,0
DA:729,0
DA:731,0
DA:732,0
DA:733,0
DA:735,0
DA:736,0
DA:737,0
DA:738,0
DA:742,0
DA:743,0
DA:745,0
DA:746,0
DA:754,0
DA:755,0
DA:756,0
DA:758,0
DA:759,0
DA:760,0
DA:761,0
DA:763,0
DA:764,0
DA:765,0
DA:766,0
DA:768,0
DA:771,0
DA:772,0
DA:773,0
DA:783,0
DA:784,0
DA:785,0
DA:786,0
DA:787,0
DA:789,0
DA:790,0
DA:792,0
DA:793,0
DA:797,0
DA:799,0
DA:800,0
DA:806,0
DA:807,0
DA:808,0
DA:809,0
DA:810,0
DA:817,0
DA:819,0
DA:820,0
DA:821,0
DA:823,0
DA:825,0
DA:828,0
DA:829,0
DA:831,0
DA:832,0
DA:845,0
DA:846,0
DA:847,0
DA:848,0
DA:849,0
DA:850,0
DA:851,0
DA:852,0
DA:853,0
DA:854,0
DA:855,0
DA:857,0
DA:860,0
DA:861,0
DA:862,0
DA:865,0
DA:868,0
DA:924,0
DA:925,0
DA:926,0
DA:928,0
DA:929,0
DA:930,0
DA:932,0
DA:938,0
DA:939,0
DA:940,0
DA:941,0
DA:942,0
DA:943,0
DA:944,0
DA:945,0
DA:947,0
DA:948,0
DA:949,0
DA:950,0
DA:968,0
DA:976,0
DA:978,0
DA:979,0
DA:982,0
DA:983,0
DA:984,0
DA:985,0
DA:986,0
DA:989,0
DA:990,0
DA:996,0
DA:998,0
DA:1000,0
DA:1003,0
DA:1005,0
DA:1009,0
DA:1011,0
DA:1012,0
DA:1013,0
DA:1015,0
DA:1016,0
DA:1017,0
DA:1018,0
DA:1020,0
DA:1030,0
DA:1032,0
DA:1033,0
DA:1035,0
DA:1036,0
DA:1038,0
DA:1040,0
DA:1044,0
DA:1046,0
DA:1047,0
DA:1048,0
DA:1050,0
DA:1051,0
DA:1052,0
DA:1057,0
DA:1059,0
DA:1060,0
DA:1061,0
DA:1062,0
DA:1064,0
DA:1065,0
DA:1073,0
DA:1074,0
DA:1077,0
DA:1080,0
DA:1082,0
DA:1087,0
DA:1088,0
DA:1089,0
DA:1090,0
DA:1091,0
DA:1092,0
DA:1098,0
DA:1099,0
DA:1100,0
DA:1101,0
DA:1108,0
DA:1109,0
DA:1110,0
DA:1114,0
DA:1115,0
DA:1117,0
DA:1118,0
DA:1119,0
DA:1120,0
DA:1121,0
DA:1122,0
DA:1123,0
DA:1125,0
DA:1127,0
DA:1128,0
DA:1129,0
DA:1136,0
DA:1149,0
DA:1171,0
DA:1173,0
DA:1174,0
DA:1175,0
DA:1176,0
DA:1178,0
DA:1179,0
DA:1180,0
DA:1181,0
DA:1183,0
DA:1184,0
DA:1185,0
DA:1186,0
DA:1194,0
DA:1196,0
DA:1198,0
DA:1199,0
DA:1200,0
DA:1201,0
DA:1202,0
DA:1204,0
DA:1206,0
DA:1207,0
DA:1208,0
DA:1209,0
DA:1212,0
DA:1213,0
DA:1215,0
DA:1216,0
DA:1217,0
DA:1219,0
DA:1220,0
DA:1223,0
DA:1224,0
DA:1227,0
DA:1235,0
DA:1238,0
DA:1239,0
DA:1240,0
DA:1255,0
DA:1256,0
DA:1257,0
DA:1258,0
DA:1261,0
DA:1262,0
DA:1263,0
DA:1266,0
DA:1267,0
DA:1274,0
DA:1276,0
DA:1291,0
DA:1321,0
DA:1323,0
DA:1325,0
DA:1327,0
DA:1328,0
DA:1329,0
DA:1331,0
DA:1332,0
DA:1333,0
DA:1334,0
DA:1342,0
DA:1343,0
DA:1344,0
DA:1348,0
DA:1349,0
DA:1350,0
DA:1351,0
DA:1352,0
DA:1354,0
DA:1355,0
DA:1357,0
DA:1359,0
DA:1361,0
DA:1363,0
DA:1364,0
DA:1365,0
DA:1366,0
DA:1374,0
DA:1375,0
DA:1376,0
DA:1378,0
DA:1379,0
DA:1380,0
DA:1381,0
DA:1389,0
DA:1391,0
DA:1392,0
DA:1393,0
DA:1394,0
DA:1395,0
DA:1400,0
DA:1401,0
DA:1402,0
DA:1403,0
DA:1404,0
DA:1405,0
DA:1406,0
DA:1407,0
DA:1408,0
DA:1409,0
DA:1410,0
DA:1411,0
DA:1416,0
DA:1417,0
DA:1418,0
DA:1421,0
DA:1422,0
DA:1423,0
DA:1426,0
DA:1427,0
DA:1429,0
DA:1430,0
DA:1431,0
DA:1432,0
DA:1433,0
DA:1439,0
DA:1440,0
DA:1442,0
DA:1455,0
DA:1456,0
DA:1457,0
DA:1458,0
DA:1459,0
DA:1460,0
DA:1461,0
DA:1463,0
DA:1464,0
DA:1467,0
DA:1468,0
DA:1469,0
DA:1470,0
DA:1473,0
DA:1474,0
DA:1476,0
DA:1477,0
DA:1486,0
DA:1488,0
DA:1491,0
DA:1492,0
DA:1495,0
DA:1497,0
DA:1498,0
DA:1499,0
DA:1511,0
DA:1569,0
DA:1571,0
DA:1573,0
DA:1575,0
DA:1577,0
DA:1579,0
DA:1583,0
DA:1585,0
DA:1589,0
DA:1591,0
DA:1592,0
DA:1594,0
DA:1595,0
DA:1596,0
DA:1598,0
DA:1600,0
DA:1601,0
DA:1602,0
DA:1605,0
DA:1607,0
DA:1608,0
DA:1609,0
DA:1612,0
DA:1614,0
DA:1615,0
DA:1616,0
DA:1618,0
DA:1619,0
DA:1621,0
DA:1622,0
DA:1623,0
DA:1627,0
DA:1630,0
DA:1632,0
DA:1633,0
DA:1634,0
DA:1636,0
DA:1637,0
DA:1638,0
DA:1639,0
DA:1641,0
DA:1643,0
DA:1646,0
DA:1647,0
DA:1648,0
DA:1650,0
DA:1652,0
DA:1653,0
DA:1655,0
DA:1657,0
DA:1658,0
DA:1660,0
DA:1662,0
DA:1663,0
DA:1665,0
DA:1667,0
DA:1668,0
DA:1670,0
DA:1672,0
DA:1673,0
DA:1675,0
DA:1677,0
DA:1678,0
DA:1680,0
DA:1683,0
DA:1684,0
DA:1688,0
DA:1690,0
DA:1692,0
DA:1693,0
DA:1694,0
DA:1695,0
DA:1696,0
DA:1697,0
DA:1698,0
DA:1699,0
DA:1701,0
DA:1703,0
DA:1706,0
DA:1707,0
DA:1708,0
DA:1711,0
DA:1712,0
DA:1715,0
DA:1716,0
DA:1719,0
DA:1720,0
DA:1724,0
DA:1725,0
DA:1729,0
DA:1731,0
DA:1733,0
DA:1734,0
DA:1735,0
DA:1736,0
DA:1737,0
DA:1738,0
DA:1739,0
DA:1740,0
DA:1742,0
DA:1744,0
DA:1747,0
DA:1748,0
DA:1749,0
DA:1752,0
DA:1754,0
DA:1755,0
DA:1758,0
DA:1760,0
DA:1761,0
DA:1764,0
DA:1766,0
DA:1767,0
DA:1770,0
DA:1772,0
DA:1773,0
DA:1776,0
DA:1778,0
DA:1779,0
DA:1782,0
DA:1784,0
DA:1785,0
DA:1788,0
DA:1791,0
DA:1792,0
DA:1796,0
DA:1801,0
DA:1802,0
DA:1803,0
DA:1804,0
DA:1806,0
DA:1808,0
DA:1809,0
DA:1818,0
DA:1819,0
DA:1821,0
DA:1822,0
DA:1824,0
DA:1826,0
DA:1827,0
DA:1828,0
DA:1837,0
DA:1838,0
DA:1839,0
DA:1840,0
DA:1841,0
DA:1842,0
DA:1846,0
DA:1847,0
DA:1852,0
DA:1853,0
DA:1854,0
DA:1855,0
DA:1856,0
DA:1857,0
DA:1859,0
DA:1861,0
DA:1863,0
DA:1864,0
DA:1865,0
DA:1867,0
DA:1868,0
DA:1870,0
DA:1871,0
DA:1873,0
DA:1874,0
DA:1875,0
DA:1876,0
DA:1877,0
DA:1878,0
DA:1879,0
DA:1886,0
DA:1887,0
DA:1888,0
DA:1889,0
DA:1890,0
DA:1891,0
DA:1893,0
DA:1896,0
DA:1897,0
DA:1898,0
DA:1900,0
DA:1905,0
DA:1911,0
DA:1912,0
DA:1913,0
DA:1914,0
DA:1915,0
DA:1916,0
DA:1917,0
DA:1922,0
DA:1924,0
DA:1925,0
DA:1926,0
DA:1927,0
DA:1928,0
DA:1929,0
DA:1930,0
DA:1933,0
DA:1935,0
DA:1937,0
DA:1939,0
DA:1940,0
DA:1943,0
DA:1944,0
DA:1948,0
DA:1949,0
DA:1950,0
DA:1951,0
DA:1952,0
DA:1953,0
DA:1956,0
DA:1957,0
DA:1959,0
DA:1964,0
DA:1968,0
DA:1969,0
DA:1970,0
DA:1971,0
DA:1972,0
DA:1976,0
DA:1977,0
DA:1982,0
DA:1984,0
DA:1985,0
DA:1986,0
DA:1987,0
DA:1988,0
DA:1989,0
DA:1990,0
DA:1993,0
DA:1995,0
DA:1997,0
DA:1998,0
[...]
DA:150,0
DA:152,0
DA:153,0
DA:155,0
DA:170,0
DA:173,0
DA:174,0
DA:175,0
DA:177,0
DA:178,0
DA:180,0
DA:181,0
DA:184,0
DA:187,0
DA:188,0
DA:189,0
DA:190,0
LF:74
LH:0
end_of_record
SF:lib/src/shared/widgets/radar_painter.dart
DA:17,1
DA:28,1
DA:30,5
DA:31,2
DA:34,1
DA:35,3
DA:36,1
DA:37,1
DA:39,2
DA:40,3
DA:44,1
DA:45,3
DA:46,1
DA:47,5
DA:48,4
DA:49,5
DA:50,4
DA:53,3
DA:54,1
DA:55,2
DA:56,1
DA:58,1
DA:60,2
DA:61,2
DA:64,2
DA:65,1
DA:67,1
DA:68,1
DA:69,3
DA:70,1
DA:71,1
DA:72,1
DA:76,1
DA:77,1
DA:78,1
DA:81,4
DA:82,4
DA:83,1
DA:84,3
DA:85,1
DA:86,2
DA:89,1
DA:90,3
DA:91,1
DA:92,1
DA:97,2
DA:98,0
DA:99,0
DA:100,0
DA:102,0
DA:103,0
DA:105,0
DA:106,0
DA:107,0
DA:108,0
DA:110,0
DA:115,1
DA:116,0
DA:120,2
DA:121,0
DA:125,0
DA:126,0
DA:127,0
DA:128,0
DA:129,0
DA:130,0
DA:131,0
DA:132,0
DA:135,0
DA:136,0
DA:137,0
DA:138,0
DA:139,0
DA:142,0
DA:143,0
DA:144,0
DA:145,0
DA:146,0
DA:147,0
DA:148,0
DA:149,0
DA:150,0
DA:154,0
DA:155,0
DA:156,0
DA:157,0
DA:160,0
DA:161,0
DA:162,0
DA:163,0
DA:164,0
DA:167,1
DA:169,3
DA:170,3
DA:171,3
DA:172,3
DA:173,3
DA:174,3
LF:98
LH:55
end_of_record
SF:lib/src/shared/ui/skeleton.dart
DA:14,2
DA:21,0
DA:22,0
DA:30,0
DA:32,0
DA:33,0
DA:36,0
DA:37,0
DA:38,0
DA:42,0
DA:44,0
DA:45,0
DA:48,0
DA:50,0
DA:51,0
DA:52,0
DA:53,0
DA:54,0
DA:55,0
DA:56,0
DA:58,0
DA:59,0
DA:60,0
DA:75,0
DA:81,0
DA:82,0
DA:89,0
DA:91,0
DA:92,0
DA:93,0
DA:97,0
DA:99,0
DA:100,0
DA:103,0
DA:105,0
LF:35
LH:1
end_of_record
SF:lib/src/features/profile/domain/public_profile.dart
DA:13,2
DA:23,0
DA:24,0
DA:25,0
DA:26,0
DA:27,0
DA:28,0
DA:29,0
DA:30,0
DA:31,0
DA:32,0
DA:37,8
LF:12
LH:2
end_of_record
SF:lib/src/features/recap/data/viewed_recaps_repository.dart
DA:6,0
DA:7,0
DA:10,0
DA:11,0
DA:12,0
DA:14,0
DA:15,0
DA:16,0
DA:17,0
DA:18,0
DA:19,0
DA:25,0
DA:30,0
DA:31,0
DA:32,0
DA:35,0
DA:36,0
DA:37,0
DA:38,0
DA:39,0
DA:40,0
DA:41,0
DA:46,0
DA:51,0
DA:52,0
DA:61,1
DA:67,1
DA:70,1
DA:71,2
DA:72,5
DA:73,2
DA:74,0
DA:77,2
LF:33
LH:7
end_of_record
SF:lib/src/features/recap/providers/recap_ttl_provider.dart
DA:5,2
DA:6,1
DA:7,1
DA:8,1
DA:16,3
DA:21,1
DA:25,1
DA:26,0
DA:27,0
DA:33,2
DA:37,1
DA:38,1
DA:40,3
DA:41,3
DA:42,3
DA:43,1
DA:44,1
DA:47,2
DA:48,0
DA:49,0
DA:54,1
DA:56,2
DA:57,1
LF:23
LH:19
end_of_record
SF:lib/src/features/safety/screen_protection_service.dart
DA:14,0
DA:18,1
DA:22,0
DA:24,0
DA:25,0
DA:31,1
DA:35,0
DA:37,0
DA:38,0
DA:46,1
DA:48,0
DA:49,0
DA:53,1
DA:55,0
DA:56,0
DA:63,2
DA:65,0
DA:67,0
DA:69,0
DA:70,0
LF:20
LH:5
end_of_record
SF:lib/src/features/dashboard/presentation/widgets/spotlight_painter.dart
DA:8,0
DA:14,0
DA:16,0
DA:17,0
DA:18,0
DA:20,0
DA:21,0
DA:22,0
DA:23,0
DA:24,0
DA:30,0
DA:32,0
DA:33,0
DA:34,0
DA:35,0
DA:36,0
DA:38,0
DA:41,0
DA:43,0
DA:44,0
DA:45,0
LF:21
LH:0
end_of_record
SF:lib/src/features/gym/application/gym_selection_notifier.dart
DA:16,0
DA:18,0
DA:22,0
DA:23,0
DA:24,0
DA:26,0
DA:27,0
DA:31,0
DA:32,0
DA:33,0
DA:36,0
DA:37,0
DA:41,0
DA:42,0
LF:14
LH:0
end_of_record
SF:lib/src/shared/ui/tremble_header.dart
DA:15,0
DA:25,0
DA:27,0
DA:30,0
DA:31,0
DA:32,0
DA:33,0
DA:35,0
DA:37,0
DA:39,0
DA:40,0
DA:41,0
DA:42,0
DA:45,0
DA:48,0
DA:49,0
DA:53,0
DA:64,0
DA:65,0
DA:67,0
DA:68,0
DA:71,0
DA:72,0
DA:73,0
DA:74,0
DA:75,0
DA:77,0
DA:83,0
DA:84,0
DA:86,0
DA:87,0
DA:90,0
DA:92,0
LF:33
LH:0
end_of_record
SF:lib/src/features/map/domain/safe_zone_model.dart
DA:12,0
DA:21,0
DA:29,0
DA:30,0
DA:31,0
DA:32,0
DA:33,0
DA:34,0
DA:35,0
DA:39,0
DA:40,0
DA:41,0
DA:42,0
DA:43,0
DA:44,0
DA:45,0
DA:46,0
DA:50,0
DA:51,0
DA:52,0
DA:53,0
DA:54,0
DA:55,0
DA:56,0
DA:57,0
DA:61,0
DA:63,0
DA:64,0
LF:28
LH:0
end_of_record
SF:lib/src/features/map/presentation/event_pin_sheet.dart
DA:17,0
DA:38,0
DA:47,0
DA:49,0
DA:51,0
DA:53,0
DA:55,0
DA:56,0
DA:57,0
DA:58,0
DA:61,0
DA:62,0
DA:64,0
DA:65,0
DA:66,0
DA:72,0
DA:74,0
DA:77,0
DA:79,0
DA:80,0
DA:83,0
DA:84,0
DA:85,0
DA:90,0
DA:91,0
DA:94,0
DA:96,0
DA:98,0
DA:99,0
DA:101,0
DA:102,0
DA:104,0
DA:105,0
DA:106,0
DA:107,0
DA:114,0
DA:115,0
DA:116,0
DA:117,0
DA:118,0
DA:119,0
DA:122,0
DA:133,0
DA:134,0
DA:135,0
DA:136,0
DA:138,0
DA:139,0
DA:140,0
DA:141,0
DA:142,0
DA:144,0
DA:145,0
DA:146,0
DA:147,0
DA:148,0
DA:151,0
DA:152,0
DA:154,0
DA:155,0
DA:156,0
DA:158,0
DA:159,0
DA:162,0
DA:163,0
DA:164,0
DA:165,0
DA:167,0
DA:169,0
DA:170,0
DA:171,0
DA:173,0
DA:179,0
DA:180,0
DA:182,0
DA:184,0
DA:185,0
DA:186,0
DA:187,0
DA:191,0
DA:207,0
DA:209,0
DA:211,0
DA:214,0
DA:220,0
DA:221,0
DA:223,0
DA:224,0
DA:227,0
DA:228,0
DA:230,0
DA:231,0
DA:232,0
DA:233,0
DA:239,0
DA:240,0
DA:241,0
DA:244,0
DA:258,0
DA:260,0
DA:262,0
DA:263,0
DA:266,0
DA:267,0
DA:269,0
DA:270,0
DA:271,0
DA:272,0
DA:278,0
DA:279,0
DA:280,0
DA:294,0
DA:297,0
DA:299,0
DA:300,0
DA:301,0
DA:303,0
DA:304,0
DA:305,0
DA:320,0
DA:322,0
DA:324,0
DA:325,0
DA:326,0
DA:328,0
DA:330,0
DA:337,0
DA:339,0
DA:340,0
DA:341,0
DA:343,0
DA:345,0
DA:347,0
DA:364,0
DA:367,0
DA:369,0
DA:370,0
DA:371,0
DA:372,0
DA:373,0
DA:375,0
DA:376,0
DA:377,0
DA:378,0
DA:381,0
DA:385,0
DA:387,0
DA:389,0
DA:390,0
DA:392,0
DA:393,0
DA:394,0
DA:411,0
DA:414,0
DA:416,0
DA:417,0
DA:418,0
DA:419,0
DA:420,0
DA:421,0
DA:422,0
DA:423,0
DA:426,0
DA:429,0
DA:431,0
DA:432,0
DA:433,0
DA:434,0
DA:435,0
DA:438,0
DA:440,0
DA:444,0
DA:445,0
DA:446,0
DA:449,0
DA:463,0
DA:465,0
DA:467,0
DA:469,0
DA:470,0
DA:472,0
DA:473,0
DA:474,0
DA:475,0
DA:476,0
DA:479,0
DA:481,0
DA:485,0
DA:486,0
DA:487,0
DA:507,0
DA:510,0
DA:512,0
DA:514,0
DA:515,0
DA:516,0
DA:518,0
DA:520,0
DA:521,0
DA:525,0
DA:526,0
DA:527,0
LF:202
LH:0
end_of_record
SF:lib/src/features/match/presentation/wave_controller.dart
DA:11,3
DA:21,1
DA:22,1
DA:25,1
DA:29,1
DA:35,3
DA:37,1
DA:38,3
DA:44,1
DA:47,1
DA:52,2
DA:53,1
DA:55,2
DA:56,2
DA:60,0
DA:61,2
DA:63,3
DA:65,1
DA:70,1
DA:71,2
LF:20
LH:19
end_of_record
SF:lib/src/features/match/presentation/wave_controller.g.dart
DA:9,1
DA:13,2
DA:14,1
LF:3
LH:3
end_of_record
SF:lib/src/features/match/presentation/widgets/match_reveal_overlay.dart
DA:26,0
DA:32,0
DA:33,0
DA:80,0
DA:82,0
DA:84,0
DA:86,0
DA:89,0
DA:91,0
DA:92,0
DA:95,0
DA:97,0
DA:98,0
DA:99,0
DA:100,0
DA:101,0
DA:104,0
DA:106,0
DA:107,0
DA:108,0
DA:109,0
DA:113,0
DA:116,0
DA:118,0
DA:119,0
DA:121,0
DA:123,0
DA:126,0
DA:127,0
DA:128,0
DA:130,0
DA:131,0
DA:132,0
DA:134,0
DA:135,0
DA:136,0
DA:138,0
DA:139,0
DA:140,0
DA:141,0
DA:143,0
DA:144,0
DA:145,0
DA:147,0
DA:148,0
DA:149,0
DA:151,0
DA:152,0
DA:155,0
DA:157,0
DA:158,0
DA:159,0
DA:160,0
DA:161,0
DA:167,0
DA:169,0
DA:170,0
DA:171,0
DA:172,0
DA:173,0
DA:174,0
DA:175,0
DA:180,0
DA:182,0
DA:184,0
DA:186,0
DA:187,0
DA:188,0
DA:189,0
DA:190,0
DA:191,0
DA:192,0
DA:193,0
DA:194,0
DA:196,0
DA:197,0
DA:198,0
DA:201,0
DA:202,0
DA:203,0
DA:205,0
DA:207,0
DA:210,0
DA:211,0
DA:213,0
DA:214,0
DA:216,0
DA:222,0
DA:224,0
DA:225,0
DA:226,0
DA:239,0
DA:240,0
DA:241,0
DA:264,0
DA:265,0
DA:266,0
DA:267,0
DA:268,0
DA:269,0
DA:271,0
DA:280,0
DA:281,0
DA:284,0
DA:303,0
DA:305,0
DA:309,0
DA:310,0
DA:314,0
DA:316,0
DA:318,0
DA:321,0
DA:323,0
DA:325,0
DA:328,0
DA:331,0
DA:332,0
DA:336,0
DA:338,0
DA:339,0
DA:341,0
DA:343,0
DA:348,0
DA:349,0
DA:350,0
DA:352,0
DA:353,0
DA:364,0
DA:382,0
DA:384,0
DA:386,0
DA:387,0
DA:388,0
DA:391,0
DA:392,0
DA:393,0
DA:394,0
DA:395,0
DA:396,0
DA:397,0
DA:401,0
DA:403,0
DA:404,0
DA:405,0
DA:406,0
DA:407,0
DA:408,0
DA:409,0
DA:410,0
DA:411,0
DA:413,0
DA:416,0
DA:417,0
DA:418,0
DA:419,0
DA:421,0
DA:422,0
DA:423,0
DA:424,0
DA:425,0
DA:426,0
DA:427,0
DA:434,0
DA:435,0
DA:454,0
DA:455,0
DA:456,0
DA:457,0
DA:458,0
DA:459,0
DA:460,0
DA:461,0
DA:462,0
DA:463,0
DA:464,0
DA:482,0
DA:484,0
DA:486,0
DA:488,0
DA:489,0
DA:490,0
DA:492,0
DA:493,0
DA:495,0
DA:496,0
DA:498,0
DA:500,0
DA:501,0
DA:503,0
DA:504,0
DA:505,0
DA:507,0
DA:509,0
DA:510,0
DA:511,0
DA:513,0
DA:514,0
DA:516,0
DA:517,0
DA:519,0
DA:520,0
DA:526,0
DA:530,0
DA:531,0
LF:204
LH:0
end_of_record
SF:lib/src/features/safety/presentation/widgets/ugc_action_sheet.dart
DA:16,0
DA:22,0
DA:24,0
DA:30,0
DA:31,0
DA:35,0
DA:37,0
DA:39,0
DA:44,0
DA:45,0
DA:47,0
DA:49,0
DA:52,0
DA:54,0
DA:58,0
DA:60,0
DA:61,0
DA:62,0
DA:67,0
DA:68,0
DA:69,0
DA:72,0
DA:73,0
DA:75,0
DA:76,0
DA:77,0
DA:82,0
DA:83,0
DA:84,0
DA:94,0
DA:95,0
DA:97,0
DA:100,0
DA:101,0
DA:102,0
DA:103,0
DA:108,0
DA:109,0
DA:110,0
DA:112,0
DA:113,0
DA:114,0
DA:115,0
DA:116,0
DA:117,0
DA:120,0
DA:121,0
DA:124,0
DA:125,0
DA:128,0
DA:129,0
DA:131,0
DA:132,0
DA:133,0
DA:134,0
DA:135,0
DA:136,0
DA:141,0
DA:142,0
DA:152,0
DA:153,0
DA:154,0
DA:163,0
DA:164,0
DA:166,0
DA:167,0
DA:176,0
DA:182,0
DA:183,0
DA:191,0
DA:192,0
DA:193,0
DA:194,0
DA:195,0
DA:196,0
DA:199,0
DA:201,0
DA:202,0
DA:205,0
DA:206,0
DA:207,0
DA:210,0
DA:211,0
DA:212,0
DA:213,0
DA:215,0
DA:216,0
DA:217,0
DA:218,0
DA:219,0
DA:220,0
DA:225,0
DA:226,0
DA:227,0
DA:238,0
DA:240,0
DA:241,0
DA:243,0
DA:246,0
DA:248,0
DA:249,0
DA:250,0
DA:255,0
DA:257,0
DA:258,0
DA:261,0
DA:262,0
DA:263,0
DA:264,0
DA:267,0
DA:268,0
DA:269,0
DA:271,0
DA:273,0
DA:279,0
DA:281,0
DA:282,0
DA:283,0
DA:284,0
DA:286,0
DA:292,0
DA:293,0
DA:294,0
DA:295,0
DA:297,0
DA:298,0
DA:299,0
DA:300,0
DA:301,0
DA:303,0
DA:304,0
DA:306,0
DA:308,0
DA:310,0
DA:314,0
DA:315,0
DA:316,0
DA:317,0
DA:322,0
DA:323,0
DA:325,0
DA:326,0
DA:328,0
DA:329,0
DA:330,0
DA:331,0
DA:335,0
DA:337,0
DA:339,0
DA:340,0
DA:341,0
DA:342,0
LF:152
LH:0
end_of_record
SF:lib/src/features/settings/presentation/widgets/preference_edit_modal.dart
DA:18,0
DA:31,0
DA:35,0
DA:47,0
DA:48,0
DA:68,0
DA:84,0
DA:86,0
DA:95,0
DA:97,0
DA:99,0
DA:100,0
DA:101,0
DA:103,0
DA:104,0
DA:105,0
DA:107,0
DA:108,0
DA:112,0
DA:114,0
DA:115,0
DA:119,0
DA:120,0
DA:121,0
DA:122,0
DA:125,0
DA:126,0
DA:127,0
DA:128,0
DA:129,0
DA:130,0
DA:132,0
DA:133,0
DA:134,0
DA:135,0
DA:141,0
DA:153,0
DA:154,0
DA:156,0
DA:157,0
DA:166,0
DA:168,0
DA:172,0
DA:173,0
DA:174,0
DA:175,0
DA:181,0
DA:182,0
DA:184,0
DA:185,0
DA:193,0
DA:194,0
DA:196,0
DA:209,0
DA:211,0
DA:219,0
DA:220,0
DA:221,0
DA:222,0
DA:227,0
DA:229,0
DA:231,0
DA:232,0
DA:236,0
DA:237,0
DA:239,0
DA:241,0
DA:242,0
DA:243,0
DA:245,0
DA:246,0
DA:247,0
DA:248,0
DA:250,0
DA:252,0
DA:253,0
DA:254,0
DA:257,0
DA:258,0
DA:259,0
DA:260,0
DA:264,0
DA:266,0
DA:268,0
DA:271,0
DA:273,0
DA:278,0
DA:280,0
DA:281,0
DA:282,0
DA:283,0
DA:286,0
DA:287,0
DA:288,0
DA:298,0
DA:299,0
DA:300,0
DA:301,0
DA:302,0
DA:305,0
DA:306,0
DA:309,0
DA:310,0
DA:311,0
DA:312,0
DA:318,0
DA:319,0
DA:320,0
DA:321,0
DA:322,0
DA:327,0
DA:328,0
DA:330,0
DA:331,0
DA:333,0
DA:334,0
DA:335,0
DA:336,0
DA:338,0
DA:339,0
DA:340,0
DA:343,0
DA:344,0
DA:345,0
DA:354,0
DA:355,0
DA:356,0
DA:358,0
DA:365,0
DA:367,0
DA:368,0
DA:369,0
DA:370,0
DA:371,0
DA:372,0
DA:377,0
DA:378,0
DA:379,0
DA:380,0
DA:387,0
DA:388,0
DA:389,0
DA:393,0
DA:394,0
DA:396,0
DA:397,0
DA:399,0
DA:400,0
DA:401,0
DA:402,0
DA:403,0
DA:405,0
DA:407,0
DA:409,0
DA:410,0
DA:427,0
DA:443,0
DA:447,0
DA:460,0
DA:461,0
DA:462,0
DA:483,0
DA:499,0
DA:500,0
DA:506,0
DA:508,0
DA:509,0
DA:512,0
DA:513,0
DA:514,0
DA:516,0
DA:518,0
DA:520,0
DA:522,0
DA:523,0
DA:525,0
DA:526,0
DA:528,0
DA:530,0
DA:531,0
DA:532,0
DA:533,0
DA:534,0
DA:536,0
DA:538,0
DA:539,0
DA:540,0
DA:543,0
DA:544,0
DA:545,0
DA:546,0
DA:550,0
DA:552,0
DA:554,0
DA:557,0
DA:559,0
DA:563,0
DA:565,0
DA:566,0
DA:567,0
DA:568,0
DA:571,0
DA:572,0
DA:573,0
DA:583,0
DA:584,0
DA:585,0
DA:592,0
DA:593,0
DA:595,0
DA:597,0
DA:598,0
DA:599,0
DA:602,0
DA:603,0
DA:609,0
DA:610,0
DA:611,0
DA:612,0
DA:613,0
DA:616,0
DA:617,0
DA:619,0
DA:620,0
DA:621,0
DA:622,0
DA:623,0
DA:624,0
DA:625,0
DA:630,0
DA:631,0
DA:632,0
DA:633,0
DA:640,0
DA:641,0
DA:642,0
DA:646,0
DA:647,0
DA:649,0
DA:650,0
DA:651,0
DA:669,0
DA:682,0
DA:686,0
DA:696,0
DA:697,0
DA:698,0
DA:716,0
DA:729,0
DA:730,0
DA:738,0
DA:740,0
DA:741,0
DA:744,0
DA:746,0
DA:747,0
DA:750,0
DA:751,0
DA:752,0
DA:755,0
DA:764,0
DA:765,0
DA:767,0
DA:768,0
DA:770,0
DA:772,0
DA:776,0
DA:777,0
DA:778,0
DA:779,0
DA:785,0
DA:786,0
DA:787,0
DA:788,0
DA:797,0
DA:799,0
DA:804,0
DA:806,0
DA:813,0
DA:815,0
DA:817,0
DA:818,0
DA:822,0
DA:824,0
DA:826,0
DA:828,0
DA:829,0
DA:830,0
DA:831,0
DA:832,0
DA:833,0
DA:836,0
DA:837,0
DA:838,0
DA:839,0
DA:843,0
DA:845,0
DA:847,0
DA:850,0
DA:852,0
DA:857,0
DA:859,0
DA:860,0
DA:861,0
DA:862,0
DA:865,0
DA:866,0
DA:867,0
DA:868,0
DA:869,0
DA:870,0
DA:881,0
DA:882,0
DA:883,0
DA:884,0
DA:885,0
DA:889,0
DA:890,0
DA:891,0
DA:892,0
DA:893,0
DA:894,0
DA:895,0
DA:896,0
DA:897,0
DA:898,0
DA:900,0
DA:901,0
DA:902,0
DA:908,0
DA:909,0
DA:910,0
DA:911,0
DA:921,0
DA:922,0
DA:923,0
DA:925,0
DA:926,0
DA:927,0
DA:928,0
DA:929,0
DA:930,0
DA:932,0
DA:934,0
DA:935,0
DA:941,0
DA:942,0
DA:943,0
DA:945,0
DA:946,0
DA:947,0
DA:948,0
DA:949,0
DA:950,0
DA:951,0
DA:953,0
DA:955,0
DA:956,0
DA:957,0
DA:958,0
DA:960,0
DA:962,0
DA:964,0
DA:966,0
DA:974,0
DA:979,0
DA:981,0
DA:982,0
DA:983,0
DA:984,0
DA:985,0
DA:986,0
DA:991,0
DA:992,0
DA:993,0
DA:994,0
DA:1001,0
DA:1002,0
DA:1003,0
DA:1007,0
DA:1008,0
DA:1010,0
DA:1011,0
DA:1012,0
DA:1031,0
DA:1040,0
DA:1044,0
DA:1050,0
DA:1051,0
DA:1052,0
DA:1054,0
DA:1068,0
DA:1078,0
DA:1079,0
DA:1085,0
DA:1087,0
DA:1088,0
DA:1091,0
DA:1093,0
DA:1095,0
DA:1097,0
DA:1098,0
DA:1102,0
DA:1103,0
DA:1105,0
DA:1107,0
DA:1108,0
DA:1109,0
DA:1110,0
DA:1111,0
DA:1113,0
DA:1115,0
DA:1116,0
DA:1117,0
DA:1120,0
DA:1121,0
DA:1122,0
DA:1123,0
DA:1127,0
DA:1129,0
DA:1130,0
DA:1133,0
DA:1135,0
DA:1139,0
DA:1140,0
DA:1141,0
DA:1149,0
DA:1150,0
DA:1151,0
DA:1153,0
DA:1154,0
DA:1156,0
DA:1157,0
DA:1158,0
DA:1163,0
DA:1165,0
DA:1167,0
DA:1168,0
DA:1176,0
DA:1177,0
DA:1178,0
DA:1179,0
DA:1180,0
DA:1188,0
DA:1195,0
DA:1196,0
DA:1197,0
DA:1198,0
DA:1199,0
DA:1200,0
DA:1201,0
DA:1206,0
DA:1207,0
DA:1208,0
DA:1209,0
DA:1216,0
DA:1217,0
DA:1218,0
DA:1222,0
DA:1223,0
DA:1225,0
DA:1226,0
DA:1228,0
DA:1229,0
DA:1244,0
DA:1251,0
DA:1253,0
DA:1255,0
DA:1259,0
DA:1260,0
DA:1261,0
DA:1263,0
DA:1264,0
DA:1266,0
DA:1271,0
DA:1273,0
DA:1274,0
DA:1277,0
DA:1279,0
DA:1283,0
DA:1284,0
DA:1285,0
DA:1286,0
DA:1288,0
DA:1295,0
DA:1296,0
DA:1297,0
DA:1298,0
DA:1300,0
DA:1302,0
DA:1311,0
DA:1312,0
DA:1313,0
DA:1315,0
DA:1317,0
DA:1321,0
DA:1323,0
DA:1324,0
DA:1329,0
DA:1333,0
DA:1338,0
DA:1340,0
DA:1341,0
DA:1343,0
DA:1344,0
DA:1345,0
LF:506
LH:0
end_of_record
SF:lib/src/features/settings/presentation/widgets/preference_pill_row.dart
DA:29,0
DA:43,0
DA:45,0
DA:48,0
DA:49,0
DA:51,0
DA:52,0
DA:57,0
DA:59,0
DA:61,0
DA:62,0
DA:63,0
DA:64,0
DA:68,0
DA:69,0
DA:70,0
DA:71,0
DA:73,0
DA:74,0
DA:75,0
DA:78,0
DA:79,0
DA:80,0
DA:83,0
DA:94,0
DA:95,0
DA:96,0
DA:104,0
DA:106,0
DA:107,0
DA:108,0
DA:110,0
DA:111,0
DA:112,0
DA:113,0
DA:114,0
DA:115,0
DA:118,0
DA:130,0
DA:132,0
DA:133,0
DA:134,0
DA:135,0
DA:139,0
DA:141,0
DA:142,0
DA:144,0
DA:149,0
DA:150,0
DA:151,0
DA:154,0
DA:157,0
DA:163,0
DA:166,0
LF:54
LH:0
end_of_record
SF:lib/src/shared/ui/center_notification.dart
DA:6,0
DA:11,0
DA:14,0
DA:15,0
DA:18,0
DA:19,0
DA:20,0
DA:26,0
DA:35,0
DA:40,0
DA:42,0
DA:44,0
DA:54,0
DA:56,0
DA:57,0
DA:62,0
DA:63,0
DA:66,0
DA:67,0
DA:70,0
DA:72,0
DA:73,0
DA:74,0
DA:79,0
DA:80,0
DA:81,0
DA:82,0
DA:83,0
DA:88,0
DA:90,0
DA:91,0
DA:94,0
DA:96,0
DA:97,0
DA:99,0
DA:100,0
DA:102,0
DA:103,0
DA:104,0
DA:105,0
DA:106,0
DA:107,0
DA:109,0
DA:111,0
DA:112,0
DA:113,0
DA:114,0
DA:120,0
DA:122,0
DA:123,0
DA:126,0
DA:127,0
DA:130,0
DA:131,0
DA:139,0
DA:141,0
DA:142,0
DA:144,0
LF:58
LH:0
end_of_record
SF:lib/src/shared/ui/discard_changes_modal.dart
DA:8,0
DA:10,0
DA:11,0
DA:12,0
DA:14,0
DA:15,0
DA:19,0
DA:20,0
DA:22,0
DA:24,0
DA:25,0
DA:27,0
DA:28,0
DA:30,0
DA:32,0
DA:34,0
DA:36,0
DA:39,0
DA:43,0
DA:46,0
DA:48,0
DA:52,0
DA:53,0
DA:54,0
DA:55,0
DA:56,0
DA:57,0
DA:58,0
DA:59,0
DA:63,0
DA:65,0
DA:66,0
DA:73,0
DA:74,0
DA:75,0
DA:76,0
DA:77,0
LF:37
LH:0
end_of_record
SF:lib/src/shared/ui/tremble_circle_button.dart
DA:11,1
DA:19,1
DA:21,3
DA:25,0
DA:26,1
DA:28,0
DA:29,1
DA:30,1
DA:32,1
DA:33,0
DA:34,0
DA:35,0
DA:37,1
DA:38,1
DA:39,1
DA:40,1
DA:41,1
DA:42,1
DA:43,1
DA:46,1
DA:48,1
DA:49,4
LF:22
LH:17
end_of_record
SF:lib/src/features/safety/data/safety_repository.dart
DA:6,0
DA:7,0
DA:13,0
DA:16,0
DA:17,0
DA:21,0
DA:22,0
DA:26,0
DA:28,0
LF:9
LH:0
end_of_record
SF:lib/src/features/settings/presentation/settings_controller.dart
DA:15,4
DA:16,1
DA:17,2
DA:25,1
DA:27,4
DA:28,0
DA:32,0
DA:33,0
DA:35,0
DA:40,0
DA:41,0
DA:42,0
DA:49,0
DA:50,0
DA:55,0
DA:56,0
DA:59,0
DA:60,0
DA:63,0
DA:64,0
DA:67,0
DA:68,0
DA:73,0
DA:74,0
DA:82,0
DA:83,0
DA:84,0
DA:89,0
DA:90,0
DA:91,0
DA:92,0
DA:96,0
DA:97,0
DA:98,0
DA:99,0
DA:100,0
DA:101,0
DA:105,1
DA:106,1
DA:109,2
DA:110,1
DA:111,3
DA:112,2
DA:114,2
DA:115,1
DA:116,2
DA:117,1
DA:119,5
DA:123,1
DA:124,2
DA:127,0
DA:128,0
DA:129,0
DA:130,0
DA:134,0
DA:135,0
DA:136,0
DA:137,0
DA:141,0
DA:142,0
DA:147,0
DA:148,0
DA:153,0
DA:154,0
DA:160,0
DA:161,0
DA:172,0
DA:183,0
DA:185,0
DA:186,0
DA:187,0
DA:188,0
DA:189,0
DA:195,0
DA:210,0
DA:225,0
DA:227,0
DA:228,0
DA:229,0
DA:230,0
DA:231,0
DA:237,0
DA:249,0
DA:250,0
DA:257,0
DA:265,0
DA:271,0
DA:272,0
DA:279,0
DA:281,0
DA:282,0
DA:285,0
DA:287,0
DA:289,0
DA:290,0
DA:291,0
DA:292,0
LF:97
LH:18
end_of_record
SF:lib/src/features/settings/presentation/widgets/phone_edit_modal.dart
DA:13,2
DA:83,0
DA:84,0
DA:88,0
DA:89,0
DA:90,0
DA:92,0
DA:93,0
DA:94,0
DA:95,0
DA:96,0
DA:97,0
DA:100,0
DA:103,0
DA:114,0
DA:118,0
DA:126,0
DA:127,0
DA:128,0
DA:135,0
DA:155,0
DA:156,0
DA:163,0
DA:165,0
DA:166,0
DA:167,0
DA:168,0
DA:171,0
DA:173,0
DA:174,0
DA:177,0
DA:178,0
DA:179,0
DA:180,0
DA:183,0
DA:185,0
DA:186,0
DA:189,0
DA:192,0
DA:194,0
DA:199,0
DA:202,0
DA:204,0
DA:205,0
DA:206,0
DA:207,0
DA:211,0
DA:213,0
DA:215,0
DA:218,0
DA:220,0
DA:225,0
DA:227,0
DA:228,0
DA:229,0
DA:231,0
DA:232,0
DA:233,0
DA:243,0
DA:244,0
DA:245,0
DA:246,0
DA:248,0
DA:249,0
DA:250,0
DA:251,0
DA:252,0
DA:255,0
DA:256,0
DA:257,0
DA:260,0
DA:264,0
DA:266,0
DA:267,0
DA:270,0
DA:271,0
DA:272,0
DA:279,0
DA:285,0
DA:286,0
DA:287,0
DA:290,0
DA:292,0
DA:293,0
DA:294,0
DA:303,0
DA:311,0
DA:312,0
DA:313,0
DA:314,0
DA:315,0
DA:316,0
DA:321,0
DA:322,0
DA:323,0
DA:324,0
DA:331,0
DA:332,0
DA:333,0
DA:336,0
DA:338,0
DA:339,0
DA:342,0
DA:343,0
DA:345,0
DA:346,0
DA:359,0
DA:368,0
DA:369,0
DA:376,0
DA:378,0
DA:379,0
DA:382,0
DA:383,0
DA:384,0
DA:385,0
DA:388,0
DA:389,0
DA:390,0
DA:391,0
DA:395,0
DA:397,0
DA:399,0
DA:400,0
DA:401,0
DA:402,0
DA:404,0
DA:409,0
DA:410,0
DA:413,0
DA:415,0
DA:416,0
DA:418,0
DA:419,0
DA:422,0
DA:423,0
DA:424,0
DA:429,0
DA:431,0
DA:432,0
DA:433,0
DA:441,0
DA:443,0
DA:444,0
DA:445,0
DA:448,0
DA:449,0
DA:450,0
DA:451,0
DA:454,0
DA:456,0
DA:457,0
DA:458,0
DA:459,0
DA:460,0
DA:469,0
DA:470,0
DA:472,0
DA:473,0
DA:474,0
DA:475,0
DA:476,0
DA:477,0
DA:478,0
DA:479,0
DA:485,0
DA:486,0
DA:487,0
DA:490,0
LF:169
LH:1
end_of_record
SF:lib/src/features/settings/presentation/widgets/preference_range_slider.dart
DA:35,0
DA:53,0
DA:55,0
DA:56,0
DA:59,0
DA:61,0
DA:63,0
DA:65,0
DA:67,0
DA:69,0
DA:72,0
DA:73,0
DA:74,0
DA:76,0
DA:77,0
DA:79,0
DA:80,0
DA:81,0
DA:82,0
DA:85,0
DA:86,0
DA:87,0
DA:96,0
DA:97,0
DA:98,0
DA:99,0
DA:100,0
DA:110,0
DA:111,0
DA:112,0
DA:115,0
DA:120,0
DA:122,0
DA:123,0
DA:126,0
DA:135,0
DA:136,0
DA:137,0
DA:138,0
DA:139,0
DA:140,0
DA:141,0
DA:144,0
DA:145,0
DA:146,0
DA:147,0
DA:148,0
DA:150,0
DA:153,0
DA:154,0
DA:156,0
DA:158,0
DA:159,0
DA:160,0
DA:161,0
DA:162,0
LF:56
LH:0
end_of_record
SF:lib/src/shared/ui/tremble_outage_screen.dart
DA:15,1
DA:29,1
DA:46,0
DA:65,0
DA:67,0
DA:73,0
DA:79,0
DA:108,1
DA:109,1
DA:116,1
DA:118,1
DA:119,2
DA:120,1
DA:123,0
DA:125,0
DA:126,0
DA:127,0
DA:128,0
DA:132,5
DA:134,1
DA:135,1
DA:136,3
DA:137,1
DA:138,2
DA:139,1
DA:140,3
DA:141,4
DA:145,4
DA:146,2
DA:147,1
DA:152,0
DA:153,0
DA:154,0
DA:155,0
DA:158,1
DA:160,2
DA:161,1
DA:164,1
DA:166,2
DA:167,1
DA:168,2
DA:169,2
DA:170,2
DA:172,2
DA:173,3
DA:175,1
DA:177,1
DA:178,1
DA:179,1
DA:181,1
DA:183,1
DA:187,1
DA:188,1
DA:190,1
DA:191,1
DA:194,1
DA:196,1
DA:205,1
DA:206,2
DA:208,1
DA:215,1
DA:216,2
DA:218,1
DA:219,1
DA:225,2
DA:226,1
DA:227,1
DA:228,3
DA:231,1
DA:232,1
DA:233,2
DA:234,1
DA:238,3
DA:240,0
DA:241,0
DA:242,0
DA:243,0
DA:259,1
DA:261,1
DA:263,5
DA:265,1
DA:267,1
DA:268,1
DA:269,1
DA:270,1
DA:277,1
DA:278,1
DA:279,1
DA:280,1
DA:287,1
DA:289,1
DA:290,1
DA:295,1
DA:297,0
DA:298,0
DA:299,0
DA:305,0
DA:315,1
DA:323,1
DA:325,1
DA:326,1
DA:327,1
DA:330,1
DA:332,1
DA:333,1
DA:334,1
DA:335,2
DA:338,1
DA:341,1
DA:343,1
DA:344,1
DA:346,1
LF:112
LH:90
end_of_record
